[0.204s] DEBUG:colcon:Command line arguments: ['/usr/bin/colcon', 'build']
[0.204s] DEBUG:colcon:Parsed command line arguments: Namespace(log_base=None, log_level=None, verb_name='build', build_base='build', install_base='install', merge_install=False, symlink_install=False, test_result_base=None, continue_on_error=False, executor='sequential', event_handlers=None, base_paths=['.'], paths=None, cmake_args=None, cmake_target=None, cmake_target_skip_unavailable=False, cmake_clean_cache=False, cmake_clean_first=False, cmake_force_configure=False, ament_cmake_args=None, catkin_cmake_args=None, catkin_skip_building_tests=False, verb_parser=CustomArgumentParser(prog='colcon build', usage=None, description='Build a set of packages.', formatter_class=<class 'colcon_core.command.CustomFormatter'>, conflict_handler='error', add_help=True), verb_extension=<colcon_core.verb.build.BuildVerb object at 0x7fbfde8e3820>, main=<bound method BuildVerb.main of <colcon_core.verb.build.BuildVerb object at 0x7fbfde8e3820>>)
[0.229s] Level 1:colcon.colcon_core.package_discovery:discover_packages(recursive) check parameters
[0.229s] Level 1:colcon.colcon_core.package_discovery:discover_packages(path) check parameters
[0.229s] Level 1:colcon.colcon_core.package_discovery:discover_packages(recursive) discover
[0.229s] INFO:colcon.colcon_core.package_discovery:Crawling recursively for packages in '/home/robosight/workspace/arm_ws'
[0.229s] Level 1:colcon.colcon_core.package_identification:_identify(.) by extensions ['ignore', 'ignore_ament_install']
[0.229s] Level 1:colcon.colcon_core.package_identification:_identify(.) by extension 'ignore'
[0.229s] Level 1:colcon.colcon_core.package_identification:_identify(.) by extension 'ignore_ament_install'
[0.229s] Level 1:colcon.colcon_core.package_identification:_identify(.) by extensions ['ros']
[0.229s] Level 1:colcon.colcon_core.package_identification:_identify(.) by extension 'ros'
[0.242s] Level 1:colcon.colcon_core.package_identification:_identify(.) by extensions ['cmake', 'python']
[0.242s] Level 1:colcon.colcon_core.package_identification:_identify(.) by extension 'cmake'
[0.242s] Level 1:colcon.colcon_core.package_identification:_identify(.) by extension 'python'
[0.242s] Level 1:colcon.colcon_core.package_identification:_identify(.) by extensions ['python_setup_py']
[0.242s] Level 1:colcon.colcon_core.package_identification:_identify(.) by extension 'python_setup_py'
[0.242s] Level 1:colcon.colcon_core.package_identification:_identify(build) by extensions ['ignore', 'ignore_ament_install']
[0.242s] Level 1:colcon.colcon_core.package_identification:_identify(build) by extension 'ignore'
[0.242s] Level 1:colcon.colcon_core.package_identification:_identify(build) ignored
[0.242s] Level 1:colcon.colcon_core.package_identification:_identify(install) by extensions ['ignore', 'ignore_ament_install']
[0.242s] Level 1:colcon.colcon_core.package_identification:_identify(install) by extension 'ignore'
[0.242s] Level 1:colcon.colcon_core.package_identification:_identify(install) ignored
[0.242s] Level 1:colcon.colcon_core.package_identification:_identify(log) by extensions ['ignore', 'ignore_ament_install']
[0.243s] Level 1:colcon.colcon_core.package_identification:_identify(log) by extension 'ignore'
[0.243s] Level 1:colcon.colcon_core.package_identification:_identify(log) ignored
[0.243s] Level 1:colcon.colcon_core.package_identification:_identify(src) by extensions ['ignore', 'ignore_ament_install']
[0.243s] Level 1:colcon.colcon_core.package_identification:_identify(src) by extension 'ignore'
[0.243s] Level 1:colcon.colcon_core.package_identification:_identify(src) by extension 'ignore_ament_install'
[0.243s] Level 1:colcon.colcon_core.package_identification:_identify(src) by extensions ['ros']
[0.243s] Level 1:colcon.colcon_core.package_identification:_identify(src) by extension 'ros'
[0.243s] Level 1:colcon.colcon_core.package_identification:_identify(src) by extensions ['cmake', 'python']
[0.243s] Level 1:colcon.colcon_core.package_identification:_identify(src) by extension 'cmake'
[0.243s] Level 1:colcon.colcon_core.package_identification:_identify(src) by extension 'python'
[0.243s] Level 1:colcon.colcon_core.package_identification:_identify(src) by extensions ['python_setup_py']
[0.243s] Level 1:colcon.colcon_core.package_identification:_identify(src) by extension 'python_setup_py'
[0.243s] Level 1:colcon.colcon_core.package_identification:_identify(src/control_interfaces) by extensions ['ignore', 'ignore_ament_install']
[0.243s] Level 1:colcon.colcon_core.package_identification:_identify(src/control_interfaces) by extension 'ignore'
[0.244s] Level 1:colcon.colcon_core.package_identification:_identify(src/control_interfaces) by extension 'ignore_ament_install'
[0.244s] Level 1:colcon.colcon_core.package_identification:_identify(src/control_interfaces) by extensions ['ros']
[0.244s] Level 1:colcon.colcon_core.package_identification:_identify(src/control_interfaces) by extension 'ros'
[0.246s] DEBUG:colcon.colcon_core.package_identification:Package 'src/control_interfaces' with type 'ros.ament_cmake' and name 'control_interfaces'
[0.246s] Level 1:colcon.colcon_core.package_identification:_identify(src/kuka_kr6_support) by extensions ['ignore', 'ignore_ament_install']
[0.246s] Level 1:colcon.colcon_core.package_identification:_identify(src/kuka_kr6_support) by extension 'ignore'
[0.246s] Level 1:colcon.colcon_core.package_identification:_identify(src/kuka_kr6_support) by extension 'ignore_ament_install'
[0.246s] Level 1:colcon.colcon_core.package_identification:_identify(src/kuka_kr6_support) by extensions ['ros']
[0.246s] Level 1:colcon.colcon_core.package_identification:_identify(src/kuka_kr6_support) by extension 'ros'
[0.247s] DEBUG:colcon.colcon_core.package_identification:Package 'src/kuka_kr6_support' with type 'ros.ament_cmake' and name 'kuka_kr6_support'
[0.247s] Level 1:colcon.colcon_core.package_identification:_identify(src/kuka_resources) by extensions ['ignore', 'ignore_ament_install']
[0.247s] Level 1:colcon.colcon_core.package_identification:_identify(src/kuka_resources) by extension 'ignore'
[0.247s] Level 1:colcon.colcon_core.package_identification:_identify(src/kuka_resources) by extension 'ignore_ament_install'
[0.247s] Level 1:colcon.colcon_core.package_identification:_identify(src/kuka_resources) by extensions ['ros']
[0.247s] Level 1:colcon.colcon_core.package_identification:_identify(src/kuka_resources) by extension 'ros'
[0.248s] DEBUG:colcon.colcon_core.package_identification:Package 'src/kuka_resources' with type 'ros.ament_cmake' and name 'kuka_resources'
[0.248s] Level 1:colcon.colcon_core.package_identification:_identify(src/rpi_joint_jogger) by extensions ['ignore', 'ignore_ament_install']
[0.248s] Level 1:colcon.colcon_core.package_identification:_identify(src/rpi_joint_jogger) by extension 'ignore'
[0.248s] Level 1:colcon.colcon_core.package_identification:_identify(src/rpi_joint_jogger) by extension 'ignore_ament_install'
[0.248s] Level 1:colcon.colcon_core.package_identification:_identify(src/rpi_joint_jogger) by extensions ['ros']
[0.248s] Level 1:colcon.colcon_core.package_identification:_identify(src/rpi_joint_jogger) by extension 'ros'
[0.249s] DEBUG:colcon.colcon_core.package_identification:Package 'src/rpi_joint_jogger' with type 'ros.ament_python' and name 'rpi_joint_jogger'
[0.249s] Level 1:colcon.colcon_core.package_identification:_identify(src/simple_controller) by extensions ['ignore', 'ignore_ament_install']
[0.249s] Level 1:colcon.colcon_core.package_identification:_identify(src/simple_controller) by extension 'ignore'
[0.249s] Level 1:colcon.colcon_core.package_identification:_identify(src/simple_controller) by extension 'ignore_ament_install'
[0.249s] Level 1:colcon.colcon_core.package_identification:_identify(src/simple_controller) by extensions ['ros']
[0.249s] Level 1:colcon.colcon_core.package_identification:_identify(src/simple_controller) by extension 'ros'
[0.249s] DEBUG:colcon.colcon_core.package_identification:Package 'src/simple_controller' with type 'ros.ament_python' and name 'simple_controller'
[0.250s] Level 1:colcon.colcon_core.package_identification:_identify(src/simple_robot_driver) by extensions ['ignore', 'ignore_ament_install']
[0.250s] Level 1:colcon.colcon_core.package_identification:_identify(src/simple_robot_driver) by extension 'ignore'
[0.250s] Level 1:colcon.colcon_core.package_identification:_identify(src/simple_robot_driver) by extension 'ignore_ament_install'
[0.250s] Level 1:colcon.colcon_core.package_identification:_identify(src/simple_robot_driver) by extensions ['ros']
[0.250s] Level 1:colcon.colcon_core.package_identification:_identify(src/simple_robot_driver) by extension 'ros'
[0.250s] DEBUG:colcon.colcon_core.package_identification:Package 'src/simple_robot_driver' with type 'ros.ament_python' and name 'simple_robot_driver'
[0.250s] Level 1:colcon.colcon_core.package_identification:_identify(src/simple_robot_keyboard_controller) by extensions ['ignore', 'ignore_ament_install']
[0.251s] Level 1:colcon.colcon_core.package_identification:_identify(src/simple_robot_keyboard_controller) by extension 'ignore'
[0.251s] Level 1:colcon.colcon_core.package_identification:_identify(src/simple_robot_keyboard_controller) by extension 'ignore_ament_install'
[0.251s] Level 1:colcon.colcon_core.package_identification:_identify(src/simple_robot_keyboard_controller) by extensions ['ros']
[0.251s] Level 1:colcon.colcon_core.package_identification:_identify(src/simple_robot_keyboard_controller) by extension 'ros'
[0.251s] DEBUG:colcon.colcon_core.package_identification:Package 'src/simple_robot_keyboard_controller' with type 'ros.ament_python' and name 'simple_robot_keyboard_controller'
[0.251s] Level 1:colcon.colcon_core.package_discovery:discover_packages(recursive) using defaults
[0.251s] Level 1:colcon.colcon_core.package_discovery:discover_packages(path) discover
[0.251s] Level 1:colcon.colcon_core.package_discovery:discover_packages(path) using defaults
[0.279s] Level 5:colcon.colcon_core.verb:set package 'control_interfaces' build argument 'cmake_args' from command line to 'None'
[0.279s] Level 5:colcon.colcon_core.verb:set package 'control_interfaces' build argument 'cmake_target' from command line to 'None'
[0.279s] Level 5:colcon.colcon_core.verb:set package 'control_interfaces' build argument 'cmake_target_skip_unavailable' from command line to 'False'
[0.279s] Level 5:colcon.colcon_core.verb:set package 'control_interfaces' build argument 'cmake_clean_cache' from command line to 'False'
[0.279s] Level 5:colcon.colcon_core.verb:set package 'control_interfaces' build argument 'cmake_clean_first' from command line to 'False'
[0.279s] Level 5:colcon.colcon_core.verb:set package 'control_interfaces' build argument 'cmake_force_configure' from command line to 'False'
[0.279s] Level 5:colcon.colcon_core.verb:set package 'control_interfaces' build argument 'ament_cmake_args' from command line to 'None'
[0.279s] Level 5:colcon.colcon_core.verb:set package 'control_interfaces' build argument 'catkin_cmake_args' from command line to 'None'
[0.279s] Level 5:colcon.colcon_core.verb:set package 'control_interfaces' build argument 'catkin_skip_building_tests' from command line to 'False'
[0.279s] DEBUG:colcon.colcon_core.verb:Building package 'control_interfaces' with the following arguments: {'ament_cmake_args': None, 'build_base': '/home/robosight/workspace/arm_ws/build/control_interfaces', 'catkin_cmake_args': None, 'catkin_skip_building_tests': False, 'cmake_args': None, 'cmake_clean_cache': False, 'cmake_clean_first': False, 'cmake_force_configure': False, 'cmake_target': None, 'cmake_target_skip_unavailable': False, 'install_base': '/home/robosight/workspace/arm_ws/install/control_interfaces', 'merge_install': False, 'path': '/home/robosight/workspace/arm_ws/src/control_interfaces', 'symlink_install': False, 'test_result_base': None}
[0.280s] Level 5:colcon.colcon_core.verb:set package 'kuka_kr6_support' build argument 'cmake_args' from command line to 'None'
[0.280s] Level 5:colcon.colcon_core.verb:set package 'kuka_kr6_support' build argument 'cmake_target' from command line to 'None'
[0.280s] Level 5:colcon.colcon_core.verb:set package 'kuka_kr6_support' build argument 'cmake_target_skip_unavailable' from command line to 'False'
[0.280s] Level 5:colcon.colcon_core.verb:set package 'kuka_kr6_support' build argument 'cmake_clean_cache' from command line to 'False'
[0.281s] Level 5:colcon.colcon_core.verb:set package 'kuka_kr6_support' build argument 'cmake_clean_first' from command line to 'False'
[0.281s] Level 5:colcon.colcon_core.verb:set package 'kuka_kr6_support' build argument 'cmake_force_configure' from command line to 'False'
[0.281s] Level 5:colcon.colcon_core.verb:set package 'kuka_kr6_support' build argument 'ament_cmake_args' from command line to 'None'
[0.281s] Level 5:colcon.colcon_core.verb:set package 'kuka_kr6_support' build argument 'catkin_cmake_args' from command line to 'None'
[0.281s] Level 5:colcon.colcon_core.verb:set package 'kuka_kr6_support' build argument 'catkin_skip_building_tests' from command line to 'False'
[0.281s] DEBUG:colcon.colcon_core.verb:Building package 'kuka_kr6_support' with the following arguments: {'ament_cmake_args': None, 'build_base': '/home/robosight/workspace/arm_ws/build/kuka_kr6_support', 'catkin_cmake_args': None, 'catkin_skip_building_tests': False, 'cmake_args': None, 'cmake_clean_cache': False, 'cmake_clean_first': False, 'cmake_force_configure': False, 'cmake_target': None, 'cmake_target_skip_unavailable': False, 'install_base': '/home/robosight/workspace/arm_ws/install/kuka_kr6_support', 'merge_install': False, 'path': '/home/robosight/workspace/arm_ws/src/kuka_kr6_support', 'symlink_install': False, 'test_result_base': None}
[0.282s] Level 5:colcon.colcon_core.verb:set package 'kuka_resources' build argument 'cmake_args' from command line to 'None'
[0.282s] Level 5:colcon.colcon_core.verb:set package 'kuka_resources' build argument 'cmake_target' from command line to 'None'
[0.282s] Level 5:colcon.colcon_core.verb:set package 'kuka_resources' build argument 'cmake_target_skip_unavailable' from command line to 'False'
[0.282s] Level 5:colcon.colcon_core.verb:set package 'kuka_resources' build argument 'cmake_clean_cache' from command line to 'False'
[0.282s] Level 5:colcon.colcon_core.verb:set package 'kuka_resources' build argument 'cmake_clean_first' from command line to 'False'
[0.282s] Level 5:colcon.colcon_core.verb:set package 'kuka_resources' build argument 'cmake_force_configure' from command line to 'False'
[0.282s] Level 5:colcon.colcon_core.verb:set package 'kuka_resources' build argument 'ament_cmake_args' from command line to 'None'
[0.282s] Level 5:colcon.colcon_core.verb:set package 'kuka_resources' build argument 'catkin_cmake_args' from command line to 'None'
[0.282s] Level 5:colcon.colcon_core.verb:set package 'kuka_resources' build argument 'catkin_skip_building_tests' from command line to 'False'
[0.282s] DEBUG:colcon.colcon_core.verb:Building package 'kuka_resources' with the following arguments: {'ament_cmake_args': None, 'build_base': '/home/robosight/workspace/arm_ws/build/kuka_resources', 'catkin_cmake_args': None, 'catkin_skip_building_tests': False, 'cmake_args': None, 'cmake_clean_cache': False, 'cmake_clean_first': False, 'cmake_force_configure': False, 'cmake_target': None, 'cmake_target_skip_unavailable': False, 'install_base': '/home/robosight/workspace/arm_ws/install/kuka_resources', 'merge_install': False, 'path': '/home/robosight/workspace/arm_ws/src/kuka_resources', 'symlink_install': False, 'test_result_base': None}
[0.283s] Level 5:colcon.colcon_core.verb:set package 'rpi_joint_jogger' build argument 'cmake_args' from command line to 'None'
[0.283s] Level 5:colcon.colcon_core.verb:set package 'rpi_joint_jogger' build argument 'cmake_target' from command line to 'None'
[0.283s] Level 5:colcon.colcon_core.verb:set package 'rpi_joint_jogger' build argument 'cmake_target_skip_unavailable' from command line to 'False'
[0.283s] Level 5:colcon.colcon_core.verb:set package 'rpi_joint_jogger' build argument 'cmake_clean_cache' from command line to 'False'
[0.283s] Level 5:colcon.colcon_core.verb:set package 'rpi_joint_jogger' build argument 'cmake_clean_first' from command line to 'False'
[0.283s] Level 5:colcon.colcon_core.verb:set package 'rpi_joint_jogger' build argument 'cmake_force_configure' from command line to 'False'
[0.283s] Level 5:colcon.colcon_core.verb:set package 'rpi_joint_jogger' build argument 'ament_cmake_args' from command line to 'None'
[0.283s] Level 5:colcon.colcon_core.verb:set package 'rpi_joint_jogger' build argument 'catkin_cmake_args' from command line to 'None'
[0.283s] Level 5:colcon.colcon_core.verb:set package 'rpi_joint_jogger' build argument 'catkin_skip_building_tests' from command line to 'False'
[0.283s] DEBUG:colcon.colcon_core.verb:Building package 'rpi_joint_jogger' with the following arguments: {'ament_cmake_args': None, 'build_base': '/home/robosight/workspace/arm_ws/build/rpi_joint_jogger', 'catkin_cmake_args': None, 'catkin_skip_building_tests': False, 'cmake_args': None, 'cmake_clean_cache': False, 'cmake_clean_first': False, 'cmake_force_configure': False, 'cmake_target': None, 'cmake_target_skip_unavailable': False, 'install_base': '/home/robosight/workspace/arm_ws/install/rpi_joint_jogger', 'merge_install': False, 'path': '/home/robosight/workspace/arm_ws/src/rpi_joint_jogger', 'symlink_install': False, 'test_result_base': None}
[0.285s] Level 5:colcon.colcon_core.verb:set package 'simple_robot_keyboard_controller' build argument 'cmake_args' from command line to 'None'
[0.285s] Level 5:colcon.colcon_core.verb:set package 'simple_robot_keyboard_controller' build argument 'cmake_target' from command line to 'None'
[0.285s] Level 5:colcon.colcon_core.verb:set package 'simple_robot_keyboard_controller' build argument 'cmake_target_skip_unavailable' from command line to 'False'
[0.285s] Level 5:colcon.colcon_core.verb:set package 'simple_robot_keyboard_controller' build argument 'cmake_clean_cache' from command line to 'False'
[0.285s] Level 5:colcon.colcon_core.verb:set package 'simple_robot_keyboard_controller' build argument 'cmake_clean_first' from command line to 'False'
[0.285s] Level 5:colcon.colcon_core.verb:set package 'simple_robot_keyboard_controller' build argument 'cmake_force_configure' from command line to 'False'
[0.285s] Level 5:colcon.colcon_core.verb:set package 'simple_robot_keyboard_controller' build argument 'ament_cmake_args' from command line to 'None'
[0.285s] Level 5:colcon.colcon_core.verb:set package 'simple_robot_keyboard_controller' build argument 'catkin_cmake_args' from command line to 'None'
[0.285s] Level 5:colcon.colcon_core.verb:set package 'simple_robot_keyboard_controller' build argument 'catkin_skip_building_tests' from command line to 'False'
[0.285s] DEBUG:colcon.colcon_core.verb:Building package 'simple_robot_keyboard_controller' with the following arguments: {'ament_cmake_args': None, 'build_base': '/home/robosight/workspace/arm_ws/build/simple_robot_keyboard_controller', 'catkin_cmake_args': None, 'catkin_skip_building_tests': False, 'cmake_args': None, 'cmake_clean_cache': False, 'cmake_clean_first': False, 'cmake_force_configure': False, 'cmake_target': None, 'cmake_target_skip_unavailable': False, 'install_base': '/home/robosight/workspace/arm_ws/install/simple_robot_keyboard_controller', 'merge_install': False, 'path': '/home/robosight/workspace/arm_ws/src/simple_robot_keyboard_controller', 'symlink_install': False, 'test_result_base': None}
[0.286s] Level 5:colcon.colcon_core.verb:set package 'simple_controller' build argument 'cmake_args' from command line to 'None'
[0.286s] Level 5:colcon.colcon_core.verb:set package 'simple_controller' build argument 'cmake_target' from command line to 'None'
[0.286s] Level 5:colcon.colcon_core.verb:set package 'simple_controller' build argument 'cmake_target_skip_unavailable' from command line to 'False'
[0.286s] Level 5:colcon.colcon_core.verb:set package 'simple_controller' build argument 'cmake_clean_cache' from command line to 'False'
[0.286s] Level 5:colcon.colcon_core.verb:set package 'simple_controller' build argument 'cmake_clean_first' from command line to 'False'
[0.286s] Level 5:colcon.colcon_core.verb:set package 'simple_controller' build argument 'cmake_force_configure' from command line to 'False'
[0.286s] Level 5:colcon.colcon_core.verb:set package 'simple_controller' build argument 'ament_cmake_args' from command line to 'None'
[0.286s] Level 5:colcon.colcon_core.verb:set package 'simple_controller' build argument 'catkin_cmake_args' from command line to 'None'
[0.287s] Level 5:colcon.colcon_core.verb:set package 'simple_controller' build argument 'catkin_skip_building_tests' from command line to 'False'
[0.287s] DEBUG:colcon.colcon_core.verb:Building package 'simple_controller' with the following arguments: {'ament_cmake_args': None, 'build_base': '/home/robosight/workspace/arm_ws/build/simple_controller', 'catkin_cmake_args': None, 'catkin_skip_building_tests': False, 'cmake_args': None, 'cmake_clean_cache': False, 'cmake_clean_first': False, 'cmake_force_configure': False, 'cmake_target': None, 'cmake_target_skip_unavailable': False, 'install_base': '/home/robosight/workspace/arm_ws/install/simple_controller', 'merge_install': False, 'path': '/home/robosight/workspace/arm_ws/src/simple_controller', 'symlink_install': False, 'test_result_base': None}
[0.288s] Level 5:colcon.colcon_core.verb:set package 'simple_robot_driver' build argument 'cmake_args' from command line to 'None'
[0.288s] Level 5:colcon.colcon_core.verb:set package 'simple_robot_driver' build argument 'cmake_target' from command line to 'None'
[0.288s] Level 5:colcon.colcon_core.verb:set package 'simple_robot_driver' build argument 'cmake_target_skip_unavailable' from command line to 'False'
[0.288s] Level 5:colcon.colcon_core.verb:set package 'simple_robot_driver' build argument 'cmake_clean_cache' from command line to 'False'
[0.288s] Level 5:colcon.colcon_core.verb:set package 'simple_robot_driver' build argument 'cmake_clean_first' from command line to 'False'
[0.288s] Level 5:colcon.colcon_core.verb:set package 'simple_robot_driver' build argument 'cmake_force_configure' from command line to 'False'
[0.288s] Level 5:colcon.colcon_core.verb:set package 'simple_robot_driver' build argument 'ament_cmake_args' from command line to 'None'
[0.288s] Level 5:colcon.colcon_core.verb:set package 'simple_robot_driver' build argument 'catkin_cmake_args' from command line to 'None'
[0.288s] Level 5:colcon.colcon_core.verb:set package 'simple_robot_driver' build argument 'catkin_skip_building_tests' from command line to 'False'
[0.288s] DEBUG:colcon.colcon_core.verb:Building package 'simple_robot_driver' with the following arguments: {'ament_cmake_args': None, 'build_base': '/home/robosight/workspace/arm_ws/build/simple_robot_driver', 'catkin_cmake_args': None, 'catkin_skip_building_tests': False, 'cmake_args': None, 'cmake_clean_cache': False, 'cmake_clean_first': False, 'cmake_force_configure': False, 'cmake_target': None, 'cmake_target_skip_unavailable': False, 'install_base': '/home/robosight/workspace/arm_ws/install/simple_robot_driver', 'merge_install': False, 'path': '/home/robosight/workspace/arm_ws/src/simple_robot_driver', 'symlink_install': False, 'test_result_base': None}
[0.288s] INFO:colcon.colcon_core.executor:Executing jobs using 'sequential' executor
[0.290s] DEBUG:colcon.colcon_core.executor.sequential:run_until_complete 'control_interfaces'
[0.290s] INFO:colcon.colcon_ros.task.ament_cmake.build:Building ROS package in '/home/robosight/workspace/arm_ws/src/control_interfaces' with build type 'ament_cmake'
[0.290s] INFO:colcon.colcon_cmake.task.cmake.build:Building CMake package in '/home/robosight/workspace/arm_ws/src/control_interfaces'
[0.294s] INFO:colcon.colcon_core.plugin_system:Skipping extension 'colcon_core.shell.bat': Not used on non-Windows systems
[0.294s] DEBUG:colcon.colcon_core.shell:Skip shell extension 'dsv' for command environment
[0.303s] DEBUG:colcon.colcon_core.event_handler.log_command:Invoking command in '/home/robosight/workspace/arm_ws/build/control_interfaces': CMAKE_PREFIX_PATH=${CMAKE_PREFIX_PATH}:/home/robosight/workspace/arm_ws/install/simple_robot_keyboard_controller:/home/robosight/workspace/arm_ws/install/simple_robot_driver:/home/robosight/workspace/arm_ws/install/simple_controller:/home/robosight/workspace/arm_ws/install/rpi_joint_jogger:/opt/ros/humble /usr/bin/cmake --build /home/robosight/workspace/arm_ws/build/control_interfaces -- -j8 -l8
[0.643s] DEBUG:colcon.colcon_core.event_handler.log_command:Invoked command in '/home/robosight/workspace/arm_ws/build/control_interfaces' returned '0': CMAKE_PREFIX_PATH=${CMAKE_PREFIX_PATH}:/home/robosight/workspace/arm_ws/install/simple_robot_keyboard_controller:/home/robosight/workspace/arm_ws/install/simple_robot_driver:/home/robosight/workspace/arm_ws/install/simple_controller:/home/robosight/workspace/arm_ws/install/rpi_joint_jogger:/opt/ros/humble /usr/bin/cmake --build /home/robosight/workspace/arm_ws/build/control_interfaces -- -j8 -l8
[0.700s] DEBUG:colcon.colcon_core.event_handler.log_command:Invoking command in '/home/robosight/workspace/arm_ws/build/control_interfaces': CMAKE_PREFIX_PATH=${CMAKE_PREFIX_PATH}:/home/robosight/workspace/arm_ws/install/simple_robot_keyboard_controller:/home/robosight/workspace/arm_ws/install/simple_robot_driver:/home/robosight/workspace/arm_ws/install/simple_controller:/home/robosight/workspace/arm_ws/install/rpi_joint_jogger:/opt/ros/humble /usr/bin/cmake --install /home/robosight/workspace/arm_ws/build/control_interfaces
[0.754s] Level 1:colcon.colcon_core.environment:create_environment_scripts_only(control_interfaces)
[0.754s] DEBUG:colcon.colcon_core.event_handler.log_command:Invoked command in '/home/robosight/workspace/arm_ws/build/control_interfaces' returned '0': CMAKE_PREFIX_PATH=${CMAKE_PREFIX_PATH}:/home/robosight/workspace/arm_ws/install/simple_robot_keyboard_controller:/home/robosight/workspace/arm_ws/install/simple_robot_driver:/home/robosight/workspace/arm_ws/install/simple_controller:/home/robosight/workspace/arm_ws/install/rpi_joint_jogger:/opt/ros/humble /usr/bin/cmake --install /home/robosight/workspace/arm_ws/build/control_interfaces
[0.759s] Level 1:colcon.colcon_core.environment:checking '/home/robosight/workspace/arm_ws/install/control_interfaces' for CMake module files
[0.760s] Level 1:colcon.colcon_core.environment:checking '/home/robosight/workspace/arm_ws/install/control_interfaces' for CMake config files
[0.760s] Level 1:colcon.colcon_core.shell:create_environment_hook('control_interfaces', 'cmake_prefix_path')
[0.761s] INFO:colcon.colcon_core.shell:Creating environment descriptor '/home/robosight/workspace/arm_ws/install/control_interfaces/share/control_interfaces/hook/cmake_prefix_path.dsv'
[0.762s] INFO:colcon.colcon_core.shell:Creating environment hook '/home/robosight/workspace/arm_ws/install/control_interfaces/share/control_interfaces/hook/cmake_prefix_path.sh'
[0.763s] Level 1:colcon.colcon_core.environment:checking '/home/robosight/workspace/arm_ws/install/control_interfaces/lib'
[0.763s] Level 1:colcon.colcon_core.shell:create_environment_hook('control_interfaces', 'ld_library_path_lib')
[0.764s] INFO:colcon.colcon_core.shell:Creating environment descriptor '/home/robosight/workspace/arm_ws/install/control_interfaces/share/control_interfaces/hook/ld_library_path_lib.dsv'
[0.764s] INFO:colcon.colcon_core.shell:Creating environment hook '/home/robosight/workspace/arm_ws/install/control_interfaces/share/control_interfaces/hook/ld_library_path_lib.sh'
[0.764s] Level 1:colcon.colcon_core.environment:checking '/home/robosight/workspace/arm_ws/install/control_interfaces/bin'
[0.764s] Level 1:colcon.colcon_core.environment:checking '/home/robosight/workspace/arm_ws/install/control_interfaces/lib/pkgconfig/control_interfaces.pc'
[0.766s] Level 1:colcon.colcon_core.environment:checking '/home/robosight/workspace/arm_ws/install/control_interfaces/lib/python3.10/site-packages'
[0.766s] Level 1:colcon.colcon_core.environment:checking '/home/robosight/workspace/arm_ws/install/control_interfaces/bin'
[0.767s] INFO:colcon.colcon_core.shell:Creating package descriptor '/home/robosight/workspace/arm_ws/install/control_interfaces/share/control_interfaces/package.dsv'
[0.768s] INFO:colcon.colcon_core.shell:Creating package script '/home/robosight/workspace/arm_ws/install/control_interfaces/share/control_interfaces/package.sh'
[0.769s] Level 1:colcon.colcon_core.environment:create_file_with_runtime_dependencies(/home/robosight/workspace/arm_ws/install/control_interfaces/share/colcon-core/packages/control_interfaces)
[0.819s] Level 1:colcon.colcon_core.environment:create_environment_scripts_only(control_interfaces)
[0.820s] Level 1:colcon.colcon_core.environment:checking '/home/robosight/workspace/arm_ws/install/control_interfaces' for CMake module files
[0.821s] Level 1:colcon.colcon_core.environment:checking '/home/robosight/workspace/arm_ws/install/control_interfaces' for CMake config files
[0.821s] Level 1:colcon.colcon_core.shell:create_environment_hook('control_interfaces', 'cmake_prefix_path')
[0.822s] INFO:colcon.colcon_core.shell:Creating environment descriptor '/home/robosight/workspace/arm_ws/install/control_interfaces/share/control_interfaces/hook/cmake_prefix_path.dsv'
[0.823s] INFO:colcon.colcon_core.shell:Creating environment hook '/home/robosight/workspace/arm_ws/install/control_interfaces/share/control_interfaces/hook/cmake_prefix_path.sh'
[0.823s] Level 1:colcon.colcon_core.environment:checking '/home/robosight/workspace/arm_ws/install/control_interfaces/lib'
[0.823s] Level 1:colcon.colcon_core.shell:create_environment_hook('control_interfaces', 'ld_library_path_lib')
[0.824s] INFO:colcon.colcon_core.shell:Creating environment descriptor '/home/robosight/workspace/arm_ws/install/control_interfaces/share/control_interfaces/hook/ld_library_path_lib.dsv'
[0.824s] INFO:colcon.colcon_core.shell:Creating environment hook '/home/robosight/workspace/arm_ws/install/control_interfaces/share/control_interfaces/hook/ld_library_path_lib.sh'
[0.825s] Level 1:colcon.colcon_core.environment:checking '/home/robosight/workspace/arm_ws/install/control_interfaces/bin'
[0.825s] Level 1:colcon.colcon_core.environment:checking '/home/robosight/workspace/arm_ws/install/control_interfaces/lib/pkgconfig/control_interfaces.pc'
[0.825s] Level 1:colcon.colcon_core.environment:checking '/home/robosight/workspace/arm_ws/install/control_interfaces/lib/python3.10/site-packages'
[0.825s] Level 1:colcon.colcon_core.environment:checking '/home/robosight/workspace/arm_ws/install/control_interfaces/bin'
[0.826s] INFO:colcon.colcon_core.shell:Creating package descriptor '/home/robosight/workspace/arm_ws/install/control_interfaces/share/control_interfaces/package.dsv'
[0.826s] INFO:colcon.colcon_core.shell:Creating package script '/home/robosight/workspace/arm_ws/install/control_interfaces/share/control_interfaces/package.sh'
[0.827s] Level 1:colcon.colcon_core.environment:create_file_with_runtime_dependencies(/home/robosight/workspace/arm_ws/install/control_interfaces/share/colcon-core/packages/control_interfaces)
[0.827s] DEBUG:colcon.colcon_core.executor.sequential:run_until_complete 'control_interfaces' finished with '0'
[0.827s] DEBUG:colcon.colcon_core.executor.sequential:run_until_complete 'kuka_kr6_support'
[0.827s] INFO:colcon.colcon_ros.task.ament_cmake.build:Building ROS package in '/home/robosight/workspace/arm_ws/src/kuka_kr6_support' with build type 'ament_cmake'
[0.827s] INFO:colcon.colcon_cmake.task.cmake.build:Building CMake package in '/home/robosight/workspace/arm_ws/src/kuka_kr6_support'
[0.828s] DEBUG:colcon.colcon_core.shell:Skip shell extension 'dsv' for command environment
[0.835s] DEBUG:colcon.colcon_core.event_handler.log_command:Invoking command in '/home/robosight/workspace/arm_ws/build/kuka_kr6_support': CMAKE_PREFIX_PATH=${CMAKE_PREFIX_PATH}:/home/robosight/workspace/arm_ws/install/simple_robot_keyboard_controller:/home/robosight/workspace/arm_ws/install/simple_robot_driver:/home/robosight/workspace/arm_ws/install/simple_controller:/home/robosight/workspace/arm_ws/install/rpi_joint_jogger:/opt/ros/humble /usr/bin/cmake --build /home/robosight/workspace/arm_ws/build/kuka_kr6_support -- -j8 -l8
[0.868s] DEBUG:colcon.colcon_core.event_handler.log_command:Invoked command in '/home/robosight/workspace/arm_ws/build/kuka_kr6_support' returned '0': CMAKE_PREFIX_PATH=${CMAKE_PREFIX_PATH}:/home/robosight/workspace/arm_ws/install/simple_robot_keyboard_controller:/home/robosight/workspace/arm_ws/install/simple_robot_driver:/home/robosight/workspace/arm_ws/install/simple_controller:/home/robosight/workspace/arm_ws/install/rpi_joint_jogger:/opt/ros/humble /usr/bin/cmake --build /home/robosight/workspace/arm_ws/build/kuka_kr6_support -- -j8 -l8
[0.884s] DEBUG:colcon.colcon_core.event_handler.log_command:Invoking command in '/home/robosight/workspace/arm_ws/build/kuka_kr6_support': CMAKE_PREFIX_PATH=${CMAKE_PREFIX_PATH}:/home/robosight/workspace/arm_ws/install/simple_robot_keyboard_controller:/home/robosight/workspace/arm_ws/install/simple_robot_driver:/home/robosight/workspace/arm_ws/install/simple_controller:/home/robosight/workspace/arm_ws/install/rpi_joint_jogger:/opt/ros/humble /usr/bin/cmake --install /home/robosight/workspace/arm_ws/build/kuka_kr6_support
[0.893s] Level 1:colcon.colcon_core.environment:create_environment_scripts_only(kuka_kr6_support)
[0.893s] DEBUG:colcon.colcon_core.event_handler.log_command:Invoked command in '/home/robosight/workspace/arm_ws/build/kuka_kr6_support' returned '0': CMAKE_PREFIX_PATH=${CMAKE_PREFIX_PATH}:/home/robosight/workspace/arm_ws/install/simple_robot_keyboard_controller:/home/robosight/workspace/arm_ws/install/simple_robot_driver:/home/robosight/workspace/arm_ws/install/simple_controller:/home/robosight/workspace/arm_ws/install/rpi_joint_jogger:/opt/ros/humble /usr/bin/cmake --install /home/robosight/workspace/arm_ws/build/kuka_kr6_support
[0.895s] Level 1:colcon.colcon_core.environment:checking '/home/robosight/workspace/arm_ws/install/kuka_kr6_support' for CMake module files
[0.896s] Level 1:colcon.colcon_core.environment:checking '/home/robosight/workspace/arm_ws/install/kuka_kr6_support' for CMake config files
[0.896s] Level 1:colcon.colcon_core.shell:create_environment_hook('kuka_kr6_support', 'cmake_prefix_path')
[0.897s] INFO:colcon.colcon_core.shell:Creating environment descriptor '/home/robosight/workspace/arm_ws/install/kuka_kr6_support/share/kuka_kr6_support/hook/cmake_prefix_path.dsv'
[0.898s] INFO:colcon.colcon_core.shell:Creating environment hook '/home/robosight/workspace/arm_ws/install/kuka_kr6_support/share/kuka_kr6_support/hook/cmake_prefix_path.sh'
[0.898s] Level 1:colcon.colcon_core.environment:checking '/home/robosight/workspace/arm_ws/install/kuka_kr6_support/bin'
[0.899s] Level 1:colcon.colcon_core.environment:checking '/home/robosight/workspace/arm_ws/install/kuka_kr6_support/lib/pkgconfig/kuka_kr6_support.pc'
[0.899s] Level 1:colcon.colcon_core.environment:checking '/home/robosight/workspace/arm_ws/install/kuka_kr6_support/lib/python3.10/site-packages'
[0.899s] Level 1:colcon.colcon_core.environment:checking '/home/robosight/workspace/arm_ws/install/kuka_kr6_support/bin'
[0.900s] INFO:colcon.colcon_core.shell:Creating package descriptor '/home/robosight/workspace/arm_ws/install/kuka_kr6_support/share/kuka_kr6_support/package.dsv'
[0.900s] INFO:colcon.colcon_core.shell:Creating package script '/home/robosight/workspace/arm_ws/install/kuka_kr6_support/share/kuka_kr6_support/package.sh'
[0.901s] Level 1:colcon.colcon_core.environment:create_file_with_runtime_dependencies(/home/robosight/workspace/arm_ws/install/kuka_kr6_support/share/colcon-core/packages/kuka_kr6_support)
[0.917s] Level 1:colcon.colcon_core.environment:create_environment_scripts_only(kuka_kr6_support)
[0.919s] Level 1:colcon.colcon_core.environment:checking '/home/robosight/workspace/arm_ws/install/kuka_kr6_support' for CMake module files
[0.919s] Level 1:colcon.colcon_core.environment:checking '/home/robosight/workspace/arm_ws/install/kuka_kr6_support' for CMake config files
[0.920s] Level 1:colcon.colcon_core.shell:create_environment_hook('kuka_kr6_support', 'cmake_prefix_path')
[0.921s] INFO:colcon.colcon_core.shell:Creating environment descriptor '/home/robosight/workspace/arm_ws/install/kuka_kr6_support/share/kuka_kr6_support/hook/cmake_prefix_path.dsv'
[0.921s] INFO:colcon.colcon_core.shell:Creating environment hook '/home/robosight/workspace/arm_ws/install/kuka_kr6_support/share/kuka_kr6_support/hook/cmake_prefix_path.sh'
[0.922s] Level 1:colcon.colcon_core.environment:checking '/home/robosight/workspace/arm_ws/install/kuka_kr6_support/bin'
[0.922s] Level 1:colcon.colcon_core.environment:checking '/home/robosight/workspace/arm_ws/install/kuka_kr6_support/lib/pkgconfig/kuka_kr6_support.pc'
[0.922s] Level 1:colcon.colcon_core.environment:checking '/home/robosight/workspace/arm_ws/install/kuka_kr6_support/lib/python3.10/site-packages'
[0.922s] Level 1:colcon.colcon_core.environment:checking '/home/robosight/workspace/arm_ws/install/kuka_kr6_support/bin'
[0.923s] INFO:colcon.colcon_core.shell:Creating package descriptor '/home/robosight/workspace/arm_ws/install/kuka_kr6_support/share/kuka_kr6_support/package.dsv'
[0.923s] INFO:colcon.colcon_core.shell:Creating package script '/home/robosight/workspace/arm_ws/install/kuka_kr6_support/share/kuka_kr6_support/package.sh'
[0.924s] Level 1:colcon.colcon_core.environment:create_file_with_runtime_dependencies(/home/robosight/workspace/arm_ws/install/kuka_kr6_support/share/colcon-core/packages/kuka_kr6_support)
[0.924s] DEBUG:colcon.colcon_core.executor.sequential:run_until_complete 'kuka_kr6_support' finished with '0'
[0.924s] DEBUG:colcon.colcon_core.executor.sequential:run_until_complete 'kuka_resources'
[0.924s] INFO:colcon.colcon_ros.task.ament_cmake.build:Building ROS package in '/home/robosight/workspace/arm_ws/src/kuka_resources' with build type 'ament_cmake'
[0.924s] INFO:colcon.colcon_cmake.task.cmake.build:Building CMake package in '/home/robosight/workspace/arm_ws/src/kuka_resources'
[0.925s] DEBUG:colcon.colcon_core.shell:Skip shell extension 'dsv' for command environment
[0.933s] DEBUG:colcon.colcon_core.event_handler.log_command:Invoking command in '/home/robosight/workspace/arm_ws/build/kuka_resources': CMAKE_PREFIX_PATH=${CMAKE_PREFIX_PATH}:/home/robosight/workspace/arm_ws/install/simple_robot_keyboard_controller:/home/robosight/workspace/arm_ws/install/simple_robot_driver:/home/robosight/workspace/arm_ws/install/simple_controller:/home/robosight/workspace/arm_ws/install/rpi_joint_jogger:/opt/ros/humble /usr/bin/cmake --build /home/robosight/workspace/arm_ws/build/kuka_resources -- -j8 -l8
[0.964s] DEBUG:colcon.colcon_core.event_handler.log_command:Invoked command in '/home/robosight/workspace/arm_ws/build/kuka_resources' returned '0': CMAKE_PREFIX_PATH=${CMAKE_PREFIX_PATH}:/home/robosight/workspace/arm_ws/install/simple_robot_keyboard_controller:/home/robosight/workspace/arm_ws/install/simple_robot_driver:/home/robosight/workspace/arm_ws/install/simple_controller:/home/robosight/workspace/arm_ws/install/rpi_joint_jogger:/opt/ros/humble /usr/bin/cmake --build /home/robosight/workspace/arm_ws/build/kuka_resources -- -j8 -l8
[0.981s] DEBUG:colcon.colcon_core.event_handler.log_command:Invoking command in '/home/robosight/workspace/arm_ws/build/kuka_resources': CMAKE_PREFIX_PATH=${CMAKE_PREFIX_PATH}:/home/robosight/workspace/arm_ws/install/simple_robot_keyboard_controller:/home/robosight/workspace/arm_ws/install/simple_robot_driver:/home/robosight/workspace/arm_ws/install/simple_controller:/home/robosight/workspace/arm_ws/install/rpi_joint_jogger:/opt/ros/humble /usr/bin/cmake --install /home/robosight/workspace/arm_ws/build/kuka_resources
[0.990s] Level 1:colcon.colcon_core.environment:create_environment_scripts_only(kuka_resources)
[0.990s] DEBUG:colcon.colcon_core.event_handler.log_command:Invoked command in '/home/robosight/workspace/arm_ws/build/kuka_resources' returned '0': CMAKE_PREFIX_PATH=${CMAKE_PREFIX_PATH}:/home/robosight/workspace/arm_ws/install/simple_robot_keyboard_controller:/home/robosight/workspace/arm_ws/install/simple_robot_driver:/home/robosight/workspace/arm_ws/install/simple_controller:/home/robosight/workspace/arm_ws/install/rpi_joint_jogger:/opt/ros/humble /usr/bin/cmake --install /home/robosight/workspace/arm_ws/build/kuka_resources
[0.994s] Level 1:colcon.colcon_core.environment:checking '/home/robosight/workspace/arm_ws/install/kuka_resources' for CMake module files
[0.995s] Level 1:colcon.colcon_core.environment:checking '/home/robosight/workspace/arm_ws/install/kuka_resources' for CMake config files
[0.995s] Level 1:colcon.colcon_core.shell:create_environment_hook('kuka_resources', 'cmake_prefix_path')
[0.997s] INFO:colcon.colcon_core.shell:Creating environment descriptor '/home/robosight/workspace/arm_ws/install/kuka_resources/share/kuka_resources/hook/cmake_prefix_path.dsv'
[0.997s] INFO:colcon.colcon_core.shell:Creating environment hook '/home/robosight/workspace/arm_ws/install/kuka_resources/share/kuka_resources/hook/cmake_prefix_path.sh'
[0.998s] Level 1:colcon.colcon_core.environment:checking '/home/robosight/workspace/arm_ws/install/kuka_resources/bin'
[0.998s] Level 1:colcon.colcon_core.environment:checking '/home/robosight/workspace/arm_ws/install/kuka_resources/lib/pkgconfig/kuka_resources.pc'
[0.999s] Level 1:colcon.colcon_core.environment:checking '/home/robosight/workspace/arm_ws/install/kuka_resources/lib/python3.10/site-packages'
[0.999s] Level 1:colcon.colcon_core.environment:checking '/home/robosight/workspace/arm_ws/install/kuka_resources/bin'
[1.001s] INFO:colcon.colcon_core.shell:Creating package descriptor '/home/robosight/workspace/arm_ws/install/kuka_resources/share/kuka_resources/package.dsv'
[1.001s] INFO:colcon.colcon_core.shell:Creating package script '/home/robosight/workspace/arm_ws/install/kuka_resources/share/kuka_resources/package.sh'
[1.002s] Level 1:colcon.colcon_core.environment:create_file_with_runtime_dependencies(/home/robosight/workspace/arm_ws/install/kuka_resources/share/colcon-core/packages/kuka_resources)
[1.024s] Level 1:colcon.colcon_core.environment:create_environment_scripts_only(kuka_resources)
[1.026s] Level 1:colcon.colcon_core.environment:checking '/home/robosight/workspace/arm_ws/install/kuka_resources' for CMake module files
[1.027s] Level 1:colcon.colcon_core.environment:checking '/home/robosight/workspace/arm_ws/install/kuka_resources' for CMake config files
[1.027s] Level 1:colcon.colcon_core.shell:create_environment_hook('kuka_resources', 'cmake_prefix_path')
[1.028s] INFO:colcon.colcon_core.shell:Creating environment descriptor '/home/robosight/workspace/arm_ws/install/kuka_resources/share/kuka_resources/hook/cmake_prefix_path.dsv'
[1.029s] INFO:colcon.colcon_core.shell:Creating environment hook '/home/robosight/workspace/arm_ws/install/kuka_resources/share/kuka_resources/hook/cmake_prefix_path.sh'
[1.029s] Level 1:colcon.colcon_core.environment:checking '/home/robosight/workspace/arm_ws/install/kuka_resources/bin'
[1.029s] Level 1:colcon.colcon_core.environment:checking '/home/robosight/workspace/arm_ws/install/kuka_resources/lib/pkgconfig/kuka_resources.pc'
[1.030s] Level 1:colcon.colcon_core.environment:checking '/home/robosight/workspace/arm_ws/install/kuka_resources/lib/python3.10/site-packages'
[1.030s] Level 1:colcon.colcon_core.environment:checking '/home/robosight/workspace/arm_ws/install/kuka_resources/bin'
[1.031s] INFO:colcon.colcon_core.shell:Creating package descriptor '/home/robosight/workspace/arm_ws/install/kuka_resources/share/kuka_resources/package.dsv'
[1.031s] INFO:colcon.colcon_core.shell:Creating package script '/home/robosight/workspace/arm_ws/install/kuka_resources/share/kuka_resources/package.sh'
[1.032s] Level 1:colcon.colcon_core.environment:create_file_with_runtime_dependencies(/home/robosight/workspace/arm_ws/install/kuka_resources/share/colcon-core/packages/kuka_resources)
[1.032s] DEBUG:colcon.colcon_core.executor.sequential:run_until_complete 'kuka_resources' finished with '0'
[1.032s] DEBUG:colcon.colcon_core.executor.sequential:run_until_complete 'rpi_joint_jogger'
[1.032s] INFO:colcon.colcon_ros.task.ament_python.build:Building ROS package in '/home/robosight/workspace/arm_ws/src/rpi_joint_jogger' with build type 'ament_python'
[1.032s] Level 1:colcon.colcon_core.shell:create_environment_hook('rpi_joint_jogger', 'ament_prefix_path')
[1.033s] INFO:colcon.colcon_core.shell:Creating environment descriptor '/home/robosight/workspace/arm_ws/install/rpi_joint_jogger/share/rpi_joint_jogger/hook/ament_prefix_path.dsv'
[1.034s] INFO:colcon.colcon_core.shell:Creating environment hook '/home/robosight/workspace/arm_ws/install/rpi_joint_jogger/share/rpi_joint_jogger/hook/ament_prefix_path.sh'
[1.035s] DEBUG:colcon.colcon_core.shell:Skip shell extension 'dsv' for command environment
[1.373s] INFO:colcon.colcon_core.task.python.build:Building Python package in '/home/robosight/workspace/arm_ws/src/rpi_joint_jogger'
[1.374s] DEBUG:colcon.colcon_core.shell:Skip shell extension 'dsv' for command environment
[1.726s] DEBUG:colcon.colcon_core.event_handler.log_command:Invoking command in '/home/robosight/workspace/arm_ws/src/rpi_joint_jogger': PYTHONPATH=/home/robosight/workspace/arm_ws/install/rpi_joint_jogger/lib/python3.10/site-packages:${PYTHONPATH} /usr/bin/python3 setup.py egg_info --egg-base ../../build/rpi_joint_jogger build --build-base /home/robosight/workspace/arm_ws/build/rpi_joint_jogger/build install --prefix /home/robosight/workspace/arm_ws/install/rpi_joint_jogger --record /home/robosight/workspace/arm_ws/build/rpi_joint_jogger/install.log --single-version-externally-managed
[2.110s] Level 1:colcon.colcon_core.environment:checking '/home/robosight/workspace/arm_ws/install/rpi_joint_jogger' for CMake module files
[2.110s] DEBUG:colcon.colcon_core.event_handler.log_command:Invoked command in '/home/robosight/workspace/arm_ws/src/rpi_joint_jogger' returned '0': PYTHONPATH=/home/robosight/workspace/arm_ws/install/rpi_joint_jogger/lib/python3.10/site-packages:${PYTHONPATH} /usr/bin/python3 setup.py egg_info --egg-base ../../build/rpi_joint_jogger build --build-base /home/robosight/workspace/arm_ws/build/rpi_joint_jogger/build install --prefix /home/robosight/workspace/arm_ws/install/rpi_joint_jogger --record /home/robosight/workspace/arm_ws/build/rpi_joint_jogger/install.log --single-version-externally-managed
[2.111s] Level 1:colcon.colcon_core.environment:checking '/home/robosight/workspace/arm_ws/install/rpi_joint_jogger' for CMake config files
[2.112s] Level 1:colcon.colcon_core.environment:checking '/home/robosight/workspace/arm_ws/install/rpi_joint_jogger/lib'
[2.112s] Level 1:colcon.colcon_core.environment:checking '/home/robosight/workspace/arm_ws/install/rpi_joint_jogger/bin'
[2.112s] Level 1:colcon.colcon_core.environment:checking '/home/robosight/workspace/arm_ws/install/rpi_joint_jogger/lib/pkgconfig/rpi_joint_jogger.pc'
[2.113s] Level 1:colcon.colcon_core.environment:checking '/home/robosight/workspace/arm_ws/install/rpi_joint_jogger/lib/python3.10/site-packages'
[2.113s] Level 1:colcon.colcon_core.shell:create_environment_hook('rpi_joint_jogger', 'pythonpath')
[2.114s] INFO:colcon.colcon_core.shell:Creating environment descriptor '/home/robosight/workspace/arm_ws/install/rpi_joint_jogger/share/rpi_joint_jogger/hook/pythonpath.dsv'
[2.115s] INFO:colcon.colcon_core.shell:Creating environment hook '/home/robosight/workspace/arm_ws/install/rpi_joint_jogger/share/rpi_joint_jogger/hook/pythonpath.sh'
[2.116s] Level 1:colcon.colcon_core.environment:checking '/home/robosight/workspace/arm_ws/install/rpi_joint_jogger/bin'
[2.116s] Level 1:colcon.colcon_core.environment:create_environment_scripts_only(rpi_joint_jogger)
[2.118s] INFO:colcon.colcon_core.shell:Creating package descriptor '/home/robosight/workspace/arm_ws/install/rpi_joint_jogger/share/rpi_joint_jogger/package.dsv'
[2.119s] INFO:colcon.colcon_core.shell:Creating package script '/home/robosight/workspace/arm_ws/install/rpi_joint_jogger/share/rpi_joint_jogger/package.sh'
[2.119s] Level 1:colcon.colcon_core.environment:create_file_with_runtime_dependencies(/home/robosight/workspace/arm_ws/install/rpi_joint_jogger/share/colcon-core/packages/rpi_joint_jogger)
[2.119s] DEBUG:colcon.colcon_core.executor.sequential:run_until_complete 'rpi_joint_jogger' finished with '0'
[2.120s] DEBUG:colcon.colcon_core.executor.sequential:run_until_complete 'simple_robot_keyboard_controller'
[2.120s] INFO:colcon.colcon_ros.task.ament_python.build:Building ROS package in '/home/robosight/workspace/arm_ws/src/simple_robot_keyboard_controller' with build type 'ament_python'
[2.120s] Level 1:colcon.colcon_core.shell:create_environment_hook('simple_robot_keyboard_controller', 'ament_prefix_path')
[2.122s] INFO:colcon.colcon_core.shell:Creating environment descriptor '/home/robosight/workspace/arm_ws/install/simple_robot_keyboard_controller/share/simple_robot_keyboard_controller/hook/ament_prefix_path.dsv'
[2.122s] INFO:colcon.colcon_core.shell:Creating environment hook '/home/robosight/workspace/arm_ws/install/simple_robot_keyboard_controller/share/simple_robot_keyboard_controller/hook/ament_prefix_path.sh'
[2.124s] DEBUG:colcon.colcon_core.shell:Skip shell extension 'dsv' for command environment
[2.447s] INFO:colcon.colcon_core.task.python.build:Building Python package in '/home/robosight/workspace/arm_ws/src/simple_robot_keyboard_controller'
[2.449s] DEBUG:colcon.colcon_core.shell:Skip shell extension 'dsv' for command environment
[2.820s] DEBUG:colcon.colcon_core.event_handler.log_command:Invoking command in '/home/robosight/workspace/arm_ws/src/simple_robot_keyboard_controller': PYTHONPATH=/home/robosight/workspace/arm_ws/install/simple_robot_keyboard_controller/lib/python3.10/site-packages:${PYTHONPATH} /usr/bin/python3 setup.py egg_info --egg-base ../../build/simple_robot_keyboard_controller build --build-base /home/robosight/workspace/arm_ws/build/simple_robot_keyboard_controller/build install --prefix /home/robosight/workspace/arm_ws/install/simple_robot_keyboard_controller --record /home/robosight/workspace/arm_ws/build/simple_robot_keyboard_controller/install.log --single-version-externally-managed
[3.152s] Level 1:colcon.colcon_core.environment:checking '/home/robosight/workspace/arm_ws/install/simple_robot_keyboard_controller' for CMake module files
[3.152s] DEBUG:colcon.colcon_core.event_handler.log_command:Invoked command in '/home/robosight/workspace/arm_ws/src/simple_robot_keyboard_controller' returned '0': PYTHONPATH=/home/robosight/workspace/arm_ws/install/simple_robot_keyboard_controller/lib/python3.10/site-packages:${PYTHONPATH} /usr/bin/python3 setup.py egg_info --egg-base ../../build/simple_robot_keyboard_controller build --build-base /home/robosight/workspace/arm_ws/build/simple_robot_keyboard_controller/build install --prefix /home/robosight/workspace/arm_ws/install/simple_robot_keyboard_controller --record /home/robosight/workspace/arm_ws/build/simple_robot_keyboard_controller/install.log --single-version-externally-managed
[3.153s] Level 1:colcon.colcon_core.environment:checking '/home/robosight/workspace/arm_ws/install/simple_robot_keyboard_controller' for CMake config files
[3.153s] Level 1:colcon.colcon_core.environment:checking '/home/robosight/workspace/arm_ws/install/simple_robot_keyboard_controller/lib'
[3.154s] Level 1:colcon.colcon_core.environment:checking '/home/robosight/workspace/arm_ws/install/simple_robot_keyboard_controller/bin'
[3.154s] Level 1:colcon.colcon_core.environment:checking '/home/robosight/workspace/arm_ws/install/simple_robot_keyboard_controller/lib/pkgconfig/simple_robot_keyboard_controller.pc'
[3.154s] Level 1:colcon.colcon_core.environment:checking '/home/robosight/workspace/arm_ws/install/simple_robot_keyboard_controller/lib/python3.10/site-packages'
[3.154s] Level 1:colcon.colcon_core.shell:create_environment_hook('simple_robot_keyboard_controller', 'pythonpath')
[3.155s] INFO:colcon.colcon_core.shell:Creating environment descriptor '/home/robosight/workspace/arm_ws/install/simple_robot_keyboard_controller/share/simple_robot_keyboard_controller/hook/pythonpath.dsv'
[3.156s] INFO:colcon.colcon_core.shell:Creating environment hook '/home/robosight/workspace/arm_ws/install/simple_robot_keyboard_controller/share/simple_robot_keyboard_controller/hook/pythonpath.sh'
[3.156s] Level 1:colcon.colcon_core.environment:checking '/home/robosight/workspace/arm_ws/install/simple_robot_keyboard_controller/bin'
[3.156s] Level 1:colcon.colcon_core.environment:create_environment_scripts_only(simple_robot_keyboard_controller)
[3.157s] INFO:colcon.colcon_core.shell:Creating package descriptor '/home/robosight/workspace/arm_ws/install/simple_robot_keyboard_controller/share/simple_robot_keyboard_controller/package.dsv'
[3.158s] INFO:colcon.colcon_core.shell:Creating package script '/home/robosight/workspace/arm_ws/install/simple_robot_keyboard_controller/share/simple_robot_keyboard_controller/package.sh'
[3.158s] Level 1:colcon.colcon_core.environment:create_file_with_runtime_dependencies(/home/robosight/workspace/arm_ws/install/simple_robot_keyboard_controller/share/colcon-core/packages/simple_robot_keyboard_controller)
[3.158s] DEBUG:colcon.colcon_core.executor.sequential:run_until_complete 'simple_robot_keyboard_controller' finished with '0'
[3.158s] DEBUG:colcon.colcon_core.executor.sequential:run_until_complete 'simple_controller'
[3.159s] INFO:colcon.colcon_ros.task.ament_python.build:Building ROS package in '/home/robosight/workspace/arm_ws/src/simple_controller' with build type 'ament_python'
[3.159s] Level 1:colcon.colcon_core.shell:create_environment_hook('simple_controller', 'ament_prefix_path')
[3.160s] INFO:colcon.colcon_core.shell:Creating environment descriptor '/home/robosight/workspace/arm_ws/install/simple_controller/share/simple_controller/hook/ament_prefix_path.dsv'
[3.161s] INFO:colcon.colcon_core.shell:Creating environment hook '/home/robosight/workspace/arm_ws/install/simple_controller/share/simple_controller/hook/ament_prefix_path.sh'
[3.162s] DEBUG:colcon.colcon_core.shell:Skip shell extension 'dsv' for command environment
[3.464s] INFO:colcon.colcon_core.task.python.build:Building Python package in '/home/robosight/workspace/arm_ws/src/simple_controller'
[3.465s] DEBUG:colcon.colcon_core.shell:Skip shell extension 'dsv' for command environment
[3.802s] DEBUG:colcon.colcon_core.event_handler.log_command:Invoking command in '/home/robosight/workspace/arm_ws/src/simple_controller': CMAKE_PREFIX_PATH=/home/robosight/workspace/arm_ws/install/control_interfaces:/home/robosight/workspace/arm_ws/install/kuka_resources:/home/robosight/workspace/arm_ws/install/kuka_kr6_support PYTHONPATH=/home/robosight/workspace/arm_ws/install/simple_controller/lib/python3.10/site-packages:${PYTHONPATH} /usr/bin/python3 setup.py egg_info --egg-base ../../build/simple_controller build --build-base /home/robosight/workspace/arm_ws/build/simple_controller/build install --prefix /home/robosight/workspace/arm_ws/install/simple_controller --record /home/robosight/workspace/arm_ws/build/simple_controller/install.log --single-version-externally-managed
[4.151s] Level 1:colcon.colcon_core.environment:checking '/home/robosight/workspace/arm_ws/install/simple_controller' for CMake module files
[4.151s] DEBUG:colcon.colcon_core.event_handler.log_command:Invoked command in '/home/robosight/workspace/arm_ws/src/simple_controller' returned '0': CMAKE_PREFIX_PATH=/home/robosight/workspace/arm_ws/install/control_interfaces:/home/robosight/workspace/arm_ws/install/kuka_resources:/home/robosight/workspace/arm_ws/install/kuka_kr6_support PYTHONPATH=/home/robosight/workspace/arm_ws/install/simple_controller/lib/python3.10/site-packages:${PYTHONPATH} /usr/bin/python3 setup.py egg_info --egg-base ../../build/simple_controller build --build-base /home/robosight/workspace/arm_ws/build/simple_controller/build install --prefix /home/robosight/workspace/arm_ws/install/simple_controller --record /home/robosight/workspace/arm_ws/build/simple_controller/install.log --single-version-externally-managed
[4.152s] Level 1:colcon.colcon_core.environment:checking '/home/robosight/workspace/arm_ws/install/simple_controller' for CMake config files
[4.152s] Level 1:colcon.colcon_core.environment:checking '/home/robosight/workspace/arm_ws/install/simple_controller/lib'
[4.152s] Level 1:colcon.colcon_core.environment:checking '/home/robosight/workspace/arm_ws/install/simple_controller/bin'
[4.152s] Level 1:colcon.colcon_core.environment:checking '/home/robosight/workspace/arm_ws/install/simple_controller/lib/pkgconfig/simple_controller.pc'
[4.152s] Level 1:colcon.colcon_core.environment:checking '/home/robosight/workspace/arm_ws/install/simple_controller/lib/python3.10/site-packages'
[4.153s] Level 1:colcon.colcon_core.shell:create_environment_hook('simple_controller', 'pythonpath')
[4.153s] INFO:colcon.colcon_core.shell:Creating environment descriptor '/home/robosight/workspace/arm_ws/install/simple_controller/share/simple_controller/hook/pythonpath.dsv'
[4.154s] INFO:colcon.colcon_core.shell:Creating environment hook '/home/robosight/workspace/arm_ws/install/simple_controller/share/simple_controller/hook/pythonpath.sh'
[4.154s] Level 1:colcon.colcon_core.environment:checking '/home/robosight/workspace/arm_ws/install/simple_controller/bin'
[4.154s] Level 1:colcon.colcon_core.environment:create_environment_scripts_only(simple_controller)
[4.155s] INFO:colcon.colcon_core.shell:Creating package descriptor '/home/robosight/workspace/arm_ws/install/simple_controller/share/simple_controller/package.dsv'
[4.156s] INFO:colcon.colcon_core.shell:Creating package script '/home/robosight/workspace/arm_ws/install/simple_controller/share/simple_controller/package.sh'
[4.156s] Level 1:colcon.colcon_core.environment:create_file_with_runtime_dependencies(/home/robosight/workspace/arm_ws/install/simple_controller/share/colcon-core/packages/simple_controller)
[4.156s] DEBUG:colcon.colcon_core.executor.sequential:run_until_complete 'simple_controller' finished with '0'
[4.157s] DEBUG:colcon.colcon_core.executor.sequential:run_until_complete 'simple_robot_driver'
[4.157s] INFO:colcon.colcon_ros.task.ament_python.build:Building ROS package in '/home/robosight/workspace/arm_ws/src/simple_robot_driver' with build type 'ament_python'
[4.157s] Level 1:colcon.colcon_core.shell:create_environment_hook('simple_robot_driver', 'ament_prefix_path')
[4.158s] INFO:colcon.colcon_core.shell:Creating environment descriptor '/home/robosight/workspace/arm_ws/install/simple_robot_driver/share/simple_robot_driver/hook/ament_prefix_path.dsv'
[4.158s] INFO:colcon.colcon_core.shell:Creating environment hook '/home/robosight/workspace/arm_ws/install/simple_robot_driver/share/simple_robot_driver/hook/ament_prefix_path.sh'
[4.159s] DEBUG:colcon.colcon_core.shell:Skip shell extension 'dsv' for command environment
[4.476s] INFO:colcon.colcon_core.task.python.build:Building Python package in '/home/robosight/workspace/arm_ws/src/simple_robot_driver'
[4.477s] DEBUG:colcon.colcon_core.shell:Skip shell extension 'dsv' for command environment
[4.803s] DEBUG:colcon.colcon_core.event_handler.log_command:Invoking command in '/home/robosight/workspace/arm_ws/src/simple_robot_driver': CMAKE_PREFIX_PATH=/home/robosight/workspace/arm_ws/install/control_interfaces:/home/robosight/workspace/arm_ws/install/kuka_resources:/home/robosight/workspace/arm_ws/install/kuka_kr6_support PYTHONPATH=/home/robosight/workspace/arm_ws/install/simple_robot_driver/lib/python3.10/site-packages:${PYTHONPATH} /usr/bin/python3 setup.py egg_info --egg-base ../../build/simple_robot_driver build --build-base /home/robosight/workspace/arm_ws/build/simple_robot_driver/build install --prefix /home/robosight/workspace/arm_ws/install/simple_robot_driver --record /home/robosight/workspace/arm_ws/build/simple_robot_driver/install.log --single-version-externally-managed
[5.120s] Level 1:colcon.colcon_core.environment:checking '/home/robosight/workspace/arm_ws/install/simple_robot_driver' for CMake module files
[5.121s] DEBUG:colcon.colcon_core.event_handler.log_command:Invoked command in '/home/robosight/workspace/arm_ws/src/simple_robot_driver' returned '0': CMAKE_PREFIX_PATH=/home/robosight/workspace/arm_ws/install/control_interfaces:/home/robosight/workspace/arm_ws/install/kuka_resources:/home/robosight/workspace/arm_ws/install/kuka_kr6_support PYTHONPATH=/home/robosight/workspace/arm_ws/install/simple_robot_driver/lib/python3.10/site-packages:${PYTHONPATH} /usr/bin/python3 setup.py egg_info --egg-base ../../build/simple_robot_driver build --build-base /home/robosight/workspace/arm_ws/build/simple_robot_driver/build install --prefix /home/robosight/workspace/arm_ws/install/simple_robot_driver --record /home/robosight/workspace/arm_ws/build/simple_robot_driver/install.log --single-version-externally-managed
[5.121s] Level 1:colcon.colcon_core.environment:checking '/home/robosight/workspace/arm_ws/install/simple_robot_driver' for CMake config files
[5.122s] Level 1:colcon.colcon_core.environment:checking '/home/robosight/workspace/arm_ws/install/simple_robot_driver/lib'
[5.122s] Level 1:colcon.colcon_core.environment:checking '/home/robosight/workspace/arm_ws/install/simple_robot_driver/bin'
[5.122s] Level 1:colcon.colcon_core.environment:checking '/home/robosight/workspace/arm_ws/install/simple_robot_driver/lib/pkgconfig/simple_robot_driver.pc'
[5.122s] Level 1:colcon.colcon_core.environment:checking '/home/robosight/workspace/arm_ws/install/simple_robot_driver/lib/python3.10/site-packages'
[5.122s] Level 1:colcon.colcon_core.shell:create_environment_hook('simple_robot_driver', 'pythonpath')
[5.123s] INFO:colcon.colcon_core.shell:Creating environment descriptor '/home/robosight/workspace/arm_ws/install/simple_robot_driver/share/simple_robot_driver/hook/pythonpath.dsv'
[5.124s] INFO:colcon.colcon_core.shell:Creating environment hook '/home/robosight/workspace/arm_ws/install/simple_robot_driver/share/simple_robot_driver/hook/pythonpath.sh'
[5.124s] Level 1:colcon.colcon_core.environment:checking '/home/robosight/workspace/arm_ws/install/simple_robot_driver/bin'
[5.125s] Level 1:colcon.colcon_core.environment:create_environment_scripts_only(simple_robot_driver)
[5.126s] INFO:colcon.colcon_core.shell:Creating package descriptor '/home/robosight/workspace/arm_ws/install/simple_robot_driver/share/simple_robot_driver/package.dsv'
[5.126s] INFO:colcon.colcon_core.shell:Creating package script '/home/robosight/workspace/arm_ws/install/simple_robot_driver/share/simple_robot_driver/package.sh'
[5.127s] Level 1:colcon.colcon_core.environment:create_file_with_runtime_dependencies(/home/robosight/workspace/arm_ws/install/simple_robot_driver/share/colcon-core/packages/simple_robot_driver)
[5.127s] DEBUG:colcon.colcon_core.executor.sequential:run_until_complete 'simple_robot_driver' finished with '0'
[5.127s] DEBUG:colcon.colcon_core.executor.sequential:closing loop
[5.127s] DEBUG:colcon.colcon_core.executor.sequential:loop closed
[5.127s] DEBUG:colcon.colcon_core.event_reactor:joining thread
[5.128s] DEBUG:colcon.colcon_core.event_reactor:joined thread
[5.129s] INFO:colcon.colcon_core.shell:Creating prefix script '/home/robosight/workspace/arm_ws/install/local_setup.sh'
[5.129s] INFO:colcon.colcon_core.shell:Creating prefix util module '/home/robosight/workspace/arm_ws/install/_local_setup_util_sh.py'
[5.130s] INFO:colcon.colcon_core.shell:Creating prefix chain script '/home/robosight/workspace/arm_ws/install/setup.sh'
