[0.203s] DEBUG:colcon:Command line arguments: ['/usr/bin/colcon', 'build']
[0.203s] DEBUG:colcon:Parsed command line arguments: Namespace(log_base=None, log_level=None, verb_name='build', build_base='build', install_base='install', merge_install=False, symlink_install=False, test_result_base=None, continue_on_error=False, executor='sequential', event_handlers=None, base_paths=['.'], paths=None, cmake_args=None, cmake_target=None, cmake_target_skip_unavailable=False, cmake_clean_cache=False, cmake_clean_first=False, cmake_force_configure=False, ament_cmake_args=None, catkin_cmake_args=None, catkin_skip_building_tests=False, verb_parser=CustomArgumentParser(prog='colcon build', usage=None, description='Build a set of packages.', formatter_class=<class 'colcon_core.command.CustomFormatter'>, conflict_handler='error', add_help=True), verb_extension=<colcon_core.verb.build.BuildVerb object at 0x7f51a30c7a00>, main=<bound method BuildVerb.main of <colcon_core.verb.build.BuildVerb object at 0x7f51a30c7a00>>)
[0.227s] Level 1:colcon.colcon_core.package_discovery:discover_packages(recursive) check parameters
[0.227s] Level 1:colcon.colcon_core.package_discovery:discover_packages(path) check parameters
[0.227s] Level 1:colcon.colcon_core.package_discovery:discover_packages(recursive) discover
[0.227s] INFO:colcon.colcon_core.package_discovery:Crawling recursively for packages in '/home/robosight/workspace/arm_ws'
[0.227s] Level 1:colcon.colcon_core.package_identification:_identify(.) by extensions ['ignore', 'ignore_ament_install']
[0.227s] Level 1:colcon.colcon_core.package_identification:_identify(.) by extension 'ignore'
[0.227s] Level 1:colcon.colcon_core.package_identification:_identify(.) by extension 'ignore_ament_install'
[0.227s] Level 1:colcon.colcon_core.package_identification:_identify(.) by extensions ['ros']
[0.227s] Level 1:colcon.colcon_core.package_identification:_identify(.) by extension 'ros'
[0.240s] Level 1:colcon.colcon_core.package_identification:_identify(.) by extensions ['cmake', 'python']
[0.240s] Level 1:colcon.colcon_core.package_identification:_identify(.) by extension 'cmake'
[0.240s] Level 1:colcon.colcon_core.package_identification:_identify(.) by extension 'python'
[0.240s] Level 1:colcon.colcon_core.package_identification:_identify(.) by extensions ['python_setup_py']
[0.240s] Level 1:colcon.colcon_core.package_identification:_identify(.) by extension 'python_setup_py'
[0.240s] Level 1:colcon.colcon_core.package_identification:_identify(build) by extensions ['ignore', 'ignore_ament_install']
[0.240s] Level 1:colcon.colcon_core.package_identification:_identify(build) by extension 'ignore'
[0.240s] Level 1:colcon.colcon_core.package_identification:_identify(build) ignored
[0.240s] Level 1:colcon.colcon_core.package_identification:_identify(install) by extensions ['ignore', 'ignore_ament_install']
[0.240s] Level 1:colcon.colcon_core.package_identification:_identify(install) by extension 'ignore'
[0.241s] Level 1:colcon.colcon_core.package_identification:_identify(install) ignored
[0.241s] Level 1:colcon.colcon_core.package_identification:_identify(log) by extensions ['ignore', 'ignore_ament_install']
[0.241s] Level 1:colcon.colcon_core.package_identification:_identify(log) by extension 'ignore'
[0.241s] Level 1:colcon.colcon_core.package_identification:_identify(log) ignored
[0.241s] Level 1:colcon.colcon_core.package_identification:_identify(src) by extensions ['ignore', 'ignore_ament_install']
[0.241s] Level 1:colcon.colcon_core.package_identification:_identify(src) by extension 'ignore'
[0.241s] Level 1:colcon.colcon_core.package_identification:_identify(src) by extension 'ignore_ament_install'
[0.241s] Level 1:colcon.colcon_core.package_identification:_identify(src) by extensions ['ros']
[0.241s] Level 1:colcon.colcon_core.package_identification:_identify(src) by extension 'ros'
[0.241s] Level 1:colcon.colcon_core.package_identification:_identify(src) by extensions ['cmake', 'python']
[0.241s] Level 1:colcon.colcon_core.package_identification:_identify(src) by extension 'cmake'
[0.241s] Level 1:colcon.colcon_core.package_identification:_identify(src) by extension 'python'
[0.241s] Level 1:colcon.colcon_core.package_identification:_identify(src) by extensions ['python_setup_py']
[0.241s] Level 1:colcon.colcon_core.package_identification:_identify(src) by extension 'python_setup_py'
[0.242s] Level 1:colcon.colcon_core.package_identification:_identify(src/control_interfaces) by extensions ['ignore', 'ignore_ament_install']
[0.242s] Level 1:colcon.colcon_core.package_identification:_identify(src/control_interfaces) by extension 'ignore'
[0.242s] Level 1:colcon.colcon_core.package_identification:_identify(src/control_interfaces) by extension 'ignore_ament_install'
[0.242s] Level 1:colcon.colcon_core.package_identification:_identify(src/control_interfaces) by extensions ['ros']
[0.242s] Level 1:colcon.colcon_core.package_identification:_identify(src/control_interfaces) by extension 'ros'
[0.244s] DEBUG:colcon.colcon_core.package_identification:Package 'src/control_interfaces' with type 'ros.ament_cmake' and name 'control_interfaces'
[0.244s] Level 1:colcon.colcon_core.package_identification:_identify(src/kuka_kr6_support) by extensions ['ignore', 'ignore_ament_install']
[0.244s] Level 1:colcon.colcon_core.package_identification:_identify(src/kuka_kr6_support) by extension 'ignore'
[0.244s] Level 1:colcon.colcon_core.package_identification:_identify(src/kuka_kr6_support) by extension 'ignore_ament_install'
[0.244s] Level 1:colcon.colcon_core.package_identification:_identify(src/kuka_kr6_support) by extensions ['ros']
[0.245s] Level 1:colcon.colcon_core.package_identification:_identify(src/kuka_kr6_support) by extension 'ros'
[0.245s] DEBUG:colcon.colcon_core.package_identification:Package 'src/kuka_kr6_support' with type 'ros.ament_cmake' and name 'kuka_kr6_support'
[0.245s] Level 1:colcon.colcon_core.package_identification:_identify(src/kuka_resources) by extensions ['ignore', 'ignore_ament_install']
[0.245s] Level 1:colcon.colcon_core.package_identification:_identify(src/kuka_resources) by extension 'ignore'
[0.245s] Level 1:colcon.colcon_core.package_identification:_identify(src/kuka_resources) by extension 'ignore_ament_install'
[0.245s] Level 1:colcon.colcon_core.package_identification:_identify(src/kuka_resources) by extensions ['ros']
[0.245s] Level 1:colcon.colcon_core.package_identification:_identify(src/kuka_resources) by extension 'ros'
[0.246s] DEBUG:colcon.colcon_core.package_identification:Package 'src/kuka_resources' with type 'ros.ament_cmake' and name 'kuka_resources'
[0.246s] Level 1:colcon.colcon_core.package_identification:_identify(src/rpi_joint_jogger) by extensions ['ignore', 'ignore_ament_install']
[0.246s] Level 1:colcon.colcon_core.package_identification:_identify(src/rpi_joint_jogger) by extension 'ignore'
[0.246s] Level 1:colcon.colcon_core.package_identification:_identify(src/rpi_joint_jogger) by extension 'ignore_ament_install'
[0.246s] Level 1:colcon.colcon_core.package_identification:_identify(src/rpi_joint_jogger) by extensions ['ros']
[0.246s] Level 1:colcon.colcon_core.package_identification:_identify(src/rpi_joint_jogger) by extension 'ros'
[0.247s] DEBUG:colcon.colcon_core.package_identification:Package 'src/rpi_joint_jogger' with type 'ros.ament_python' and name 'rpi_joint_jogger'
[0.247s] Level 1:colcon.colcon_core.package_identification:_identify(src/simple_controller) by extensions ['ignore', 'ignore_ament_install']
[0.247s] Level 1:colcon.colcon_core.package_identification:_identify(src/simple_controller) by extension 'ignore'
[0.247s] Level 1:colcon.colcon_core.package_identification:_identify(src/simple_controller) by extension 'ignore_ament_install'
[0.247s] Level 1:colcon.colcon_core.package_identification:_identify(src/simple_controller) by extensions ['ros']
[0.247s] Level 1:colcon.colcon_core.package_identification:_identify(src/simple_controller) by extension 'ros'
[0.248s] DEBUG:colcon.colcon_core.package_identification:Package 'src/simple_controller' with type 'ros.ament_python' and name 'simple_controller'
[0.248s] Level 1:colcon.colcon_core.package_identification:_identify(src/simple_robot_driver) by extensions ['ignore', 'ignore_ament_install']
[0.248s] Level 1:colcon.colcon_core.package_identification:_identify(src/simple_robot_driver) by extension 'ignore'
[0.248s] Level 1:colcon.colcon_core.package_identification:_identify(src/simple_robot_driver) by extension 'ignore_ament_install'
[0.248s] Level 1:colcon.colcon_core.package_identification:_identify(src/simple_robot_driver) by extensions ['ros']
[0.248s] Level 1:colcon.colcon_core.package_identification:_identify(src/simple_robot_driver) by extension 'ros'
[0.249s] DEBUG:colcon.colcon_core.package_identification:Package 'src/simple_robot_driver' with type 'ros.ament_python' and name 'simple_robot_driver'
[0.249s] Level 1:colcon.colcon_core.package_identification:_identify(src/simple_robot_keyboard_controller) by extensions ['ignore', 'ignore_ament_install']
[0.249s] Level 1:colcon.colcon_core.package_identification:_identify(src/simple_robot_keyboard_controller) by extension 'ignore'
[0.249s] Level 1:colcon.colcon_core.package_identification:_identify(src/simple_robot_keyboard_controller) by extension 'ignore_ament_install'
[0.249s] Level 1:colcon.colcon_core.package_identification:_identify(src/simple_robot_keyboard_controller) by extensions ['ros']
[0.249s] Level 1:colcon.colcon_core.package_identification:_identify(src/simple_robot_keyboard_controller) by extension 'ros'
[0.250s] DEBUG:colcon.colcon_core.package_identification:Package 'src/simple_robot_keyboard_controller' with type 'ros.ament_python' and name 'simple_robot_keyboard_controller'
[0.250s] Level 1:colcon.colcon_core.package_discovery:discover_packages(recursive) using defaults
[0.250s] Level 1:colcon.colcon_core.package_discovery:discover_packages(path) discover
[0.250s] Level 1:colcon.colcon_core.package_discovery:discover_packages(path) using defaults
[0.276s] Level 5:colcon.colcon_core.verb:set package 'control_interfaces' build argument 'cmake_args' from command line to 'None'
[0.277s] Level 5:colcon.colcon_core.verb:set package 'control_interfaces' build argument 'cmake_target' from command line to 'None'
[0.277s] Level 5:colcon.colcon_core.verb:set package 'control_interfaces' build argument 'cmake_target_skip_unavailable' from command line to 'False'
[0.277s] Level 5:colcon.colcon_core.verb:set package 'control_interfaces' build argument 'cmake_clean_cache' from command line to 'False'
[0.277s] Level 5:colcon.colcon_core.verb:set package 'control_interfaces' build argument 'cmake_clean_first' from command line to 'False'
[0.277s] Level 5:colcon.colcon_core.verb:set package 'control_interfaces' build argument 'cmake_force_configure' from command line to 'False'
[0.277s] Level 5:colcon.colcon_core.verb:set package 'control_interfaces' build argument 'ament_cmake_args' from command line to 'None'
[0.277s] Level 5:colcon.colcon_core.verb:set package 'control_interfaces' build argument 'catkin_cmake_args' from command line to 'None'
[0.277s] Level 5:colcon.colcon_core.verb:set package 'control_interfaces' build argument 'catkin_skip_building_tests' from command line to 'False'
[0.277s] DEBUG:colcon.colcon_core.verb:Building package 'control_interfaces' with the following arguments: {'ament_cmake_args': None, 'build_base': '/home/robosight/workspace/arm_ws/build/control_interfaces', 'catkin_cmake_args': None, 'catkin_skip_building_tests': False, 'cmake_args': None, 'cmake_clean_cache': False, 'cmake_clean_first': False, 'cmake_force_configure': False, 'cmake_target': None, 'cmake_target_skip_unavailable': False, 'install_base': '/home/robosight/workspace/arm_ws/install/control_interfaces', 'merge_install': False, 'path': '/home/robosight/workspace/arm_ws/src/control_interfaces', 'symlink_install': False, 'test_result_base': None}
[0.278s] Level 5:colcon.colcon_core.verb:set package 'kuka_kr6_support' build argument 'cmake_args' from command line to 'None'
[0.278s] Level 5:colcon.colcon_core.verb:set package 'kuka_kr6_support' build argument 'cmake_target' from command line to 'None'
[0.278s] Level 5:colcon.colcon_core.verb:set package 'kuka_kr6_support' build argument 'cmake_target_skip_unavailable' from command line to 'False'
[0.278s] Level 5:colcon.colcon_core.verb:set package 'kuka_kr6_support' build argument 'cmake_clean_cache' from command line to 'False'
[0.278s] Level 5:colcon.colcon_core.verb:set package 'kuka_kr6_support' build argument 'cmake_clean_first' from command line to 'False'
[0.278s] Level 5:colcon.colcon_core.verb:set package 'kuka_kr6_support' build argument 'cmake_force_configure' from command line to 'False'
[0.278s] Level 5:colcon.colcon_core.verb:set package 'kuka_kr6_support' build argument 'ament_cmake_args' from command line to 'None'
[0.278s] Level 5:colcon.colcon_core.verb:set package 'kuka_kr6_support' build argument 'catkin_cmake_args' from command line to 'None'
[0.278s] Level 5:colcon.colcon_core.verb:set package 'kuka_kr6_support' build argument 'catkin_skip_building_tests' from command line to 'False'
[0.278s] DEBUG:colcon.colcon_core.verb:Building package 'kuka_kr6_support' with the following arguments: {'ament_cmake_args': None, 'build_base': '/home/robosight/workspace/arm_ws/build/kuka_kr6_support', 'catkin_cmake_args': None, 'catkin_skip_building_tests': False, 'cmake_args': None, 'cmake_clean_cache': False, 'cmake_clean_first': False, 'cmake_force_configure': False, 'cmake_target': None, 'cmake_target_skip_unavailable': False, 'install_base': '/home/robosight/workspace/arm_ws/install/kuka_kr6_support', 'merge_install': False, 'path': '/home/robosight/workspace/arm_ws/src/kuka_kr6_support', 'symlink_install': False, 'test_result_base': None}
[0.279s] Level 5:colcon.colcon_core.verb:set package 'kuka_resources' build argument 'cmake_args' from command line to 'None'
[0.279s] Level 5:colcon.colcon_core.verb:set package 'kuka_resources' build argument 'cmake_target' from command line to 'None'
[0.279s] Level 5:colcon.colcon_core.verb:set package 'kuka_resources' build argument 'cmake_target_skip_unavailable' from command line to 'False'
[0.279s] Level 5:colcon.colcon_core.verb:set package 'kuka_resources' build argument 'cmake_clean_cache' from command line to 'False'
[0.279s] Level 5:colcon.colcon_core.verb:set package 'kuka_resources' build argument 'cmake_clean_first' from command line to 'False'
[0.279s] Level 5:colcon.colcon_core.verb:set package 'kuka_resources' build argument 'cmake_force_configure' from command line to 'False'
[0.279s] Level 5:colcon.colcon_core.verb:set package 'kuka_resources' build argument 'ament_cmake_args' from command line to 'None'
[0.279s] Level 5:colcon.colcon_core.verb:set package 'kuka_resources' build argument 'catkin_cmake_args' from command line to 'None'
[0.279s] Level 5:colcon.colcon_core.verb:set package 'kuka_resources' build argument 'catkin_skip_building_tests' from command line to 'False'
[0.280s] DEBUG:colcon.colcon_core.verb:Building package 'kuka_resources' with the following arguments: {'ament_cmake_args': None, 'build_base': '/home/robosight/workspace/arm_ws/build/kuka_resources', 'catkin_cmake_args': None, 'catkin_skip_building_tests': False, 'cmake_args': None, 'cmake_clean_cache': False, 'cmake_clean_first': False, 'cmake_force_configure': False, 'cmake_target': None, 'cmake_target_skip_unavailable': False, 'install_base': '/home/robosight/workspace/arm_ws/install/kuka_resources', 'merge_install': False, 'path': '/home/robosight/workspace/arm_ws/src/kuka_resources', 'symlink_install': False, 'test_result_base': None}
[0.280s] Level 5:colcon.colcon_core.verb:set package 'rpi_joint_jogger' build argument 'cmake_args' from command line to 'None'
[0.281s] Level 5:colcon.colcon_core.verb:set package 'rpi_joint_jogger' build argument 'cmake_target' from command line to 'None'
[0.281s] Level 5:colcon.colcon_core.verb:set package 'rpi_joint_jogger' build argument 'cmake_target_skip_unavailable' from command line to 'False'
[0.281s] Level 5:colcon.colcon_core.verb:set package 'rpi_joint_jogger' build argument 'cmake_clean_cache' from command line to 'False'
[0.281s] Level 5:colcon.colcon_core.verb:set package 'rpi_joint_jogger' build argument 'cmake_clean_first' from command line to 'False'
[0.281s] Level 5:colcon.colcon_core.verb:set package 'rpi_joint_jogger' build argument 'cmake_force_configure' from command line to 'False'
[0.281s] Level 5:colcon.colcon_core.verb:set package 'rpi_joint_jogger' build argument 'ament_cmake_args' from command line to 'None'
[0.281s] Level 5:colcon.colcon_core.verb:set package 'rpi_joint_jogger' build argument 'catkin_cmake_args' from command line to 'None'
[0.281s] Level 5:colcon.colcon_core.verb:set package 'rpi_joint_jogger' build argument 'catkin_skip_building_tests' from command line to 'False'
[0.281s] DEBUG:colcon.colcon_core.verb:Building package 'rpi_joint_jogger' with the following arguments: {'ament_cmake_args': None, 'build_base': '/home/robosight/workspace/arm_ws/build/rpi_joint_jogger', 'catkin_cmake_args': None, 'catkin_skip_building_tests': False, 'cmake_args': None, 'cmake_clean_cache': False, 'cmake_clean_first': False, 'cmake_force_configure': False, 'cmake_target': None, 'cmake_target_skip_unavailable': False, 'install_base': '/home/robosight/workspace/arm_ws/install/rpi_joint_jogger', 'merge_install': False, 'path': '/home/robosight/workspace/arm_ws/src/rpi_joint_jogger', 'symlink_install': False, 'test_result_base': None}
[0.282s] Level 5:colcon.colcon_core.verb:set package 'simple_robot_keyboard_controller' build argument 'cmake_args' from command line to 'None'
[0.283s] Level 5:colcon.colcon_core.verb:set package 'simple_robot_keyboard_controller' build argument 'cmake_target' from command line to 'None'
[0.283s] Level 5:colcon.colcon_core.verb:set package 'simple_robot_keyboard_controller' build argument 'cmake_target_skip_unavailable' from command line to 'False'
[0.283s] Level 5:colcon.colcon_core.verb:set package 'simple_robot_keyboard_controller' build argument 'cmake_clean_cache' from command line to 'False'
[0.283s] Level 5:colcon.colcon_core.verb:set package 'simple_robot_keyboard_controller' build argument 'cmake_clean_first' from command line to 'False'
[0.283s] Level 5:colcon.colcon_core.verb:set package 'simple_robot_keyboard_controller' build argument 'cmake_force_configure' from command line to 'False'
[0.283s] Level 5:colcon.colcon_core.verb:set package 'simple_robot_keyboard_controller' build argument 'ament_cmake_args' from command line to 'None'
[0.283s] Level 5:colcon.colcon_core.verb:set package 'simple_robot_keyboard_controller' build argument 'catkin_cmake_args' from command line to 'None'
[0.283s] Level 5:colcon.colcon_core.verb:set package 'simple_robot_keyboard_controller' build argument 'catkin_skip_building_tests' from command line to 'False'
[0.283s] DEBUG:colcon.colcon_core.verb:Building package 'simple_robot_keyboard_controller' with the following arguments: {'ament_cmake_args': None, 'build_base': '/home/robosight/workspace/arm_ws/build/simple_robot_keyboard_controller', 'catkin_cmake_args': None, 'catkin_skip_building_tests': False, 'cmake_args': None, 'cmake_clean_cache': False, 'cmake_clean_first': False, 'cmake_force_configure': False, 'cmake_target': None, 'cmake_target_skip_unavailable': False, 'install_base': '/home/robosight/workspace/arm_ws/install/simple_robot_keyboard_controller', 'merge_install': False, 'path': '/home/robosight/workspace/arm_ws/src/simple_robot_keyboard_controller', 'symlink_install': False, 'test_result_base': None}
[0.284s] Level 5:colcon.colcon_core.verb:set package 'simple_controller' build argument 'cmake_args' from command line to 'None'
[0.284s] Level 5:colcon.colcon_core.verb:set package 'simple_controller' build argument 'cmake_target' from command line to 'None'
[0.284s] Level 5:colcon.colcon_core.verb:set package 'simple_controller' build argument 'cmake_target_skip_unavailable' from command line to 'False'
[0.284s] Level 5:colcon.colcon_core.verb:set package 'simple_controller' build argument 'cmake_clean_cache' from command line to 'False'
[0.284s] Level 5:colcon.colcon_core.verb:set package 'simple_controller' build argument 'cmake_clean_first' from command line to 'False'
[0.284s] Level 5:colcon.colcon_core.verb:set package 'simple_controller' build argument 'cmake_force_configure' from command line to 'False'
[0.284s] Level 5:colcon.colcon_core.verb:set package 'simple_controller' build argument 'ament_cmake_args' from command line to 'None'
[0.284s] Level 5:colcon.colcon_core.verb:set package 'simple_controller' build argument 'catkin_cmake_args' from command line to 'None'
[0.284s] Level 5:colcon.colcon_core.verb:set package 'simple_controller' build argument 'catkin_skip_building_tests' from command line to 'False'
[0.284s] DEBUG:colcon.colcon_core.verb:Building package 'simple_controller' with the following arguments: {'ament_cmake_args': None, 'build_base': '/home/robosight/workspace/arm_ws/build/simple_controller', 'catkin_cmake_args': None, 'catkin_skip_building_tests': False, 'cmake_args': None, 'cmake_clean_cache': False, 'cmake_clean_first': False, 'cmake_force_configure': False, 'cmake_target': None, 'cmake_target_skip_unavailable': False, 'install_base': '/home/robosight/workspace/arm_ws/install/simple_controller', 'merge_install': False, 'path': '/home/robosight/workspace/arm_ws/src/simple_controller', 'symlink_install': False, 'test_result_base': None}
[0.285s] Level 5:colcon.colcon_core.verb:set package 'simple_robot_driver' build argument 'cmake_args' from command line to 'None'
[0.285s] Level 5:colcon.colcon_core.verb:set package 'simple_robot_driver' build argument 'cmake_target' from command line to 'None'
[0.285s] Level 5:colcon.colcon_core.verb:set package 'simple_robot_driver' build argument 'cmake_target_skip_unavailable' from command line to 'False'
[0.285s] Level 5:colcon.colcon_core.verb:set package 'simple_robot_driver' build argument 'cmake_clean_cache' from command line to 'False'
[0.285s] Level 5:colcon.colcon_core.verb:set package 'simple_robot_driver' build argument 'cmake_clean_first' from command line to 'False'
[0.285s] Level 5:colcon.colcon_core.verb:set package 'simple_robot_driver' build argument 'cmake_force_configure' from command line to 'False'
[0.285s] Level 5:colcon.colcon_core.verb:set package 'simple_robot_driver' build argument 'ament_cmake_args' from command line to 'None'
[0.285s] Level 5:colcon.colcon_core.verb:set package 'simple_robot_driver' build argument 'catkin_cmake_args' from command line to 'None'
[0.286s] Level 5:colcon.colcon_core.verb:set package 'simple_robot_driver' build argument 'catkin_skip_building_tests' from command line to 'False'
[0.286s] DEBUG:colcon.colcon_core.verb:Building package 'simple_robot_driver' with the following arguments: {'ament_cmake_args': None, 'build_base': '/home/robosight/workspace/arm_ws/build/simple_robot_driver', 'catkin_cmake_args': None, 'catkin_skip_building_tests': False, 'cmake_args': None, 'cmake_clean_cache': False, 'cmake_clean_first': False, 'cmake_force_configure': False, 'cmake_target': None, 'cmake_target_skip_unavailable': False, 'install_base': '/home/robosight/workspace/arm_ws/install/simple_robot_driver', 'merge_install': False, 'path': '/home/robosight/workspace/arm_ws/src/simple_robot_driver', 'symlink_install': False, 'test_result_base': None}
[0.286s] INFO:colcon.colcon_core.executor:Executing jobs using 'sequential' executor
[0.288s] DEBUG:colcon.colcon_core.executor.sequential:run_until_complete 'control_interfaces'
[0.288s] INFO:colcon.colcon_ros.task.ament_cmake.build:Building ROS package in '/home/robosight/workspace/arm_ws/src/control_interfaces' with build type 'ament_cmake'
[0.288s] INFO:colcon.colcon_cmake.task.cmake.build:Building CMake package in '/home/robosight/workspace/arm_ws/src/control_interfaces'
[0.292s] INFO:colcon.colcon_core.plugin_system:Skipping extension 'colcon_core.shell.bat': Not used on non-Windows systems
[0.292s] DEBUG:colcon.colcon_core.shell:Skip shell extension 'dsv' for command environment
[0.301s] DEBUG:colcon.colcon_core.event_handler.log_command:Invoking command in '/home/robosight/workspace/arm_ws/build/control_interfaces': CMAKE_PREFIX_PATH=${CMAKE_PREFIX_PATH}:/home/robosight/workspace/arm_ws/install/simple_robot_keyboard_controller:/home/robosight/workspace/arm_ws/install/simple_robot_driver:/home/robosight/workspace/arm_ws/install/simple_controller:/home/robosight/workspace/arm_ws/install/rpi_joint_jogger:/opt/ros/humble /usr/bin/cmake --build /home/robosight/workspace/arm_ws/build/control_interfaces -- -j8 -l8
[0.634s] DEBUG:colcon.colcon_core.event_handler.log_command:Invoked command in '/home/robosight/workspace/arm_ws/build/control_interfaces' returned '0': CMAKE_PREFIX_PATH=${CMAKE_PREFIX_PATH}:/home/robosight/workspace/arm_ws/install/simple_robot_keyboard_controller:/home/robosight/workspace/arm_ws/install/simple_robot_driver:/home/robosight/workspace/arm_ws/install/simple_controller:/home/robosight/workspace/arm_ws/install/rpi_joint_jogger:/opt/ros/humble /usr/bin/cmake --build /home/robosight/workspace/arm_ws/build/control_interfaces -- -j8 -l8
[0.692s] DEBUG:colcon.colcon_core.event_handler.log_command:Invoking command in '/home/robosight/workspace/arm_ws/build/control_interfaces': CMAKE_PREFIX_PATH=${CMAKE_PREFIX_PATH}:/home/robosight/workspace/arm_ws/install/simple_robot_keyboard_controller:/home/robosight/workspace/arm_ws/install/simple_robot_driver:/home/robosight/workspace/arm_ws/install/simple_controller:/home/robosight/workspace/arm_ws/install/rpi_joint_jogger:/opt/ros/humble /usr/bin/cmake --install /home/robosight/workspace/arm_ws/build/control_interfaces
[0.746s] Level 1:colcon.colcon_core.environment:create_environment_scripts_only(control_interfaces)
[0.746s] DEBUG:colcon.colcon_core.event_handler.log_command:Invoked command in '/home/robosight/workspace/arm_ws/build/control_interfaces' returned '0': CMAKE_PREFIX_PATH=${CMAKE_PREFIX_PATH}:/home/robosight/workspace/arm_ws/install/simple_robot_keyboard_controller:/home/robosight/workspace/arm_ws/install/simple_robot_driver:/home/robosight/workspace/arm_ws/install/simple_controller:/home/robosight/workspace/arm_ws/install/rpi_joint_jogger:/opt/ros/humble /usr/bin/cmake --install /home/robosight/workspace/arm_ws/build/control_interfaces
[0.751s] Level 1:colcon.colcon_core.environment:checking '/home/robosight/workspace/arm_ws/install/control_interfaces' for CMake module files
[0.751s] Level 1:colcon.colcon_core.environment:checking '/home/robosight/workspace/arm_ws/install/control_interfaces' for CMake config files
[0.752s] Level 1:colcon.colcon_core.shell:create_environment_hook('control_interfaces', 'cmake_prefix_path')
[0.753s] INFO:colcon.colcon_core.shell:Creating environment descriptor '/home/robosight/workspace/arm_ws/install/control_interfaces/share/control_interfaces/hook/cmake_prefix_path.dsv'
[0.753s] INFO:colcon.colcon_core.shell:Creating environment hook '/home/robosight/workspace/arm_ws/install/control_interfaces/share/control_interfaces/hook/cmake_prefix_path.sh'
[0.754s] Level 1:colcon.colcon_core.environment:checking '/home/robosight/workspace/arm_ws/install/control_interfaces/lib'
[0.754s] Level 1:colcon.colcon_core.shell:create_environment_hook('control_interfaces', 'ld_library_path_lib')
[0.755s] INFO:colcon.colcon_core.shell:Creating environment descriptor '/home/robosight/workspace/arm_ws/install/control_interfaces/share/control_interfaces/hook/ld_library_path_lib.dsv'
[0.755s] INFO:colcon.colcon_core.shell:Creating environment hook '/home/robosight/workspace/arm_ws/install/control_interfaces/share/control_interfaces/hook/ld_library_path_lib.sh'
[0.756s] Level 1:colcon.colcon_core.environment:checking '/home/robosight/workspace/arm_ws/install/control_interfaces/bin'
[0.756s] Level 1:colcon.colcon_core.environment:checking '/home/robosight/workspace/arm_ws/install/control_interfaces/lib/pkgconfig/control_interfaces.pc'
[0.757s] Level 1:colcon.colcon_core.environment:checking '/home/robosight/workspace/arm_ws/install/control_interfaces/lib/python3.10/site-packages'
[0.757s] Level 1:colcon.colcon_core.environment:checking '/home/robosight/workspace/arm_ws/install/control_interfaces/bin'
[0.758s] INFO:colcon.colcon_core.shell:Creating package descriptor '/home/robosight/workspace/arm_ws/install/control_interfaces/share/control_interfaces/package.dsv'
[0.759s] INFO:colcon.colcon_core.shell:Creating package script '/home/robosight/workspace/arm_ws/install/control_interfaces/share/control_interfaces/package.sh'
[0.760s] Level 1:colcon.colcon_core.environment:create_file_with_runtime_dependencies(/home/robosight/workspace/arm_ws/install/control_interfaces/share/colcon-core/packages/control_interfaces)
[0.811s] Level 1:colcon.colcon_core.environment:create_environment_scripts_only(control_interfaces)
[0.813s] Level 1:colcon.colcon_core.environment:checking '/home/robosight/workspace/arm_ws/install/control_interfaces' for CMake module files
[0.814s] Level 1:colcon.colcon_core.environment:checking '/home/robosight/workspace/arm_ws/install/control_interfaces' for CMake config files
[0.814s] Level 1:colcon.colcon_core.shell:create_environment_hook('control_interfaces', 'cmake_prefix_path')
[0.815s] INFO:colcon.colcon_core.shell:Creating environment descriptor '/home/robosight/workspace/arm_ws/install/control_interfaces/share/control_interfaces/hook/cmake_prefix_path.dsv'
[0.815s] INFO:colcon.colcon_core.shell:Creating environment hook '/home/robosight/workspace/arm_ws/install/control_interfaces/share/control_interfaces/hook/cmake_prefix_path.sh'
[0.816s] Level 1:colcon.colcon_core.environment:checking '/home/robosight/workspace/arm_ws/install/control_interfaces/lib'
[0.816s] Level 1:colcon.colcon_core.shell:create_environment_hook('control_interfaces', 'ld_library_path_lib')
[0.817s] INFO:colcon.colcon_core.shell:Creating environment descriptor '/home/robosight/workspace/arm_ws/install/control_interfaces/share/control_interfaces/hook/ld_library_path_lib.dsv'
[0.817s] INFO:colcon.colcon_core.shell:Creating environment hook '/home/robosight/workspace/arm_ws/install/control_interfaces/share/control_interfaces/hook/ld_library_path_lib.sh'
[0.817s] Level 1:colcon.colcon_core.environment:checking '/home/robosight/workspace/arm_ws/install/control_interfaces/bin'
[0.817s] Level 1:colcon.colcon_core.environment:checking '/home/robosight/workspace/arm_ws/install/control_interfaces/lib/pkgconfig/control_interfaces.pc'
[0.818s] Level 1:colcon.colcon_core.environment:checking '/home/robosight/workspace/arm_ws/install/control_interfaces/lib/python3.10/site-packages'
[0.818s] Level 1:colcon.colcon_core.environment:checking '/home/robosight/workspace/arm_ws/install/control_interfaces/bin'
[0.819s] INFO:colcon.colcon_core.shell:Creating package descriptor '/home/robosight/workspace/arm_ws/install/control_interfaces/share/control_interfaces/package.dsv'
[0.819s] INFO:colcon.colcon_core.shell:Creating package script '/home/robosight/workspace/arm_ws/install/control_interfaces/share/control_interfaces/package.sh'
[0.820s] Level 1:colcon.colcon_core.environment:create_file_with_runtime_dependencies(/home/robosight/workspace/arm_ws/install/control_interfaces/share/colcon-core/packages/control_interfaces)
[0.820s] DEBUG:colcon.colcon_core.executor.sequential:run_until_complete 'control_interfaces' finished with '0'
[0.820s] DEBUG:colcon.colcon_core.executor.sequential:run_until_complete 'kuka_kr6_support'
[0.820s] INFO:colcon.colcon_ros.task.ament_cmake.build:Building ROS package in '/home/robosight/workspace/arm_ws/src/kuka_kr6_support' with build type 'ament_cmake'
[0.820s] INFO:colcon.colcon_cmake.task.cmake.build:Building CMake package in '/home/robosight/workspace/arm_ws/src/kuka_kr6_support'
[0.821s] DEBUG:colcon.colcon_core.shell:Skip shell extension 'dsv' for command environment
[0.828s] DEBUG:colcon.colcon_core.event_handler.log_command:Invoking command in '/home/robosight/workspace/arm_ws/build/kuka_kr6_support': CMAKE_PREFIX_PATH=${CMAKE_PREFIX_PATH}:/home/robosight/workspace/arm_ws/install/simple_robot_keyboard_controller:/home/robosight/workspace/arm_ws/install/simple_robot_driver:/home/robosight/workspace/arm_ws/install/simple_controller:/home/robosight/workspace/arm_ws/install/rpi_joint_jogger:/opt/ros/humble /usr/bin/cmake --build /home/robosight/workspace/arm_ws/build/kuka_kr6_support -- -j8 -l8
[0.859s] DEBUG:colcon.colcon_core.event_handler.log_command:Invoked command in '/home/robosight/workspace/arm_ws/build/kuka_kr6_support' returned '0': CMAKE_PREFIX_PATH=${CMAKE_PREFIX_PATH}:/home/robosight/workspace/arm_ws/install/simple_robot_keyboard_controller:/home/robosight/workspace/arm_ws/install/simple_robot_driver:/home/robosight/workspace/arm_ws/install/simple_controller:/home/robosight/workspace/arm_ws/install/rpi_joint_jogger:/opt/ros/humble /usr/bin/cmake --build /home/robosight/workspace/arm_ws/build/kuka_kr6_support -- -j8 -l8
[0.876s] DEBUG:colcon.colcon_core.event_handler.log_command:Invoking command in '/home/robosight/workspace/arm_ws/build/kuka_kr6_support': CMAKE_PREFIX_PATH=${CMAKE_PREFIX_PATH}:/home/robosight/workspace/arm_ws/install/simple_robot_keyboard_controller:/home/robosight/workspace/arm_ws/install/simple_robot_driver:/home/robosight/workspace/arm_ws/install/simple_controller:/home/robosight/workspace/arm_ws/install/rpi_joint_jogger:/opt/ros/humble /usr/bin/cmake --install /home/robosight/workspace/arm_ws/build/kuka_kr6_support
[0.885s] Level 1:colcon.colcon_core.environment:create_environment_scripts_only(kuka_kr6_support)
[0.885s] DEBUG:colcon.colcon_core.event_handler.log_command:Invoked command in '/home/robosight/workspace/arm_ws/build/kuka_kr6_support' returned '0': CMAKE_PREFIX_PATH=${CMAKE_PREFIX_PATH}:/home/robosight/workspace/arm_ws/install/simple_robot_keyboard_controller:/home/robosight/workspace/arm_ws/install/simple_robot_driver:/home/robosight/workspace/arm_ws/install/simple_controller:/home/robosight/workspace/arm_ws/install/rpi_joint_jogger:/opt/ros/humble /usr/bin/cmake --install /home/robosight/workspace/arm_ws/build/kuka_kr6_support
[0.887s] Level 1:colcon.colcon_core.environment:checking '/home/robosight/workspace/arm_ws/install/kuka_kr6_support' for CMake module files
[0.887s] Level 1:colcon.colcon_core.environment:checking '/home/robosight/workspace/arm_ws/install/kuka_kr6_support' for CMake config files
[0.888s] Level 1:colcon.colcon_core.shell:create_environment_hook('kuka_kr6_support', 'cmake_prefix_path')
[0.889s] INFO:colcon.colcon_core.shell:Creating environment descriptor '/home/robosight/workspace/arm_ws/install/kuka_kr6_support/share/kuka_kr6_support/hook/cmake_prefix_path.dsv'
[0.890s] INFO:colcon.colcon_core.shell:Creating environment hook '/home/robosight/workspace/arm_ws/install/kuka_kr6_support/share/kuka_kr6_support/hook/cmake_prefix_path.sh'
[0.890s] Level 1:colcon.colcon_core.environment:checking '/home/robosight/workspace/arm_ws/install/kuka_kr6_support/bin'
[0.890s] Level 1:colcon.colcon_core.environment:checking '/home/robosight/workspace/arm_ws/install/kuka_kr6_support/lib/pkgconfig/kuka_kr6_support.pc'
[0.890s] Level 1:colcon.colcon_core.environment:checking '/home/robosight/workspace/arm_ws/install/kuka_kr6_support/lib/python3.10/site-packages'
[0.891s] Level 1:colcon.colcon_core.environment:checking '/home/robosight/workspace/arm_ws/install/kuka_kr6_support/bin'
[0.892s] INFO:colcon.colcon_core.shell:Creating package descriptor '/home/robosight/workspace/arm_ws/install/kuka_kr6_support/share/kuka_kr6_support/package.dsv'
[0.892s] INFO:colcon.colcon_core.shell:Creating package script '/home/robosight/workspace/arm_ws/install/kuka_kr6_support/share/kuka_kr6_support/package.sh'
[0.892s] Level 1:colcon.colcon_core.environment:create_file_with_runtime_dependencies(/home/robosight/workspace/arm_ws/install/kuka_kr6_support/share/colcon-core/packages/kuka_kr6_support)
[0.909s] Level 1:colcon.colcon_core.environment:create_environment_scripts_only(kuka_kr6_support)
[0.911s] Level 1:colcon.colcon_core.environment:checking '/home/robosight/workspace/arm_ws/install/kuka_kr6_support' for CMake module files
[0.911s] Level 1:colcon.colcon_core.environment:checking '/home/robosight/workspace/arm_ws/install/kuka_kr6_support' for CMake config files
[0.912s] Level 1:colcon.colcon_core.shell:create_environment_hook('kuka_kr6_support', 'cmake_prefix_path')
[0.912s] INFO:colcon.colcon_core.shell:Creating environment descriptor '/home/robosight/workspace/arm_ws/install/kuka_kr6_support/share/kuka_kr6_support/hook/cmake_prefix_path.dsv'
[0.913s] INFO:colcon.colcon_core.shell:Creating environment hook '/home/robosight/workspace/arm_ws/install/kuka_kr6_support/share/kuka_kr6_support/hook/cmake_prefix_path.sh'
[0.913s] Level 1:colcon.colcon_core.environment:checking '/home/robosight/workspace/arm_ws/install/kuka_kr6_support/bin'
[0.914s] Level 1:colcon.colcon_core.environment:checking '/home/robosight/workspace/arm_ws/install/kuka_kr6_support/lib/pkgconfig/kuka_kr6_support.pc'
[0.914s] Level 1:colcon.colcon_core.environment:checking '/home/robosight/workspace/arm_ws/install/kuka_kr6_support/lib/python3.10/site-packages'
[0.914s] Level 1:colcon.colcon_core.environment:checking '/home/robosight/workspace/arm_ws/install/kuka_kr6_support/bin'
[0.915s] INFO:colcon.colcon_core.shell:Creating package descriptor '/home/robosight/workspace/arm_ws/install/kuka_kr6_support/share/kuka_kr6_support/package.dsv'
[0.915s] INFO:colcon.colcon_core.shell:Creating package script '/home/robosight/workspace/arm_ws/install/kuka_kr6_support/share/kuka_kr6_support/package.sh'
[0.916s] Level 1:colcon.colcon_core.environment:create_file_with_runtime_dependencies(/home/robosight/workspace/arm_ws/install/kuka_kr6_support/share/colcon-core/packages/kuka_kr6_support)
[0.916s] DEBUG:colcon.colcon_core.executor.sequential:run_until_complete 'kuka_kr6_support' finished with '0'
[0.916s] DEBUG:colcon.colcon_core.executor.sequential:run_until_complete 'kuka_resources'
[0.916s] INFO:colcon.colcon_ros.task.ament_cmake.build:Building ROS package in '/home/robosight/workspace/arm_ws/src/kuka_resources' with build type 'ament_cmake'
[0.916s] INFO:colcon.colcon_cmake.task.cmake.build:Building CMake package in '/home/robosight/workspace/arm_ws/src/kuka_resources'
[0.917s] DEBUG:colcon.colcon_core.shell:Skip shell extension 'dsv' for command environment
[0.924s] DEBUG:colcon.colcon_core.event_handler.log_command:Invoking command in '/home/robosight/workspace/arm_ws/build/kuka_resources': CMAKE_PREFIX_PATH=${CMAKE_PREFIX_PATH}:/home/robosight/workspace/arm_ws/install/simple_robot_keyboard_controller:/home/robosight/workspace/arm_ws/install/simple_robot_driver:/home/robosight/workspace/arm_ws/install/simple_controller:/home/robosight/workspace/arm_ws/install/rpi_joint_jogger:/opt/ros/humble /usr/bin/cmake --build /home/robosight/workspace/arm_ws/build/kuka_resources -- -j8 -l8
[0.955s] DEBUG:colcon.colcon_core.event_handler.log_command:Invoked command in '/home/robosight/workspace/arm_ws/build/kuka_resources' returned '0': CMAKE_PREFIX_PATH=${CMAKE_PREFIX_PATH}:/home/robosight/workspace/arm_ws/install/simple_robot_keyboard_controller:/home/robosight/workspace/arm_ws/install/simple_robot_driver:/home/robosight/workspace/arm_ws/install/simple_controller:/home/robosight/workspace/arm_ws/install/rpi_joint_jogger:/opt/ros/humble /usr/bin/cmake --build /home/robosight/workspace/arm_ws/build/kuka_resources -- -j8 -l8
[0.971s] DEBUG:colcon.colcon_core.event_handler.log_command:Invoking command in '/home/robosight/workspace/arm_ws/build/kuka_resources': CMAKE_PREFIX_PATH=${CMAKE_PREFIX_PATH}:/home/robosight/workspace/arm_ws/install/simple_robot_keyboard_controller:/home/robosight/workspace/arm_ws/install/simple_robot_driver:/home/robosight/workspace/arm_ws/install/simple_controller:/home/robosight/workspace/arm_ws/install/rpi_joint_jogger:/opt/ros/humble /usr/bin/cmake --install /home/robosight/workspace/arm_ws/build/kuka_resources
[0.980s] Level 1:colcon.colcon_core.environment:create_environment_scripts_only(kuka_resources)
[0.980s] DEBUG:colcon.colcon_core.event_handler.log_command:Invoked command in '/home/robosight/workspace/arm_ws/build/kuka_resources' returned '0': CMAKE_PREFIX_PATH=${CMAKE_PREFIX_PATH}:/home/robosight/workspace/arm_ws/install/simple_robot_keyboard_controller:/home/robosight/workspace/arm_ws/install/simple_robot_driver:/home/robosight/workspace/arm_ws/install/simple_controller:/home/robosight/workspace/arm_ws/install/rpi_joint_jogger:/opt/ros/humble /usr/bin/cmake --install /home/robosight/workspace/arm_ws/build/kuka_resources
[0.982s] Level 1:colcon.colcon_core.environment:checking '/home/robosight/workspace/arm_ws/install/kuka_resources' for CMake module files
[0.982s] Level 1:colcon.colcon_core.environment:checking '/home/robosight/workspace/arm_ws/install/kuka_resources' for CMake config files
[0.983s] Level 1:colcon.colcon_core.shell:create_environment_hook('kuka_resources', 'cmake_prefix_path')
[0.984s] INFO:colcon.colcon_core.shell:Creating environment descriptor '/home/robosight/workspace/arm_ws/install/kuka_resources/share/kuka_resources/hook/cmake_prefix_path.dsv'
[0.984s] INFO:colcon.colcon_core.shell:Creating environment hook '/home/robosight/workspace/arm_ws/install/kuka_resources/share/kuka_resources/hook/cmake_prefix_path.sh'
[0.984s] Level 1:colcon.colcon_core.environment:checking '/home/robosight/workspace/arm_ws/install/kuka_resources/bin'
[0.985s] Level 1:colcon.colcon_core.environment:checking '/home/robosight/workspace/arm_ws/install/kuka_resources/lib/pkgconfig/kuka_resources.pc'
[0.985s] Level 1:colcon.colcon_core.environment:checking '/home/robosight/workspace/arm_ws/install/kuka_resources/lib/python3.10/site-packages'
[0.985s] Level 1:colcon.colcon_core.environment:checking '/home/robosight/workspace/arm_ws/install/kuka_resources/bin'
[0.986s] INFO:colcon.colcon_core.shell:Creating package descriptor '/home/robosight/workspace/arm_ws/install/kuka_resources/share/kuka_resources/package.dsv'
[0.986s] INFO:colcon.colcon_core.shell:Creating package script '/home/robosight/workspace/arm_ws/install/kuka_resources/share/kuka_resources/package.sh'
[0.987s] Level 1:colcon.colcon_core.environment:create_file_with_runtime_dependencies(/home/robosight/workspace/arm_ws/install/kuka_resources/share/colcon-core/packages/kuka_resources)
[1.003s] Level 1:colcon.colcon_core.environment:create_environment_scripts_only(kuka_resources)
[1.005s] Level 1:colcon.colcon_core.environment:checking '/home/robosight/workspace/arm_ws/install/kuka_resources' for CMake module files
[1.005s] Level 1:colcon.colcon_core.environment:checking '/home/robosight/workspace/arm_ws/install/kuka_resources' for CMake config files
[1.005s] Level 1:colcon.colcon_core.shell:create_environment_hook('kuka_resources', 'cmake_prefix_path')
[1.006s] INFO:colcon.colcon_core.shell:Creating environment descriptor '/home/robosight/workspace/arm_ws/install/kuka_resources/share/kuka_resources/hook/cmake_prefix_path.dsv'
[1.007s] INFO:colcon.colcon_core.shell:Creating environment hook '/home/robosight/workspace/arm_ws/install/kuka_resources/share/kuka_resources/hook/cmake_prefix_path.sh'
[1.007s] Level 1:colcon.colcon_core.environment:checking '/home/robosight/workspace/arm_ws/install/kuka_resources/bin'
[1.007s] Level 1:colcon.colcon_core.environment:checking '/home/robosight/workspace/arm_ws/install/kuka_resources/lib/pkgconfig/kuka_resources.pc'
[1.008s] Level 1:colcon.colcon_core.environment:checking '/home/robosight/workspace/arm_ws/install/kuka_resources/lib/python3.10/site-packages'
[1.008s] Level 1:colcon.colcon_core.environment:checking '/home/robosight/workspace/arm_ws/install/kuka_resources/bin'
[1.009s] INFO:colcon.colcon_core.shell:Creating package descriptor '/home/robosight/workspace/arm_ws/install/kuka_resources/share/kuka_resources/package.dsv'
[1.009s] INFO:colcon.colcon_core.shell:Creating package script '/home/robosight/workspace/arm_ws/install/kuka_resources/share/kuka_resources/package.sh'
[1.009s] Level 1:colcon.colcon_core.environment:create_file_with_runtime_dependencies(/home/robosight/workspace/arm_ws/install/kuka_resources/share/colcon-core/packages/kuka_resources)
[1.010s] DEBUG:colcon.colcon_core.executor.sequential:run_until_complete 'kuka_resources' finished with '0'
[1.010s] DEBUG:colcon.colcon_core.executor.sequential:run_until_complete 'rpi_joint_jogger'
[1.010s] INFO:colcon.colcon_ros.task.ament_python.build:Building ROS package in '/home/robosight/workspace/arm_ws/src/rpi_joint_jogger' with build type 'ament_python'
[1.010s] Level 1:colcon.colcon_core.shell:create_environment_hook('rpi_joint_jogger', 'ament_prefix_path')
[1.011s] INFO:colcon.colcon_core.shell:Creating environment descriptor '/home/robosight/workspace/arm_ws/install/rpi_joint_jogger/share/rpi_joint_jogger/hook/ament_prefix_path.dsv'
[1.011s] INFO:colcon.colcon_core.shell:Creating environment hook '/home/robosight/workspace/arm_ws/install/rpi_joint_jogger/share/rpi_joint_jogger/hook/ament_prefix_path.sh'
[1.013s] DEBUG:colcon.colcon_core.shell:Skip shell extension 'dsv' for command environment
[1.271s] INFO:colcon.colcon_core.task.python.build:Building Python package in '/home/robosight/workspace/arm_ws/src/rpi_joint_jogger'
[1.272s] DEBUG:colcon.colcon_core.shell:Skip shell extension 'dsv' for command environment
[1.671s] DEBUG:colcon.colcon_core.event_handler.log_command:Invoking command in '/home/robosight/workspace/arm_ws/src/rpi_joint_jogger': PYTHONPATH=/home/robosight/workspace/arm_ws/install/rpi_joint_jogger/lib/python3.10/site-packages:${PYTHONPATH} /usr/bin/python3 setup.py egg_info --egg-base ../../build/rpi_joint_jogger build --build-base /home/robosight/workspace/arm_ws/build/rpi_joint_jogger/build install --prefix /home/robosight/workspace/arm_ws/install/rpi_joint_jogger --record /home/robosight/workspace/arm_ws/build/rpi_joint_jogger/install.log --single-version-externally-managed
[2.045s] Level 1:colcon.colcon_core.environment:checking '/home/robosight/workspace/arm_ws/install/rpi_joint_jogger' for CMake module files
[2.046s] DEBUG:colcon.colcon_core.event_handler.log_command:Invoked command in '/home/robosight/workspace/arm_ws/src/rpi_joint_jogger' returned '0': PYTHONPATH=/home/robosight/workspace/arm_ws/install/rpi_joint_jogger/lib/python3.10/site-packages:${PYTHONPATH} /usr/bin/python3 setup.py egg_info --egg-base ../../build/rpi_joint_jogger build --build-base /home/robosight/workspace/arm_ws/build/rpi_joint_jogger/build install --prefix /home/robosight/workspace/arm_ws/install/rpi_joint_jogger --record /home/robosight/workspace/arm_ws/build/rpi_joint_jogger/install.log --single-version-externally-managed
[2.046s] Level 1:colcon.colcon_core.environment:checking '/home/robosight/workspace/arm_ws/install/rpi_joint_jogger' for CMake config files
[2.047s] Level 1:colcon.colcon_core.environment:checking '/home/robosight/workspace/arm_ws/install/rpi_joint_jogger/lib'
[2.047s] Level 1:colcon.colcon_core.environment:checking '/home/robosight/workspace/arm_ws/install/rpi_joint_jogger/bin'
[2.047s] Level 1:colcon.colcon_core.environment:checking '/home/robosight/workspace/arm_ws/install/rpi_joint_jogger/lib/pkgconfig/rpi_joint_jogger.pc'
[2.048s] Level 1:colcon.colcon_core.environment:checking '/home/robosight/workspace/arm_ws/install/rpi_joint_jogger/lib/python3.10/site-packages'
[2.048s] Level 1:colcon.colcon_core.shell:create_environment_hook('rpi_joint_jogger', 'pythonpath')
[2.049s] INFO:colcon.colcon_core.shell:Creating environment descriptor '/home/robosight/workspace/arm_ws/install/rpi_joint_jogger/share/rpi_joint_jogger/hook/pythonpath.dsv'
[2.050s] INFO:colcon.colcon_core.shell:Creating environment hook '/home/robosight/workspace/arm_ws/install/rpi_joint_jogger/share/rpi_joint_jogger/hook/pythonpath.sh'
[2.050s] Level 1:colcon.colcon_core.environment:checking '/home/robosight/workspace/arm_ws/install/rpi_joint_jogger/bin'
[2.050s] Level 1:colcon.colcon_core.environment:create_environment_scripts_only(rpi_joint_jogger)
[2.052s] INFO:colcon.colcon_core.shell:Creating package descriptor '/home/robosight/workspace/arm_ws/install/rpi_joint_jogger/share/rpi_joint_jogger/package.dsv'
[2.052s] INFO:colcon.colcon_core.shell:Creating package script '/home/robosight/workspace/arm_ws/install/rpi_joint_jogger/share/rpi_joint_jogger/package.sh'
[2.053s] Level 1:colcon.colcon_core.environment:create_file_with_runtime_dependencies(/home/robosight/workspace/arm_ws/install/rpi_joint_jogger/share/colcon-core/packages/rpi_joint_jogger)
[2.053s] DEBUG:colcon.colcon_core.executor.sequential:run_until_complete 'rpi_joint_jogger' finished with '0'
[2.053s] DEBUG:colcon.colcon_core.executor.sequential:run_until_complete 'simple_robot_keyboard_controller'
[2.054s] INFO:colcon.colcon_ros.task.ament_python.build:Building ROS package in '/home/robosight/workspace/arm_ws/src/simple_robot_keyboard_controller' with build type 'ament_python'
[2.054s] Level 1:colcon.colcon_core.shell:create_environment_hook('simple_robot_keyboard_controller', 'ament_prefix_path')
[2.055s] INFO:colcon.colcon_core.shell:Creating environment descriptor '/home/robosight/workspace/arm_ws/install/simple_robot_keyboard_controller/share/simple_robot_keyboard_controller/hook/ament_prefix_path.dsv'
[2.056s] INFO:colcon.colcon_core.shell:Creating environment hook '/home/robosight/workspace/arm_ws/install/simple_robot_keyboard_controller/share/simple_robot_keyboard_controller/hook/ament_prefix_path.sh'
[2.058s] DEBUG:colcon.colcon_core.shell:Skip shell extension 'dsv' for command environment
[2.375s] INFO:colcon.colcon_core.task.python.build:Building Python package in '/home/robosight/workspace/arm_ws/src/simple_robot_keyboard_controller'
[2.377s] DEBUG:colcon.colcon_core.shell:Skip shell extension 'dsv' for command environment
[2.724s] DEBUG:colcon.colcon_core.event_handler.log_command:Invoking command in '/home/robosight/workspace/arm_ws/src/simple_robot_keyboard_controller': PYTHONPATH=/home/robosight/workspace/arm_ws/install/simple_robot_keyboard_controller/lib/python3.10/site-packages:${PYTHONPATH} /usr/bin/python3 setup.py egg_info --egg-base ../../build/simple_robot_keyboard_controller build --build-base /home/robosight/workspace/arm_ws/build/simple_robot_keyboard_controller/build install --prefix /home/robosight/workspace/arm_ws/install/simple_robot_keyboard_controller --record /home/robosight/workspace/arm_ws/build/simple_robot_keyboard_controller/install.log --single-version-externally-managed
[3.039s] Level 1:colcon.colcon_core.environment:checking '/home/robosight/workspace/arm_ws/install/simple_robot_keyboard_controller' for CMake module files
[3.040s] DEBUG:colcon.colcon_core.event_handler.log_command:Invoked command in '/home/robosight/workspace/arm_ws/src/simple_robot_keyboard_controller' returned '0': PYTHONPATH=/home/robosight/workspace/arm_ws/install/simple_robot_keyboard_controller/lib/python3.10/site-packages:${PYTHONPATH} /usr/bin/python3 setup.py egg_info --egg-base ../../build/simple_robot_keyboard_controller build --build-base /home/robosight/workspace/arm_ws/build/simple_robot_keyboard_controller/build install --prefix /home/robosight/workspace/arm_ws/install/simple_robot_keyboard_controller --record /home/robosight/workspace/arm_ws/build/simple_robot_keyboard_controller/install.log --single-version-externally-managed
[3.040s] Level 1:colcon.colcon_core.environment:checking '/home/robosight/workspace/arm_ws/install/simple_robot_keyboard_controller' for CMake config files
[3.041s] Level 1:colcon.colcon_core.environment:checking '/home/robosight/workspace/arm_ws/install/simple_robot_keyboard_controller/lib'
[3.041s] Level 1:colcon.colcon_core.environment:checking '/home/robosight/workspace/arm_ws/install/simple_robot_keyboard_controller/bin'
[3.041s] Level 1:colcon.colcon_core.environment:checking '/home/robosight/workspace/arm_ws/install/simple_robot_keyboard_controller/lib/pkgconfig/simple_robot_keyboard_controller.pc'
[3.041s] Level 1:colcon.colcon_core.environment:checking '/home/robosight/workspace/arm_ws/install/simple_robot_keyboard_controller/lib/python3.10/site-packages'
[3.041s] Level 1:colcon.colcon_core.shell:create_environment_hook('simple_robot_keyboard_controller', 'pythonpath')
[3.042s] INFO:colcon.colcon_core.shell:Creating environment descriptor '/home/robosight/workspace/arm_ws/install/simple_robot_keyboard_controller/share/simple_robot_keyboard_controller/hook/pythonpath.dsv'
[3.042s] INFO:colcon.colcon_core.shell:Creating environment hook '/home/robosight/workspace/arm_ws/install/simple_robot_keyboard_controller/share/simple_robot_keyboard_controller/hook/pythonpath.sh'
[3.043s] Level 1:colcon.colcon_core.environment:checking '/home/robosight/workspace/arm_ws/install/simple_robot_keyboard_controller/bin'
[3.043s] Level 1:colcon.colcon_core.environment:create_environment_scripts_only(simple_robot_keyboard_controller)
[3.044s] INFO:colcon.colcon_core.shell:Creating package descriptor '/home/robosight/workspace/arm_ws/install/simple_robot_keyboard_controller/share/simple_robot_keyboard_controller/package.dsv'
[3.044s] INFO:colcon.colcon_core.shell:Creating package script '/home/robosight/workspace/arm_ws/install/simple_robot_keyboard_controller/share/simple_robot_keyboard_controller/package.sh'
[3.045s] Level 1:colcon.colcon_core.environment:create_file_with_runtime_dependencies(/home/robosight/workspace/arm_ws/install/simple_robot_keyboard_controller/share/colcon-core/packages/simple_robot_keyboard_controller)
[3.045s] DEBUG:colcon.colcon_core.executor.sequential:run_until_complete 'simple_robot_keyboard_controller' finished with '0'
[3.045s] DEBUG:colcon.colcon_core.executor.sequential:run_until_complete 'simple_controller'
[3.045s] INFO:colcon.colcon_ros.task.ament_python.build:Building ROS package in '/home/robosight/workspace/arm_ws/src/simple_controller' with build type 'ament_python'
[3.045s] Level 1:colcon.colcon_core.shell:create_environment_hook('simple_controller', 'ament_prefix_path')
[3.046s] INFO:colcon.colcon_core.shell:Creating environment descriptor '/home/robosight/workspace/arm_ws/install/simple_controller/share/simple_controller/hook/ament_prefix_path.dsv'
[3.047s] INFO:colcon.colcon_core.shell:Creating environment hook '/home/robosight/workspace/arm_ws/install/simple_controller/share/simple_controller/hook/ament_prefix_path.sh'
[3.048s] DEBUG:colcon.colcon_core.shell:Skip shell extension 'dsv' for command environment
[3.322s] INFO:colcon.colcon_core.task.python.build:Building Python package in '/home/robosight/workspace/arm_ws/src/simple_controller'
[3.323s] DEBUG:colcon.colcon_core.shell:Skip shell extension 'dsv' for command environment
[3.637s] DEBUG:colcon.colcon_core.event_handler.log_command:Invoking command in '/home/robosight/workspace/arm_ws/src/simple_controller': CMAKE_PREFIX_PATH=/home/robosight/workspace/arm_ws/install/control_interfaces:/home/robosight/workspace/arm_ws/install/kuka_resources:/home/robosight/workspace/arm_ws/install/kuka_kr6_support PYTHONPATH=/home/robosight/workspace/arm_ws/install/simple_controller/lib/python3.10/site-packages:${PYTHONPATH} /usr/bin/python3 setup.py egg_info --egg-base ../../build/simple_controller build --build-base /home/robosight/workspace/arm_ws/build/simple_controller/build install --prefix /home/robosight/workspace/arm_ws/install/simple_controller --record /home/robosight/workspace/arm_ws/build/simple_controller/install.log --single-version-externally-managed
[3.906s] Level 1:colcon.colcon_core.environment:checking '/home/robosight/workspace/arm_ws/install/simple_controller' for CMake module files
[3.907s] DEBUG:colcon.colcon_core.event_handler.log_command:Invoked command in '/home/robosight/workspace/arm_ws/src/simple_controller' returned '0': CMAKE_PREFIX_PATH=/home/robosight/workspace/arm_ws/install/control_interfaces:/home/robosight/workspace/arm_ws/install/kuka_resources:/home/robosight/workspace/arm_ws/install/kuka_kr6_support PYTHONPATH=/home/robosight/workspace/arm_ws/install/simple_controller/lib/python3.10/site-packages:${PYTHONPATH} /usr/bin/python3 setup.py egg_info --egg-base ../../build/simple_controller build --build-base /home/robosight/workspace/arm_ws/build/simple_controller/build install --prefix /home/robosight/workspace/arm_ws/install/simple_controller --record /home/robosight/workspace/arm_ws/build/simple_controller/install.log --single-version-externally-managed
[3.907s] Level 1:colcon.colcon_core.environment:checking '/home/robosight/workspace/arm_ws/install/simple_controller' for CMake config files
[3.908s] Level 1:colcon.colcon_core.environment:checking '/home/robosight/workspace/arm_ws/install/simple_controller/lib'
[3.908s] Level 1:colcon.colcon_core.environment:checking '/home/robosight/workspace/arm_ws/install/simple_controller/bin'
[3.908s] Level 1:colcon.colcon_core.environment:checking '/home/robosight/workspace/arm_ws/install/simple_controller/lib/pkgconfig/simple_controller.pc'
[3.908s] Level 1:colcon.colcon_core.environment:checking '/home/robosight/workspace/arm_ws/install/simple_controller/lib/python3.10/site-packages'
[3.908s] Level 1:colcon.colcon_core.shell:create_environment_hook('simple_controller', 'pythonpath')
[3.909s] INFO:colcon.colcon_core.shell:Creating environment descriptor '/home/robosight/workspace/arm_ws/install/simple_controller/share/simple_controller/hook/pythonpath.dsv'
[3.909s] INFO:colcon.colcon_core.shell:Creating environment hook '/home/robosight/workspace/arm_ws/install/simple_controller/share/simple_controller/hook/pythonpath.sh'
[3.910s] Level 1:colcon.colcon_core.environment:checking '/home/robosight/workspace/arm_ws/install/simple_controller/bin'
[3.910s] Level 1:colcon.colcon_core.environment:create_environment_scripts_only(simple_controller)
[3.911s] INFO:colcon.colcon_core.shell:Creating package descriptor '/home/robosight/workspace/arm_ws/install/simple_controller/share/simple_controller/package.dsv'
[3.912s] INFO:colcon.colcon_core.shell:Creating package script '/home/robosight/workspace/arm_ws/install/simple_controller/share/simple_controller/package.sh'
[3.912s] Level 1:colcon.colcon_core.environment:create_file_with_runtime_dependencies(/home/robosight/workspace/arm_ws/install/simple_controller/share/colcon-core/packages/simple_controller)
[3.912s] DEBUG:colcon.colcon_core.executor.sequential:run_until_complete 'simple_controller' finished with '0'
[3.912s] DEBUG:colcon.colcon_core.executor.sequential:run_until_complete 'simple_robot_driver'
[3.913s] INFO:colcon.colcon_ros.task.ament_python.build:Building ROS package in '/home/robosight/workspace/arm_ws/src/simple_robot_driver' with build type 'ament_python'
[3.913s] Level 1:colcon.colcon_core.shell:create_environment_hook('simple_robot_driver', 'ament_prefix_path')
[3.914s] INFO:colcon.colcon_core.shell:Creating environment descriptor '/home/robosight/workspace/arm_ws/install/simple_robot_driver/share/simple_robot_driver/hook/ament_prefix_path.dsv'
[3.914s] INFO:colcon.colcon_core.shell:Creating environment hook '/home/robosight/workspace/arm_ws/install/simple_robot_driver/share/simple_robot_driver/hook/ament_prefix_path.sh'
[3.915s] DEBUG:colcon.colcon_core.shell:Skip shell extension 'dsv' for command environment
[4.182s] INFO:colcon.colcon_core.task.python.build:Building Python package in '/home/robosight/workspace/arm_ws/src/simple_robot_driver'
[4.183s] DEBUG:colcon.colcon_core.shell:Skip shell extension 'dsv' for command environment
[4.504s] DEBUG:colcon.colcon_core.event_handler.log_command:Invoking command in '/home/robosight/workspace/arm_ws/src/simple_robot_driver': CMAKE_PREFIX_PATH=/home/robosight/workspace/arm_ws/install/control_interfaces:/home/robosight/workspace/arm_ws/install/kuka_resources:/home/robosight/workspace/arm_ws/install/kuka_kr6_support PYTHONPATH=/home/robosight/workspace/arm_ws/install/simple_robot_driver/lib/python3.10/site-packages:${PYTHONPATH} /usr/bin/python3 setup.py egg_info --egg-base ../../build/simple_robot_driver build --build-base /home/robosight/workspace/arm_ws/build/simple_robot_driver/build install --prefix /home/robosight/workspace/arm_ws/install/simple_robot_driver --record /home/robosight/workspace/arm_ws/build/simple_robot_driver/install.log --single-version-externally-managed
[4.804s] Level 1:colcon.colcon_core.environment:checking '/home/robosight/workspace/arm_ws/install/simple_robot_driver' for CMake module files
[4.804s] DEBUG:colcon.colcon_core.event_handler.log_command:Invoked command in '/home/robosight/workspace/arm_ws/src/simple_robot_driver' returned '0': CMAKE_PREFIX_PATH=/home/robosight/workspace/arm_ws/install/control_interfaces:/home/robosight/workspace/arm_ws/install/kuka_resources:/home/robosight/workspace/arm_ws/install/kuka_kr6_support PYTHONPATH=/home/robosight/workspace/arm_ws/install/simple_robot_driver/lib/python3.10/site-packages:${PYTHONPATH} /usr/bin/python3 setup.py egg_info --egg-base ../../build/simple_robot_driver build --build-base /home/robosight/workspace/arm_ws/build/simple_robot_driver/build install --prefix /home/robosight/workspace/arm_ws/install/simple_robot_driver --record /home/robosight/workspace/arm_ws/build/simple_robot_driver/install.log --single-version-externally-managed
[4.804s] Level 1:colcon.colcon_core.environment:checking '/home/robosight/workspace/arm_ws/install/simple_robot_driver' for CMake config files
[4.805s] Level 1:colcon.colcon_core.environment:checking '/home/robosight/workspace/arm_ws/install/simple_robot_driver/lib'
[4.805s] Level 1:colcon.colcon_core.environment:checking '/home/robosight/workspace/arm_ws/install/simple_robot_driver/bin'
[4.805s] Level 1:colcon.colcon_core.environment:checking '/home/robosight/workspace/arm_ws/install/simple_robot_driver/lib/pkgconfig/simple_robot_driver.pc'
[4.806s] Level 1:colcon.colcon_core.environment:checking '/home/robosight/workspace/arm_ws/install/simple_robot_driver/lib/python3.10/site-packages'
[4.806s] Level 1:colcon.colcon_core.shell:create_environment_hook('simple_robot_driver', 'pythonpath')
[4.807s] INFO:colcon.colcon_core.shell:Creating environment descriptor '/home/robosight/workspace/arm_ws/install/simple_robot_driver/share/simple_robot_driver/hook/pythonpath.dsv'
[4.808s] INFO:colcon.colcon_core.shell:Creating environment hook '/home/robosight/workspace/arm_ws/install/simple_robot_driver/share/simple_robot_driver/hook/pythonpath.sh'
[4.809s] Level 1:colcon.colcon_core.environment:checking '/home/robosight/workspace/arm_ws/install/simple_robot_driver/bin'
[4.809s] Level 1:colcon.colcon_core.environment:create_environment_scripts_only(simple_robot_driver)
[4.811s] INFO:colcon.colcon_core.shell:Creating package descriptor '/home/robosight/workspace/arm_ws/install/simple_robot_driver/share/simple_robot_driver/package.dsv'
[4.811s] INFO:colcon.colcon_core.shell:Creating package script '/home/robosight/workspace/arm_ws/install/simple_robot_driver/share/simple_robot_driver/package.sh'
[4.812s] Level 1:colcon.colcon_core.environment:create_file_with_runtime_dependencies(/home/robosight/workspace/arm_ws/install/simple_robot_driver/share/colcon-core/packages/simple_robot_driver)
[4.812s] DEBUG:colcon.colcon_core.executor.sequential:run_until_complete 'simple_robot_driver' finished with '0'
[4.812s] DEBUG:colcon.colcon_core.executor.sequential:closing loop
[4.812s] DEBUG:colcon.colcon_core.executor.sequential:loop closed
[4.813s] DEBUG:colcon.colcon_core.event_reactor:joining thread
[4.813s] DEBUG:colcon.colcon_core.event_reactor:joined thread
[4.814s] INFO:colcon.colcon_core.shell:Creating prefix script '/home/robosight/workspace/arm_ws/install/local_setup.sh'
[4.815s] INFO:colcon.colcon_core.shell:Creating prefix util module '/home/robosight/workspace/arm_ws/install/_local_setup_util_sh.py'
[4.817s] INFO:colcon.colcon_core.shell:Creating prefix chain script '/home/robosight/workspace/arm_ws/install/setup.sh'
