[0.201s] DEBUG:colcon:Command line arguments: ['/usr/bin/colcon', 'build']
[0.201s] DEBUG:colcon:Parsed command line arguments: Namespace(log_base=None, log_level=None, verb_name='build', build_base='build', install_base='install', merge_install=False, symlink_install=False, test_result_base=None, continue_on_error=False, executor='sequential', event_handlers=None, base_paths=['.'], paths=None, cmake_args=None, cmake_target=None, cmake_target_skip_unavailable=False, cmake_clean_cache=False, cmake_clean_first=False, cmake_force_configure=False, ament_cmake_args=None, catkin_cmake_args=None, catkin_skip_building_tests=False, verb_parser=CustomArgumentParser(prog='colcon build', usage=None, description='Build a set of packages.', formatter_class=<class 'colcon_core.command.CustomFormatter'>, conflict_handler='error', add_help=True), verb_extension=<colcon_core.verb.build.BuildVerb object at 0x7f1d14f1d5d0>, main=<bound method BuildVerb.main of <colcon_core.verb.build.BuildVerb object at 0x7f1d14f1d5d0>>)
[0.226s] Level 1:colcon.colcon_core.package_discovery:discover_packages(recursive) check parameters
[0.226s] Level 1:colcon.colcon_core.package_discovery:discover_packages(path) check parameters
[0.226s] Level 1:colcon.colcon_core.package_discovery:discover_packages(recursive) discover
[0.226s] INFO:colcon.colcon_core.package_discovery:Crawling recursively for packages in '/home/robosight/workspace/arm_ws'
[0.226s] Level 1:colcon.colcon_core.package_identification:_identify(.) by extensions ['ignore', 'ignore_ament_install']
[0.227s] Level 1:colcon.colcon_core.package_identification:_identify(.) by extension 'ignore'
[0.227s] Level 1:colcon.colcon_core.package_identification:_identify(.) by extension 'ignore_ament_install'
[0.227s] Level 1:colcon.colcon_core.package_identification:_identify(.) by extensions ['ros']
[0.227s] Level 1:colcon.colcon_core.package_identification:_identify(.) by extension 'ros'
[0.239s] Level 1:colcon.colcon_core.package_identification:_identify(.) by extensions ['cmake', 'python']
[0.239s] Level 1:colcon.colcon_core.package_identification:_identify(.) by extension 'cmake'
[0.239s] Level 1:colcon.colcon_core.package_identification:_identify(.) by extension 'python'
[0.239s] Level 1:colcon.colcon_core.package_identification:_identify(.) by extensions ['python_setup_py']
[0.239s] Level 1:colcon.colcon_core.package_identification:_identify(.) by extension 'python_setup_py'
[0.239s] Level 1:colcon.colcon_core.package_identification:_identify(build) by extensions ['ignore', 'ignore_ament_install']
[0.239s] Level 1:colcon.colcon_core.package_identification:_identify(build) by extension 'ignore'
[0.239s] Level 1:colcon.colcon_core.package_identification:_identify(build) ignored
[0.239s] Level 1:colcon.colcon_core.package_identification:_identify(install) by extensions ['ignore', 'ignore_ament_install']
[0.240s] Level 1:colcon.colcon_core.package_identification:_identify(install) by extension 'ignore'
[0.240s] Level 1:colcon.colcon_core.package_identification:_identify(install) ignored
[0.240s] Level 1:colcon.colcon_core.package_identification:_identify(log) by extensions ['ignore', 'ignore_ament_install']
[0.240s] Level 1:colcon.colcon_core.package_identification:_identify(log) by extension 'ignore'
[0.240s] Level 1:colcon.colcon_core.package_identification:_identify(log) ignored
[0.240s] Level 1:colcon.colcon_core.package_identification:_identify(src) by extensions ['ignore', 'ignore_ament_install']
[0.240s] Level 1:colcon.colcon_core.package_identification:_identify(src) by extension 'ignore'
[0.240s] Level 1:colcon.colcon_core.package_identification:_identify(src) by extension 'ignore_ament_install'
[0.240s] Level 1:colcon.colcon_core.package_identification:_identify(src) by extensions ['ros']
[0.240s] Level 1:colcon.colcon_core.package_identification:_identify(src) by extension 'ros'
[0.240s] Level 1:colcon.colcon_core.package_identification:_identify(src) by extensions ['cmake', 'python']
[0.240s] Level 1:colcon.colcon_core.package_identification:_identify(src) by extension 'cmake'
[0.240s] Level 1:colcon.colcon_core.package_identification:_identify(src) by extension 'python'
[0.240s] Level 1:colcon.colcon_core.package_identification:_identify(src) by extensions ['python_setup_py']
[0.240s] Level 1:colcon.colcon_core.package_identification:_identify(src) by extension 'python_setup_py'
[0.241s] Level 1:colcon.colcon_core.package_identification:_identify(src/control_interfaces) by extensions ['ignore', 'ignore_ament_install']
[0.241s] Level 1:colcon.colcon_core.package_identification:_identify(src/control_interfaces) by extension 'ignore'
[0.241s] Level 1:colcon.colcon_core.package_identification:_identify(src/control_interfaces) by extension 'ignore_ament_install'
[0.241s] Level 1:colcon.colcon_core.package_identification:_identify(src/control_interfaces) by extensions ['ros']
[0.241s] Level 1:colcon.colcon_core.package_identification:_identify(src/control_interfaces) by extension 'ros'
[0.243s] DEBUG:colcon.colcon_core.package_identification:Package 'src/control_interfaces' with type 'ros.ament_cmake' and name 'control_interfaces'
[0.243s] Level 1:colcon.colcon_core.package_identification:_identify(src/kuka_kr6_support) by extensions ['ignore', 'ignore_ament_install']
[0.243s] Level 1:colcon.colcon_core.package_identification:_identify(src/kuka_kr6_support) by extension 'ignore'
[0.243s] Level 1:colcon.colcon_core.package_identification:_identify(src/kuka_kr6_support) by extension 'ignore_ament_install'
[0.243s] Level 1:colcon.colcon_core.package_identification:_identify(src/kuka_kr6_support) by extensions ['ros']
[0.243s] Level 1:colcon.colcon_core.package_identification:_identify(src/kuka_kr6_support) by extension 'ros'
[0.244s] DEBUG:colcon.colcon_core.package_identification:Package 'src/kuka_kr6_support' with type 'ros.ament_cmake' and name 'kuka_kr6_support'
[0.244s] Level 1:colcon.colcon_core.package_identification:_identify(src/kuka_resources) by extensions ['ignore', 'ignore_ament_install']
[0.244s] Level 1:colcon.colcon_core.package_identification:_identify(src/kuka_resources) by extension 'ignore'
[0.244s] Level 1:colcon.colcon_core.package_identification:_identify(src/kuka_resources) by extension 'ignore_ament_install'
[0.244s] Level 1:colcon.colcon_core.package_identification:_identify(src/kuka_resources) by extensions ['ros']
[0.244s] Level 1:colcon.colcon_core.package_identification:_identify(src/kuka_resources) by extension 'ros'
[0.245s] DEBUG:colcon.colcon_core.package_identification:Package 'src/kuka_resources' with type 'ros.ament_cmake' and name 'kuka_resources'
[0.245s] Level 1:colcon.colcon_core.package_identification:_identify(src/rpi_joint_jogger) by extensions ['ignore', 'ignore_ament_install']
[0.245s] Level 1:colcon.colcon_core.package_identification:_identify(src/rpi_joint_jogger) by extension 'ignore'
[0.245s] Level 1:colcon.colcon_core.package_identification:_identify(src/rpi_joint_jogger) by extension 'ignore_ament_install'
[0.245s] Level 1:colcon.colcon_core.package_identification:_identify(src/rpi_joint_jogger) by extensions ['ros']
[0.245s] Level 1:colcon.colcon_core.package_identification:_identify(src/rpi_joint_jogger) by extension 'ros'
[0.246s] DEBUG:colcon.colcon_core.package_identification:Package 'src/rpi_joint_jogger' with type 'ros.ament_python' and name 'rpi_joint_jogger'
[0.246s] Level 1:colcon.colcon_core.package_identification:_identify(src/simple_controller) by extensions ['ignore', 'ignore_ament_install']
[0.246s] Level 1:colcon.colcon_core.package_identification:_identify(src/simple_controller) by extension 'ignore'
[0.246s] Level 1:colcon.colcon_core.package_identification:_identify(src/simple_controller) by extension 'ignore_ament_install'
[0.246s] Level 1:colcon.colcon_core.package_identification:_identify(src/simple_controller) by extensions ['ros']
[0.246s] Level 1:colcon.colcon_core.package_identification:_identify(src/simple_controller) by extension 'ros'
[0.247s] DEBUG:colcon.colcon_core.package_identification:Package 'src/simple_controller' with type 'ros.ament_python' and name 'simple_controller'
[0.247s] Level 1:colcon.colcon_core.package_identification:_identify(src/simple_robot_driver) by extensions ['ignore', 'ignore_ament_install']
[0.247s] Level 1:colcon.colcon_core.package_identification:_identify(src/simple_robot_driver) by extension 'ignore'
[0.247s] Level 1:colcon.colcon_core.package_identification:_identify(src/simple_robot_driver) by extension 'ignore_ament_install'
[0.247s] Level 1:colcon.colcon_core.package_identification:_identify(src/simple_robot_driver) by extensions ['ros']
[0.247s] Level 1:colcon.colcon_core.package_identification:_identify(src/simple_robot_driver) by extension 'ros'
[0.247s] DEBUG:colcon.colcon_core.package_identification:Package 'src/simple_robot_driver' with type 'ros.ament_python' and name 'simple_robot_driver'
[0.248s] Level 1:colcon.colcon_core.package_identification:_identify(src/simple_robot_keyboard_controller) by extensions ['ignore', 'ignore_ament_install']
[0.248s] Level 1:colcon.colcon_core.package_identification:_identify(src/simple_robot_keyboard_controller) by extension 'ignore'
[0.248s] Level 1:colcon.colcon_core.package_identification:_identify(src/simple_robot_keyboard_controller) by extension 'ignore_ament_install'
[0.248s] Level 1:colcon.colcon_core.package_identification:_identify(src/simple_robot_keyboard_controller) by extensions ['ros']
[0.248s] Level 1:colcon.colcon_core.package_identification:_identify(src/simple_robot_keyboard_controller) by extension 'ros'
[0.248s] DEBUG:colcon.colcon_core.package_identification:Package 'src/simple_robot_keyboard_controller' with type 'ros.ament_python' and name 'simple_robot_keyboard_controller'
[0.248s] Level 1:colcon.colcon_core.package_discovery:discover_packages(recursive) using defaults
[0.248s] Level 1:colcon.colcon_core.package_discovery:discover_packages(path) discover
[0.248s] Level 1:colcon.colcon_core.package_discovery:discover_packages(path) using defaults
[0.275s] Level 5:colcon.colcon_core.verb:set package 'control_interfaces' build argument 'cmake_args' from command line to 'None'
[0.275s] Level 5:colcon.colcon_core.verb:set package 'control_interfaces' build argument 'cmake_target' from command line to 'None'
[0.275s] Level 5:colcon.colcon_core.verb:set package 'control_interfaces' build argument 'cmake_target_skip_unavailable' from command line to 'False'
[0.275s] Level 5:colcon.colcon_core.verb:set package 'control_interfaces' build argument 'cmake_clean_cache' from command line to 'False'
[0.275s] Level 5:colcon.colcon_core.verb:set package 'control_interfaces' build argument 'cmake_clean_first' from command line to 'False'
[0.275s] Level 5:colcon.colcon_core.verb:set package 'control_interfaces' build argument 'cmake_force_configure' from command line to 'False'
[0.275s] Level 5:colcon.colcon_core.verb:set package 'control_interfaces' build argument 'ament_cmake_args' from command line to 'None'
[0.275s] Level 5:colcon.colcon_core.verb:set package 'control_interfaces' build argument 'catkin_cmake_args' from command line to 'None'
[0.275s] Level 5:colcon.colcon_core.verb:set package 'control_interfaces' build argument 'catkin_skip_building_tests' from command line to 'False'
[0.275s] DEBUG:colcon.colcon_core.verb:Building package 'control_interfaces' with the following arguments: {'ament_cmake_args': None, 'build_base': '/home/robosight/workspace/arm_ws/build/control_interfaces', 'catkin_cmake_args': None, 'catkin_skip_building_tests': False, 'cmake_args': None, 'cmake_clean_cache': False, 'cmake_clean_first': False, 'cmake_force_configure': False, 'cmake_target': None, 'cmake_target_skip_unavailable': False, 'install_base': '/home/robosight/workspace/arm_ws/install/control_interfaces', 'merge_install': False, 'path': '/home/robosight/workspace/arm_ws/src/control_interfaces', 'symlink_install': False, 'test_result_base': None}
[0.276s] Level 5:colcon.colcon_core.verb:set package 'kuka_kr6_support' build argument 'cmake_args' from command line to 'None'
[0.276s] Level 5:colcon.colcon_core.verb:set package 'kuka_kr6_support' build argument 'cmake_target' from command line to 'None'
[0.276s] Level 5:colcon.colcon_core.verb:set package 'kuka_kr6_support' build argument 'cmake_target_skip_unavailable' from command line to 'False'
[0.276s] Level 5:colcon.colcon_core.verb:set package 'kuka_kr6_support' build argument 'cmake_clean_cache' from command line to 'False'
[0.276s] Level 5:colcon.colcon_core.verb:set package 'kuka_kr6_support' build argument 'cmake_clean_first' from command line to 'False'
[0.277s] Level 5:colcon.colcon_core.verb:set package 'kuka_kr6_support' build argument 'cmake_force_configure' from command line to 'False'
[0.277s] Level 5:colcon.colcon_core.verb:set package 'kuka_kr6_support' build argument 'ament_cmake_args' from command line to 'None'
[0.277s] Level 5:colcon.colcon_core.verb:set package 'kuka_kr6_support' build argument 'catkin_cmake_args' from command line to 'None'
[0.277s] Level 5:colcon.colcon_core.verb:set package 'kuka_kr6_support' build argument 'catkin_skip_building_tests' from command line to 'False'
[0.277s] DEBUG:colcon.colcon_core.verb:Building package 'kuka_kr6_support' with the following arguments: {'ament_cmake_args': None, 'build_base': '/home/robosight/workspace/arm_ws/build/kuka_kr6_support', 'catkin_cmake_args': None, 'catkin_skip_building_tests': False, 'cmake_args': None, 'cmake_clean_cache': False, 'cmake_clean_first': False, 'cmake_force_configure': False, 'cmake_target': None, 'cmake_target_skip_unavailable': False, 'install_base': '/home/robosight/workspace/arm_ws/install/kuka_kr6_support', 'merge_install': False, 'path': '/home/robosight/workspace/arm_ws/src/kuka_kr6_support', 'symlink_install': False, 'test_result_base': None}
[0.278s] Level 5:colcon.colcon_core.verb:set package 'kuka_resources' build argument 'cmake_args' from command line to 'None'
[0.278s] Level 5:colcon.colcon_core.verb:set package 'kuka_resources' build argument 'cmake_target' from command line to 'None'
[0.278s] Level 5:colcon.colcon_core.verb:set package 'kuka_resources' build argument 'cmake_target_skip_unavailable' from command line to 'False'
[0.278s] Level 5:colcon.colcon_core.verb:set package 'kuka_resources' build argument 'cmake_clean_cache' from command line to 'False'
[0.278s] Level 5:colcon.colcon_core.verb:set package 'kuka_resources' build argument 'cmake_clean_first' from command line to 'False'
[0.278s] Level 5:colcon.colcon_core.verb:set package 'kuka_resources' build argument 'cmake_force_configure' from command line to 'False'
[0.278s] Level 5:colcon.colcon_core.verb:set package 'kuka_resources' build argument 'ament_cmake_args' from command line to 'None'
[0.278s] Level 5:colcon.colcon_core.verb:set package 'kuka_resources' build argument 'catkin_cmake_args' from command line to 'None'
[0.278s] Level 5:colcon.colcon_core.verb:set package 'kuka_resources' build argument 'catkin_skip_building_tests' from command line to 'False'
[0.278s] DEBUG:colcon.colcon_core.verb:Building package 'kuka_resources' with the following arguments: {'ament_cmake_args': None, 'build_base': '/home/robosight/workspace/arm_ws/build/kuka_resources', 'catkin_cmake_args': None, 'catkin_skip_building_tests': False, 'cmake_args': None, 'cmake_clean_cache': False, 'cmake_clean_first': False, 'cmake_force_configure': False, 'cmake_target': None, 'cmake_target_skip_unavailable': False, 'install_base': '/home/robosight/workspace/arm_ws/install/kuka_resources', 'merge_install': False, 'path': '/home/robosight/workspace/arm_ws/src/kuka_resources', 'symlink_install': False, 'test_result_base': None}
[0.279s] Level 5:colcon.colcon_core.verb:set package 'rpi_joint_jogger' build argument 'cmake_args' from command line to 'None'
[0.279s] Level 5:colcon.colcon_core.verb:set package 'rpi_joint_jogger' build argument 'cmake_target' from command line to 'None'
[0.279s] Level 5:colcon.colcon_core.verb:set package 'rpi_joint_jogger' build argument 'cmake_target_skip_unavailable' from command line to 'False'
[0.279s] Level 5:colcon.colcon_core.verb:set package 'rpi_joint_jogger' build argument 'cmake_clean_cache' from command line to 'False'
[0.279s] Level 5:colcon.colcon_core.verb:set package 'rpi_joint_jogger' build argument 'cmake_clean_first' from command line to 'False'
[0.279s] Level 5:colcon.colcon_core.verb:set package 'rpi_joint_jogger' build argument 'cmake_force_configure' from command line to 'False'
[0.279s] Level 5:colcon.colcon_core.verb:set package 'rpi_joint_jogger' build argument 'ament_cmake_args' from command line to 'None'
[0.279s] Level 5:colcon.colcon_core.verb:set package 'rpi_joint_jogger' build argument 'catkin_cmake_args' from command line to 'None'
[0.279s] Level 5:colcon.colcon_core.verb:set package 'rpi_joint_jogger' build argument 'catkin_skip_building_tests' from command line to 'False'
[0.279s] DEBUG:colcon.colcon_core.verb:Building package 'rpi_joint_jogger' with the following arguments: {'ament_cmake_args': None, 'build_base': '/home/robosight/workspace/arm_ws/build/rpi_joint_jogger', 'catkin_cmake_args': None, 'catkin_skip_building_tests': False, 'cmake_args': None, 'cmake_clean_cache': False, 'cmake_clean_first': False, 'cmake_force_configure': False, 'cmake_target': None, 'cmake_target_skip_unavailable': False, 'install_base': '/home/robosight/workspace/arm_ws/install/rpi_joint_jogger', 'merge_install': False, 'path': '/home/robosight/workspace/arm_ws/src/rpi_joint_jogger', 'symlink_install': False, 'test_result_base': None}
[0.281s] Level 5:colcon.colcon_core.verb:set package 'simple_robot_keyboard_controller' build argument 'cmake_args' from command line to 'None'
[0.281s] Level 5:colcon.colcon_core.verb:set package 'simple_robot_keyboard_controller' build argument 'cmake_target' from command line to 'None'
[0.281s] Level 5:colcon.colcon_core.verb:set package 'simple_robot_keyboard_controller' build argument 'cmake_target_skip_unavailable' from command line to 'False'
[0.281s] Level 5:colcon.colcon_core.verb:set package 'simple_robot_keyboard_controller' build argument 'cmake_clean_cache' from command line to 'False'
[0.281s] Level 5:colcon.colcon_core.verb:set package 'simple_robot_keyboard_controller' build argument 'cmake_clean_first' from command line to 'False'
[0.281s] Level 5:colcon.colcon_core.verb:set package 'simple_robot_keyboard_controller' build argument 'cmake_force_configure' from command line to 'False'
[0.281s] Level 5:colcon.colcon_core.verb:set package 'simple_robot_keyboard_controller' build argument 'ament_cmake_args' from command line to 'None'
[0.281s] Level 5:colcon.colcon_core.verb:set package 'simple_robot_keyboard_controller' build argument 'catkin_cmake_args' from command line to 'None'
[0.281s] Level 5:colcon.colcon_core.verb:set package 'simple_robot_keyboard_controller' build argument 'catkin_skip_building_tests' from command line to 'False'
[0.281s] DEBUG:colcon.colcon_core.verb:Building package 'simple_robot_keyboard_controller' with the following arguments: {'ament_cmake_args': None, 'build_base': '/home/robosight/workspace/arm_ws/build/simple_robot_keyboard_controller', 'catkin_cmake_args': None, 'catkin_skip_building_tests': False, 'cmake_args': None, 'cmake_clean_cache': False, 'cmake_clean_first': False, 'cmake_force_configure': False, 'cmake_target': None, 'cmake_target_skip_unavailable': False, 'install_base': '/home/robosight/workspace/arm_ws/install/simple_robot_keyboard_controller', 'merge_install': False, 'path': '/home/robosight/workspace/arm_ws/src/simple_robot_keyboard_controller', 'symlink_install': False, 'test_result_base': None}
[0.282s] Level 5:colcon.colcon_core.verb:set package 'simple_controller' build argument 'cmake_args' from command line to 'None'
[0.282s] Level 5:colcon.colcon_core.verb:set package 'simple_controller' build argument 'cmake_target' from command line to 'None'
[0.282s] Level 5:colcon.colcon_core.verb:set package 'simple_controller' build argument 'cmake_target_skip_unavailable' from command line to 'False'
[0.282s] Level 5:colcon.colcon_core.verb:set package 'simple_controller' build argument 'cmake_clean_cache' from command line to 'False'
[0.282s] Level 5:colcon.colcon_core.verb:set package 'simple_controller' build argument 'cmake_clean_first' from command line to 'False'
[0.282s] Level 5:colcon.colcon_core.verb:set package 'simple_controller' build argument 'cmake_force_configure' from command line to 'False'
[0.282s] Level 5:colcon.colcon_core.verb:set package 'simple_controller' build argument 'ament_cmake_args' from command line to 'None'
[0.282s] Level 5:colcon.colcon_core.verb:set package 'simple_controller' build argument 'catkin_cmake_args' from command line to 'None'
[0.282s] Level 5:colcon.colcon_core.verb:set package 'simple_controller' build argument 'catkin_skip_building_tests' from command line to 'False'
[0.282s] DEBUG:colcon.colcon_core.verb:Building package 'simple_controller' with the following arguments: {'ament_cmake_args': None, 'build_base': '/home/robosight/workspace/arm_ws/build/simple_controller', 'catkin_cmake_args': None, 'catkin_skip_building_tests': False, 'cmake_args': None, 'cmake_clean_cache': False, 'cmake_clean_first': False, 'cmake_force_configure': False, 'cmake_target': None, 'cmake_target_skip_unavailable': False, 'install_base': '/home/robosight/workspace/arm_ws/install/simple_controller', 'merge_install': False, 'path': '/home/robosight/workspace/arm_ws/src/simple_controller', 'symlink_install': False, 'test_result_base': None}
[0.283s] Level 5:colcon.colcon_core.verb:set package 'simple_robot_driver' build argument 'cmake_args' from command line to 'None'
[0.283s] Level 5:colcon.colcon_core.verb:set package 'simple_robot_driver' build argument 'cmake_target' from command line to 'None'
[0.283s] Level 5:colcon.colcon_core.verb:set package 'simple_robot_driver' build argument 'cmake_target_skip_unavailable' from command line to 'False'
[0.283s] Level 5:colcon.colcon_core.verb:set package 'simple_robot_driver' build argument 'cmake_clean_cache' from command line to 'False'
[0.283s] Level 5:colcon.colcon_core.verb:set package 'simple_robot_driver' build argument 'cmake_clean_first' from command line to 'False'
[0.283s] Level 5:colcon.colcon_core.verb:set package 'simple_robot_driver' build argument 'cmake_force_configure' from command line to 'False'
[0.283s] Level 5:colcon.colcon_core.verb:set package 'simple_robot_driver' build argument 'ament_cmake_args' from command line to 'None'
[0.283s] Level 5:colcon.colcon_core.verb:set package 'simple_robot_driver' build argument 'catkin_cmake_args' from command line to 'None'
[0.284s] Level 5:colcon.colcon_core.verb:set package 'simple_robot_driver' build argument 'catkin_skip_building_tests' from command line to 'False'
[0.284s] DEBUG:colcon.colcon_core.verb:Building package 'simple_robot_driver' with the following arguments: {'ament_cmake_args': None, 'build_base': '/home/robosight/workspace/arm_ws/build/simple_robot_driver', 'catkin_cmake_args': None, 'catkin_skip_building_tests': False, 'cmake_args': None, 'cmake_clean_cache': False, 'cmake_clean_first': False, 'cmake_force_configure': False, 'cmake_target': None, 'cmake_target_skip_unavailable': False, 'install_base': '/home/robosight/workspace/arm_ws/install/simple_robot_driver', 'merge_install': False, 'path': '/home/robosight/workspace/arm_ws/src/simple_robot_driver', 'symlink_install': False, 'test_result_base': None}
[0.284s] INFO:colcon.colcon_core.executor:Executing jobs using 'sequential' executor
[0.286s] DEBUG:colcon.colcon_core.executor.sequential:run_until_complete 'control_interfaces'
[0.286s] INFO:colcon.colcon_ros.task.ament_cmake.build:Building ROS package in '/home/robosight/workspace/arm_ws/src/control_interfaces' with build type 'ament_cmake'
[0.286s] INFO:colcon.colcon_cmake.task.cmake.build:Building CMake package in '/home/robosight/workspace/arm_ws/src/control_interfaces'
[0.289s] INFO:colcon.colcon_core.plugin_system:Skipping extension 'colcon_core.shell.bat': Not used on non-Windows systems
[0.289s] DEBUG:colcon.colcon_core.shell:Skip shell extension 'dsv' for command environment
[0.298s] DEBUG:colcon.colcon_core.event_handler.log_command:Invoking command in '/home/robosight/workspace/arm_ws/build/control_interfaces': CMAKE_PREFIX_PATH=${CMAKE_PREFIX_PATH}:/home/robosight/workspace/arm_ws/install/simple_robot_keyboard_controller:/home/robosight/workspace/arm_ws/install/simple_robot_driver:/home/robosight/workspace/arm_ws/install/simple_controller:/home/robosight/workspace/arm_ws/install/rpi_joint_jogger:/opt/ros/humble /usr/bin/cmake --build /home/robosight/workspace/arm_ws/build/control_interfaces -- -j8 -l8
[0.635s] DEBUG:colcon.colcon_core.event_handler.log_command:Invoked command in '/home/robosight/workspace/arm_ws/build/control_interfaces' returned '0': CMAKE_PREFIX_PATH=${CMAKE_PREFIX_PATH}:/home/robosight/workspace/arm_ws/install/simple_robot_keyboard_controller:/home/robosight/workspace/arm_ws/install/simple_robot_driver:/home/robosight/workspace/arm_ws/install/simple_controller:/home/robosight/workspace/arm_ws/install/rpi_joint_jogger:/opt/ros/humble /usr/bin/cmake --build /home/robosight/workspace/arm_ws/build/control_interfaces -- -j8 -l8
[0.692s] DEBUG:colcon.colcon_core.event_handler.log_command:Invoking command in '/home/robosight/workspace/arm_ws/build/control_interfaces': CMAKE_PREFIX_PATH=${CMAKE_PREFIX_PATH}:/home/robosight/workspace/arm_ws/install/simple_robot_keyboard_controller:/home/robosight/workspace/arm_ws/install/simple_robot_driver:/home/robosight/workspace/arm_ws/install/simple_controller:/home/robosight/workspace/arm_ws/install/rpi_joint_jogger:/opt/ros/humble /usr/bin/cmake --install /home/robosight/workspace/arm_ws/build/control_interfaces
[0.749s] Level 1:colcon.colcon_core.environment:create_environment_scripts_only(control_interfaces)
[0.749s] DEBUG:colcon.colcon_core.event_handler.log_command:Invoked command in '/home/robosight/workspace/arm_ws/build/control_interfaces' returned '0': CMAKE_PREFIX_PATH=${CMAKE_PREFIX_PATH}:/home/robosight/workspace/arm_ws/install/simple_robot_keyboard_controller:/home/robosight/workspace/arm_ws/install/simple_robot_driver:/home/robosight/workspace/arm_ws/install/simple_controller:/home/robosight/workspace/arm_ws/install/rpi_joint_jogger:/opt/ros/humble /usr/bin/cmake --install /home/robosight/workspace/arm_ws/build/control_interfaces
[0.754s] Level 1:colcon.colcon_core.environment:checking '/home/robosight/workspace/arm_ws/install/control_interfaces' for CMake module files
[0.754s] Level 1:colcon.colcon_core.environment:checking '/home/robosight/workspace/arm_ws/install/control_interfaces' for CMake config files
[0.755s] Level 1:colcon.colcon_core.shell:create_environment_hook('control_interfaces', 'cmake_prefix_path')
[0.756s] INFO:colcon.colcon_core.shell:Creating environment descriptor '/home/robosight/workspace/arm_ws/install/control_interfaces/share/control_interfaces/hook/cmake_prefix_path.dsv'
[0.756s] INFO:colcon.colcon_core.shell:Creating environment hook '/home/robosight/workspace/arm_ws/install/control_interfaces/share/control_interfaces/hook/cmake_prefix_path.sh'
[0.757s] Level 1:colcon.colcon_core.environment:checking '/home/robosight/workspace/arm_ws/install/control_interfaces/lib'
[0.757s] Level 1:colcon.colcon_core.shell:create_environment_hook('control_interfaces', 'ld_library_path_lib')
[0.758s] INFO:colcon.colcon_core.shell:Creating environment descriptor '/home/robosight/workspace/arm_ws/install/control_interfaces/share/control_interfaces/hook/ld_library_path_lib.dsv'
[0.758s] INFO:colcon.colcon_core.shell:Creating environment hook '/home/robosight/workspace/arm_ws/install/control_interfaces/share/control_interfaces/hook/ld_library_path_lib.sh'
[0.759s] Level 1:colcon.colcon_core.environment:checking '/home/robosight/workspace/arm_ws/install/control_interfaces/bin'
[0.759s] Level 1:colcon.colcon_core.environment:checking '/home/robosight/workspace/arm_ws/install/control_interfaces/lib/pkgconfig/control_interfaces.pc'
[0.760s] Level 1:colcon.colcon_core.environment:checking '/home/robosight/workspace/arm_ws/install/control_interfaces/lib/python3.10/site-packages'
[0.760s] Level 1:colcon.colcon_core.environment:checking '/home/robosight/workspace/arm_ws/install/control_interfaces/bin'
[0.761s] INFO:colcon.colcon_core.shell:Creating package descriptor '/home/robosight/workspace/arm_ws/install/control_interfaces/share/control_interfaces/package.dsv'
[0.762s] INFO:colcon.colcon_core.shell:Creating package script '/home/robosight/workspace/arm_ws/install/control_interfaces/share/control_interfaces/package.sh'
[0.763s] Level 1:colcon.colcon_core.environment:create_file_with_runtime_dependencies(/home/robosight/workspace/arm_ws/install/control_interfaces/share/colcon-core/packages/control_interfaces)
[0.813s] Level 1:colcon.colcon_core.environment:create_environment_scripts_only(control_interfaces)
[0.816s] Level 1:colcon.colcon_core.environment:checking '/home/robosight/workspace/arm_ws/install/control_interfaces' for CMake module files
[0.816s] Level 1:colcon.colcon_core.environment:checking '/home/robosight/workspace/arm_ws/install/control_interfaces' for CMake config files
[0.817s] Level 1:colcon.colcon_core.shell:create_environment_hook('control_interfaces', 'cmake_prefix_path')
[0.818s] INFO:colcon.colcon_core.shell:Creating environment descriptor '/home/robosight/workspace/arm_ws/install/control_interfaces/share/control_interfaces/hook/cmake_prefix_path.dsv'
[0.818s] INFO:colcon.colcon_core.shell:Creating environment hook '/home/robosight/workspace/arm_ws/install/control_interfaces/share/control_interfaces/hook/cmake_prefix_path.sh'
[0.818s] Level 1:colcon.colcon_core.environment:checking '/home/robosight/workspace/arm_ws/install/control_interfaces/lib'
[0.819s] Level 1:colcon.colcon_core.shell:create_environment_hook('control_interfaces', 'ld_library_path_lib')
[0.819s] INFO:colcon.colcon_core.shell:Creating environment descriptor '/home/robosight/workspace/arm_ws/install/control_interfaces/share/control_interfaces/hook/ld_library_path_lib.dsv'
[0.820s] INFO:colcon.colcon_core.shell:Creating environment hook '/home/robosight/workspace/arm_ws/install/control_interfaces/share/control_interfaces/hook/ld_library_path_lib.sh'
[0.820s] Level 1:colcon.colcon_core.environment:checking '/home/robosight/workspace/arm_ws/install/control_interfaces/bin'
[0.820s] Level 1:colcon.colcon_core.environment:checking '/home/robosight/workspace/arm_ws/install/control_interfaces/lib/pkgconfig/control_interfaces.pc'
[0.821s] Level 1:colcon.colcon_core.environment:checking '/home/robosight/workspace/arm_ws/install/control_interfaces/lib/python3.10/site-packages'
[0.821s] Level 1:colcon.colcon_core.environment:checking '/home/robosight/workspace/arm_ws/install/control_interfaces/bin'
[0.823s] INFO:colcon.colcon_core.shell:Creating package descriptor '/home/robosight/workspace/arm_ws/install/control_interfaces/share/control_interfaces/package.dsv'
[0.823s] INFO:colcon.colcon_core.shell:Creating package script '/home/robosight/workspace/arm_ws/install/control_interfaces/share/control_interfaces/package.sh'
[0.824s] Level 1:colcon.colcon_core.environment:create_file_with_runtime_dependencies(/home/robosight/workspace/arm_ws/install/control_interfaces/share/colcon-core/packages/control_interfaces)
[0.824s] DEBUG:colcon.colcon_core.executor.sequential:run_until_complete 'control_interfaces' finished with '0'
[0.825s] DEBUG:colcon.colcon_core.executor.sequential:run_until_complete 'kuka_kr6_support'
[0.825s] INFO:colcon.colcon_ros.task.ament_cmake.build:Building ROS package in '/home/robosight/workspace/arm_ws/src/kuka_kr6_support' with build type 'ament_cmake'
[0.825s] INFO:colcon.colcon_cmake.task.cmake.build:Building CMake package in '/home/robosight/workspace/arm_ws/src/kuka_kr6_support'
[0.826s] DEBUG:colcon.colcon_core.shell:Skip shell extension 'dsv' for command environment
[0.833s] DEBUG:colcon.colcon_core.event_handler.log_command:Invoking command in '/home/robosight/workspace/arm_ws/build/kuka_kr6_support': CMAKE_PREFIX_PATH=${CMAKE_PREFIX_PATH}:/home/robosight/workspace/arm_ws/install/simple_robot_keyboard_controller:/home/robosight/workspace/arm_ws/install/simple_robot_driver:/home/robosight/workspace/arm_ws/install/simple_controller:/home/robosight/workspace/arm_ws/install/rpi_joint_jogger:/opt/ros/humble /usr/bin/cmake --build /home/robosight/workspace/arm_ws/build/kuka_kr6_support -- -j8 -l8
[0.864s] DEBUG:colcon.colcon_core.event_handler.log_command:Invoked command in '/home/robosight/workspace/arm_ws/build/kuka_kr6_support' returned '0': CMAKE_PREFIX_PATH=${CMAKE_PREFIX_PATH}:/home/robosight/workspace/arm_ws/install/simple_robot_keyboard_controller:/home/robosight/workspace/arm_ws/install/simple_robot_driver:/home/robosight/workspace/arm_ws/install/simple_controller:/home/robosight/workspace/arm_ws/install/rpi_joint_jogger:/opt/ros/humble /usr/bin/cmake --build /home/robosight/workspace/arm_ws/build/kuka_kr6_support -- -j8 -l8
[0.881s] DEBUG:colcon.colcon_core.event_handler.log_command:Invoking command in '/home/robosight/workspace/arm_ws/build/kuka_kr6_support': CMAKE_PREFIX_PATH=${CMAKE_PREFIX_PATH}:/home/robosight/workspace/arm_ws/install/simple_robot_keyboard_controller:/home/robosight/workspace/arm_ws/install/simple_robot_driver:/home/robosight/workspace/arm_ws/install/simple_controller:/home/robosight/workspace/arm_ws/install/rpi_joint_jogger:/opt/ros/humble /usr/bin/cmake --install /home/robosight/workspace/arm_ws/build/kuka_kr6_support
[0.890s] Level 1:colcon.colcon_core.environment:create_environment_scripts_only(kuka_kr6_support)
[0.890s] DEBUG:colcon.colcon_core.event_handler.log_command:Invoked command in '/home/robosight/workspace/arm_ws/build/kuka_kr6_support' returned '0': CMAKE_PREFIX_PATH=${CMAKE_PREFIX_PATH}:/home/robosight/workspace/arm_ws/install/simple_robot_keyboard_controller:/home/robosight/workspace/arm_ws/install/simple_robot_driver:/home/robosight/workspace/arm_ws/install/simple_controller:/home/robosight/workspace/arm_ws/install/rpi_joint_jogger:/opt/ros/humble /usr/bin/cmake --install /home/robosight/workspace/arm_ws/build/kuka_kr6_support
[0.893s] Level 1:colcon.colcon_core.environment:checking '/home/robosight/workspace/arm_ws/install/kuka_kr6_support' for CMake module files
[0.894s] Level 1:colcon.colcon_core.environment:checking '/home/robosight/workspace/arm_ws/install/kuka_kr6_support' for CMake config files
[0.894s] Level 1:colcon.colcon_core.shell:create_environment_hook('kuka_kr6_support', 'cmake_prefix_path')
[0.895s] INFO:colcon.colcon_core.shell:Creating environment descriptor '/home/robosight/workspace/arm_ws/install/kuka_kr6_support/share/kuka_kr6_support/hook/cmake_prefix_path.dsv'
[0.895s] INFO:colcon.colcon_core.shell:Creating environment hook '/home/robosight/workspace/arm_ws/install/kuka_kr6_support/share/kuka_kr6_support/hook/cmake_prefix_path.sh'
[0.896s] Level 1:colcon.colcon_core.environment:checking '/home/robosight/workspace/arm_ws/install/kuka_kr6_support/bin'
[0.896s] Level 1:colcon.colcon_core.environment:checking '/home/robosight/workspace/arm_ws/install/kuka_kr6_support/lib/pkgconfig/kuka_kr6_support.pc'
[0.896s] Level 1:colcon.colcon_core.environment:checking '/home/robosight/workspace/arm_ws/install/kuka_kr6_support/lib/python3.10/site-packages'
[0.896s] Level 1:colcon.colcon_core.environment:checking '/home/robosight/workspace/arm_ws/install/kuka_kr6_support/bin'
[0.897s] INFO:colcon.colcon_core.shell:Creating package descriptor '/home/robosight/workspace/arm_ws/install/kuka_kr6_support/share/kuka_kr6_support/package.dsv'
[0.898s] INFO:colcon.colcon_core.shell:Creating package script '/home/robosight/workspace/arm_ws/install/kuka_kr6_support/share/kuka_kr6_support/package.sh'
[0.898s] Level 1:colcon.colcon_core.environment:create_file_with_runtime_dependencies(/home/robosight/workspace/arm_ws/install/kuka_kr6_support/share/colcon-core/packages/kuka_kr6_support)
[0.915s] Level 1:colcon.colcon_core.environment:create_environment_scripts_only(kuka_kr6_support)
[0.917s] Level 1:colcon.colcon_core.environment:checking '/home/robosight/workspace/arm_ws/install/kuka_kr6_support' for CMake module files
[0.918s] Level 1:colcon.colcon_core.environment:checking '/home/robosight/workspace/arm_ws/install/kuka_kr6_support' for CMake config files
[0.918s] Level 1:colcon.colcon_core.shell:create_environment_hook('kuka_kr6_support', 'cmake_prefix_path')
[0.919s] INFO:colcon.colcon_core.shell:Creating environment descriptor '/home/robosight/workspace/arm_ws/install/kuka_kr6_support/share/kuka_kr6_support/hook/cmake_prefix_path.dsv'
[0.919s] INFO:colcon.colcon_core.shell:Creating environment hook '/home/robosight/workspace/arm_ws/install/kuka_kr6_support/share/kuka_kr6_support/hook/cmake_prefix_path.sh'
[0.920s] Level 1:colcon.colcon_core.environment:checking '/home/robosight/workspace/arm_ws/install/kuka_kr6_support/bin'
[0.920s] Level 1:colcon.colcon_core.environment:checking '/home/robosight/workspace/arm_ws/install/kuka_kr6_support/lib/pkgconfig/kuka_kr6_support.pc'
[0.920s] Level 1:colcon.colcon_core.environment:checking '/home/robosight/workspace/arm_ws/install/kuka_kr6_support/lib/python3.10/site-packages'
[0.920s] Level 1:colcon.colcon_core.environment:checking '/home/robosight/workspace/arm_ws/install/kuka_kr6_support/bin'
[0.921s] INFO:colcon.colcon_core.shell:Creating package descriptor '/home/robosight/workspace/arm_ws/install/kuka_kr6_support/share/kuka_kr6_support/package.dsv'
[0.922s] INFO:colcon.colcon_core.shell:Creating package script '/home/robosight/workspace/arm_ws/install/kuka_kr6_support/share/kuka_kr6_support/package.sh'
[0.922s] Level 1:colcon.colcon_core.environment:create_file_with_runtime_dependencies(/home/robosight/workspace/arm_ws/install/kuka_kr6_support/share/colcon-core/packages/kuka_kr6_support)
[0.922s] DEBUG:colcon.colcon_core.executor.sequential:run_until_complete 'kuka_kr6_support' finished with '0'
[0.922s] DEBUG:colcon.colcon_core.executor.sequential:run_until_complete 'kuka_resources'
[0.922s] INFO:colcon.colcon_ros.task.ament_cmake.build:Building ROS package in '/home/robosight/workspace/arm_ws/src/kuka_resources' with build type 'ament_cmake'
[0.923s] INFO:colcon.colcon_cmake.task.cmake.build:Building CMake package in '/home/robosight/workspace/arm_ws/src/kuka_resources'
[0.924s] DEBUG:colcon.colcon_core.shell:Skip shell extension 'dsv' for command environment
[0.930s] DEBUG:colcon.colcon_core.event_handler.log_command:Invoking command in '/home/robosight/workspace/arm_ws/build/kuka_resources': CMAKE_PREFIX_PATH=${CMAKE_PREFIX_PATH}:/home/robosight/workspace/arm_ws/install/simple_robot_keyboard_controller:/home/robosight/workspace/arm_ws/install/simple_robot_driver:/home/robosight/workspace/arm_ws/install/simple_controller:/home/robosight/workspace/arm_ws/install/rpi_joint_jogger:/opt/ros/humble /usr/bin/cmake --build /home/robosight/workspace/arm_ws/build/kuka_resources -- -j8 -l8
[0.961s] DEBUG:colcon.colcon_core.event_handler.log_command:Invoked command in '/home/robosight/workspace/arm_ws/build/kuka_resources' returned '0': CMAKE_PREFIX_PATH=${CMAKE_PREFIX_PATH}:/home/robosight/workspace/arm_ws/install/simple_robot_keyboard_controller:/home/robosight/workspace/arm_ws/install/simple_robot_driver:/home/robosight/workspace/arm_ws/install/simple_controller:/home/robosight/workspace/arm_ws/install/rpi_joint_jogger:/opt/ros/humble /usr/bin/cmake --build /home/robosight/workspace/arm_ws/build/kuka_resources -- -j8 -l8
[0.977s] DEBUG:colcon.colcon_core.event_handler.log_command:Invoking command in '/home/robosight/workspace/arm_ws/build/kuka_resources': CMAKE_PREFIX_PATH=${CMAKE_PREFIX_PATH}:/home/robosight/workspace/arm_ws/install/simple_robot_keyboard_controller:/home/robosight/workspace/arm_ws/install/simple_robot_driver:/home/robosight/workspace/arm_ws/install/simple_controller:/home/robosight/workspace/arm_ws/install/rpi_joint_jogger:/opt/ros/humble /usr/bin/cmake --install /home/robosight/workspace/arm_ws/build/kuka_resources
[0.984s] Level 1:colcon.colcon_core.environment:create_environment_scripts_only(kuka_resources)
[0.985s] DEBUG:colcon.colcon_core.event_handler.log_command:Invoked command in '/home/robosight/workspace/arm_ws/build/kuka_resources' returned '0': CMAKE_PREFIX_PATH=${CMAKE_PREFIX_PATH}:/home/robosight/workspace/arm_ws/install/simple_robot_keyboard_controller:/home/robosight/workspace/arm_ws/install/simple_robot_driver:/home/robosight/workspace/arm_ws/install/simple_controller:/home/robosight/workspace/arm_ws/install/rpi_joint_jogger:/opt/ros/humble /usr/bin/cmake --install /home/robosight/workspace/arm_ws/build/kuka_resources
[0.987s] Level 1:colcon.colcon_core.environment:checking '/home/robosight/workspace/arm_ws/install/kuka_resources' for CMake module files
[0.987s] Level 1:colcon.colcon_core.environment:checking '/home/robosight/workspace/arm_ws/install/kuka_resources' for CMake config files
[0.988s] Level 1:colcon.colcon_core.shell:create_environment_hook('kuka_resources', 'cmake_prefix_path')
[0.989s] INFO:colcon.colcon_core.shell:Creating environment descriptor '/home/robosight/workspace/arm_ws/install/kuka_resources/share/kuka_resources/hook/cmake_prefix_path.dsv'
[0.989s] INFO:colcon.colcon_core.shell:Creating environment hook '/home/robosight/workspace/arm_ws/install/kuka_resources/share/kuka_resources/hook/cmake_prefix_path.sh'
[0.989s] Level 1:colcon.colcon_core.environment:checking '/home/robosight/workspace/arm_ws/install/kuka_resources/bin'
[0.989s] Level 1:colcon.colcon_core.environment:checking '/home/robosight/workspace/arm_ws/install/kuka_resources/lib/pkgconfig/kuka_resources.pc'
[0.990s] Level 1:colcon.colcon_core.environment:checking '/home/robosight/workspace/arm_ws/install/kuka_resources/lib/python3.10/site-packages'
[0.990s] Level 1:colcon.colcon_core.environment:checking '/home/robosight/workspace/arm_ws/install/kuka_resources/bin'
[0.991s] INFO:colcon.colcon_core.shell:Creating package descriptor '/home/robosight/workspace/arm_ws/install/kuka_resources/share/kuka_resources/package.dsv'
[0.991s] INFO:colcon.colcon_core.shell:Creating package script '/home/robosight/workspace/arm_ws/install/kuka_resources/share/kuka_resources/package.sh'
[0.992s] Level 1:colcon.colcon_core.environment:create_file_with_runtime_dependencies(/home/robosight/workspace/arm_ws/install/kuka_resources/share/colcon-core/packages/kuka_resources)
[1.008s] Level 1:colcon.colcon_core.environment:create_environment_scripts_only(kuka_resources)
[1.010s] Level 1:colcon.colcon_core.environment:checking '/home/robosight/workspace/arm_ws/install/kuka_resources' for CMake module files
[1.011s] Level 1:colcon.colcon_core.environment:checking '/home/robosight/workspace/arm_ws/install/kuka_resources' for CMake config files
[1.011s] Level 1:colcon.colcon_core.shell:create_environment_hook('kuka_resources', 'cmake_prefix_path')
[1.012s] INFO:colcon.colcon_core.shell:Creating environment descriptor '/home/robosight/workspace/arm_ws/install/kuka_resources/share/kuka_resources/hook/cmake_prefix_path.dsv'
[1.012s] INFO:colcon.colcon_core.shell:Creating environment hook '/home/robosight/workspace/arm_ws/install/kuka_resources/share/kuka_resources/hook/cmake_prefix_path.sh'
[1.013s] Level 1:colcon.colcon_core.environment:checking '/home/robosight/workspace/arm_ws/install/kuka_resources/bin'
[1.013s] Level 1:colcon.colcon_core.environment:checking '/home/robosight/workspace/arm_ws/install/kuka_resources/lib/pkgconfig/kuka_resources.pc'
[1.013s] Level 1:colcon.colcon_core.environment:checking '/home/robosight/workspace/arm_ws/install/kuka_resources/lib/python3.10/site-packages'
[1.013s] Level 1:colcon.colcon_core.environment:checking '/home/robosight/workspace/arm_ws/install/kuka_resources/bin'
[1.014s] INFO:colcon.colcon_core.shell:Creating package descriptor '/home/robosight/workspace/arm_ws/install/kuka_resources/share/kuka_resources/package.dsv'
[1.015s] INFO:colcon.colcon_core.shell:Creating package script '/home/robosight/workspace/arm_ws/install/kuka_resources/share/kuka_resources/package.sh'
[1.015s] Level 1:colcon.colcon_core.environment:create_file_with_runtime_dependencies(/home/robosight/workspace/arm_ws/install/kuka_resources/share/colcon-core/packages/kuka_resources)
[1.016s] DEBUG:colcon.colcon_core.executor.sequential:run_until_complete 'kuka_resources' finished with '0'
[1.016s] DEBUG:colcon.colcon_core.executor.sequential:run_until_complete 'rpi_joint_jogger'
[1.016s] INFO:colcon.colcon_ros.task.ament_python.build:Building ROS package in '/home/robosight/workspace/arm_ws/src/rpi_joint_jogger' with build type 'ament_python'
[1.016s] Level 1:colcon.colcon_core.shell:create_environment_hook('rpi_joint_jogger', 'ament_prefix_path')
[1.017s] INFO:colcon.colcon_core.shell:Creating environment descriptor '/home/robosight/workspace/arm_ws/install/rpi_joint_jogger/share/rpi_joint_jogger/hook/ament_prefix_path.dsv'
[1.017s] INFO:colcon.colcon_core.shell:Creating environment hook '/home/robosight/workspace/arm_ws/install/rpi_joint_jogger/share/rpi_joint_jogger/hook/ament_prefix_path.sh'
[1.019s] DEBUG:colcon.colcon_core.shell:Skip shell extension 'dsv' for command environment
[1.353s] INFO:colcon.colcon_core.task.python.build:Building Python package in '/home/robosight/workspace/arm_ws/src/rpi_joint_jogger'
[1.354s] DEBUG:colcon.colcon_core.shell:Skip shell extension 'dsv' for command environment
[1.774s] DEBUG:colcon.colcon_core.event_handler.log_command:Invoking command in '/home/robosight/workspace/arm_ws/src/rpi_joint_jogger': PYTHONPATH=/home/robosight/workspace/arm_ws/install/rpi_joint_jogger/lib/python3.10/site-packages:${PYTHONPATH} /usr/bin/python3 setup.py egg_info --egg-base ../../build/rpi_joint_jogger build --build-base /home/robosight/workspace/arm_ws/build/rpi_joint_jogger/build install --prefix /home/robosight/workspace/arm_ws/install/rpi_joint_jogger --record /home/robosight/workspace/arm_ws/build/rpi_joint_jogger/install.log --single-version-externally-managed
[2.231s] Level 1:colcon.colcon_core.environment:checking '/home/robosight/workspace/arm_ws/install/rpi_joint_jogger' for CMake module files
[2.231s] DEBUG:colcon.colcon_core.event_handler.log_command:Invoked command in '/home/robosight/workspace/arm_ws/src/rpi_joint_jogger' returned '0': PYTHONPATH=/home/robosight/workspace/arm_ws/install/rpi_joint_jogger/lib/python3.10/site-packages:${PYTHONPATH} /usr/bin/python3 setup.py egg_info --egg-base ../../build/rpi_joint_jogger build --build-base /home/robosight/workspace/arm_ws/build/rpi_joint_jogger/build install --prefix /home/robosight/workspace/arm_ws/install/rpi_joint_jogger --record /home/robosight/workspace/arm_ws/build/rpi_joint_jogger/install.log --single-version-externally-managed
[2.232s] Level 1:colcon.colcon_core.environment:checking '/home/robosight/workspace/arm_ws/install/rpi_joint_jogger' for CMake config files
[2.233s] Level 1:colcon.colcon_core.environment:checking '/home/robosight/workspace/arm_ws/install/rpi_joint_jogger/lib'
[2.233s] Level 1:colcon.colcon_core.environment:checking '/home/robosight/workspace/arm_ws/install/rpi_joint_jogger/bin'
[2.233s] Level 1:colcon.colcon_core.environment:checking '/home/robosight/workspace/arm_ws/install/rpi_joint_jogger/lib/pkgconfig/rpi_joint_jogger.pc'
[2.234s] Level 1:colcon.colcon_core.environment:checking '/home/robosight/workspace/arm_ws/install/rpi_joint_jogger/lib/python3.10/site-packages'
[2.234s] Level 1:colcon.colcon_core.shell:create_environment_hook('rpi_joint_jogger', 'pythonpath')
[2.236s] INFO:colcon.colcon_core.shell:Creating environment descriptor '/home/robosight/workspace/arm_ws/install/rpi_joint_jogger/share/rpi_joint_jogger/hook/pythonpath.dsv'
[2.236s] INFO:colcon.colcon_core.shell:Creating environment hook '/home/robosight/workspace/arm_ws/install/rpi_joint_jogger/share/rpi_joint_jogger/hook/pythonpath.sh'
[2.238s] Level 1:colcon.colcon_core.environment:checking '/home/robosight/workspace/arm_ws/install/rpi_joint_jogger/bin'
[2.238s] Level 1:colcon.colcon_core.environment:create_environment_scripts_only(rpi_joint_jogger)
[2.240s] INFO:colcon.colcon_core.shell:Creating package descriptor '/home/robosight/workspace/arm_ws/install/rpi_joint_jogger/share/rpi_joint_jogger/package.dsv'
[2.241s] INFO:colcon.colcon_core.shell:Creating package script '/home/robosight/workspace/arm_ws/install/rpi_joint_jogger/share/rpi_joint_jogger/package.sh'
[2.241s] Level 1:colcon.colcon_core.environment:create_file_with_runtime_dependencies(/home/robosight/workspace/arm_ws/install/rpi_joint_jogger/share/colcon-core/packages/rpi_joint_jogger)
[2.242s] DEBUG:colcon.colcon_core.executor.sequential:run_until_complete 'rpi_joint_jogger' finished with '0'
[2.242s] DEBUG:colcon.colcon_core.executor.sequential:run_until_complete 'simple_robot_keyboard_controller'
[2.242s] INFO:colcon.colcon_ros.task.ament_python.build:Building ROS package in '/home/robosight/workspace/arm_ws/src/simple_robot_keyboard_controller' with build type 'ament_python'
[2.242s] Level 1:colcon.colcon_core.shell:create_environment_hook('simple_robot_keyboard_controller', 'ament_prefix_path')
[2.244s] INFO:colcon.colcon_core.shell:Creating environment descriptor '/home/robosight/workspace/arm_ws/install/simple_robot_keyboard_controller/share/simple_robot_keyboard_controller/hook/ament_prefix_path.dsv'
[2.244s] INFO:colcon.colcon_core.shell:Creating environment hook '/home/robosight/workspace/arm_ws/install/simple_robot_keyboard_controller/share/simple_robot_keyboard_controller/hook/ament_prefix_path.sh'
[2.246s] DEBUG:colcon.colcon_core.shell:Skip shell extension 'dsv' for command environment
[2.564s] INFO:colcon.colcon_core.task.python.build:Building Python package in '/home/robosight/workspace/arm_ws/src/simple_robot_keyboard_controller'
[2.565s] DEBUG:colcon.colcon_core.shell:Skip shell extension 'dsv' for command environment
[2.919s] DEBUG:colcon.colcon_core.event_handler.log_command:Invoking command in '/home/robosight/workspace/arm_ws/src/simple_robot_keyboard_controller': PYTHONPATH=/home/robosight/workspace/arm_ws/install/simple_robot_keyboard_controller/lib/python3.10/site-packages:${PYTHONPATH} /usr/bin/python3 setup.py egg_info --egg-base ../../build/simple_robot_keyboard_controller build --build-base /home/robosight/workspace/arm_ws/build/simple_robot_keyboard_controller/build install --prefix /home/robosight/workspace/arm_ws/install/simple_robot_keyboard_controller --record /home/robosight/workspace/arm_ws/build/simple_robot_keyboard_controller/install.log --single-version-externally-managed
[3.270s] Level 1:colcon.colcon_core.environment:checking '/home/robosight/workspace/arm_ws/install/simple_robot_keyboard_controller' for CMake module files
[3.271s] DEBUG:colcon.colcon_core.event_handler.log_command:Invoked command in '/home/robosight/workspace/arm_ws/src/simple_robot_keyboard_controller' returned '0': PYTHONPATH=/home/robosight/workspace/arm_ws/install/simple_robot_keyboard_controller/lib/python3.10/site-packages:${PYTHONPATH} /usr/bin/python3 setup.py egg_info --egg-base ../../build/simple_robot_keyboard_controller build --build-base /home/robosight/workspace/arm_ws/build/simple_robot_keyboard_controller/build install --prefix /home/robosight/workspace/arm_ws/install/simple_robot_keyboard_controller --record /home/robosight/workspace/arm_ws/build/simple_robot_keyboard_controller/install.log --single-version-externally-managed
[3.271s] Level 1:colcon.colcon_core.environment:checking '/home/robosight/workspace/arm_ws/install/simple_robot_keyboard_controller' for CMake config files
[3.271s] Level 1:colcon.colcon_core.environment:checking '/home/robosight/workspace/arm_ws/install/simple_robot_keyboard_controller/lib'
[3.272s] Level 1:colcon.colcon_core.environment:checking '/home/robosight/workspace/arm_ws/install/simple_robot_keyboard_controller/bin'
[3.272s] Level 1:colcon.colcon_core.environment:checking '/home/robosight/workspace/arm_ws/install/simple_robot_keyboard_controller/lib/pkgconfig/simple_robot_keyboard_controller.pc'
[3.272s] Level 1:colcon.colcon_core.environment:checking '/home/robosight/workspace/arm_ws/install/simple_robot_keyboard_controller/lib/python3.10/site-packages'
[3.272s] Level 1:colcon.colcon_core.shell:create_environment_hook('simple_robot_keyboard_controller', 'pythonpath')
[3.273s] INFO:colcon.colcon_core.shell:Creating environment descriptor '/home/robosight/workspace/arm_ws/install/simple_robot_keyboard_controller/share/simple_robot_keyboard_controller/hook/pythonpath.dsv'
[3.273s] INFO:colcon.colcon_core.shell:Creating environment hook '/home/robosight/workspace/arm_ws/install/simple_robot_keyboard_controller/share/simple_robot_keyboard_controller/hook/pythonpath.sh'
[3.274s] Level 1:colcon.colcon_core.environment:checking '/home/robosight/workspace/arm_ws/install/simple_robot_keyboard_controller/bin'
[3.274s] Level 1:colcon.colcon_core.environment:create_environment_scripts_only(simple_robot_keyboard_controller)
[3.275s] INFO:colcon.colcon_core.shell:Creating package descriptor '/home/robosight/workspace/arm_ws/install/simple_robot_keyboard_controller/share/simple_robot_keyboard_controller/package.dsv'
[3.275s] INFO:colcon.colcon_core.shell:Creating package script '/home/robosight/workspace/arm_ws/install/simple_robot_keyboard_controller/share/simple_robot_keyboard_controller/package.sh'
[3.276s] Level 1:colcon.colcon_core.environment:create_file_with_runtime_dependencies(/home/robosight/workspace/arm_ws/install/simple_robot_keyboard_controller/share/colcon-core/packages/simple_robot_keyboard_controller)
[3.276s] DEBUG:colcon.colcon_core.executor.sequential:run_until_complete 'simple_robot_keyboard_controller' finished with '0'
[3.276s] DEBUG:colcon.colcon_core.executor.sequential:run_until_complete 'simple_controller'
[3.276s] INFO:colcon.colcon_ros.task.ament_python.build:Building ROS package in '/home/robosight/workspace/arm_ws/src/simple_controller' with build type 'ament_python'
[3.277s] Level 1:colcon.colcon_core.shell:create_environment_hook('simple_controller', 'ament_prefix_path')
[3.277s] INFO:colcon.colcon_core.shell:Creating environment descriptor '/home/robosight/workspace/arm_ws/install/simple_controller/share/simple_controller/hook/ament_prefix_path.dsv'
[3.278s] INFO:colcon.colcon_core.shell:Creating environment hook '/home/robosight/workspace/arm_ws/install/simple_controller/share/simple_controller/hook/ament_prefix_path.sh'
[3.279s] DEBUG:colcon.colcon_core.shell:Skip shell extension 'dsv' for command environment
[3.569s] INFO:colcon.colcon_core.task.python.build:Building Python package in '/home/robosight/workspace/arm_ws/src/simple_controller'
[3.571s] DEBUG:colcon.colcon_core.shell:Skip shell extension 'dsv' for command environment
[3.896s] DEBUG:colcon.colcon_core.event_handler.log_command:Invoking command in '/home/robosight/workspace/arm_ws/src/simple_controller': CMAKE_PREFIX_PATH=/home/robosight/workspace/arm_ws/install/control_interfaces:/home/robosight/workspace/arm_ws/install/kuka_resources:/home/robosight/workspace/arm_ws/install/kuka_kr6_support PYTHONPATH=/home/robosight/workspace/arm_ws/install/simple_controller/lib/python3.10/site-packages:${PYTHONPATH} /usr/bin/python3 setup.py egg_info --egg-base ../../build/simple_controller build --build-base /home/robosight/workspace/arm_ws/build/simple_controller/build install --prefix /home/robosight/workspace/arm_ws/install/simple_controller --record /home/robosight/workspace/arm_ws/build/simple_controller/install.log --single-version-externally-managed
[4.215s] Level 1:colcon.colcon_core.environment:checking '/home/robosight/workspace/arm_ws/install/simple_controller' for CMake module files
[4.216s] DEBUG:colcon.colcon_core.event_handler.log_command:Invoked command in '/home/robosight/workspace/arm_ws/src/simple_controller' returned '0': CMAKE_PREFIX_PATH=/home/robosight/workspace/arm_ws/install/control_interfaces:/home/robosight/workspace/arm_ws/install/kuka_resources:/home/robosight/workspace/arm_ws/install/kuka_kr6_support PYTHONPATH=/home/robosight/workspace/arm_ws/install/simple_controller/lib/python3.10/site-packages:${PYTHONPATH} /usr/bin/python3 setup.py egg_info --egg-base ../../build/simple_controller build --build-base /home/robosight/workspace/arm_ws/build/simple_controller/build install --prefix /home/robosight/workspace/arm_ws/install/simple_controller --record /home/robosight/workspace/arm_ws/build/simple_controller/install.log --single-version-externally-managed
[4.216s] Level 1:colcon.colcon_core.environment:checking '/home/robosight/workspace/arm_ws/install/simple_controller' for CMake config files
[4.217s] Level 1:colcon.colcon_core.environment:checking '/home/robosight/workspace/arm_ws/install/simple_controller/lib'
[4.217s] Level 1:colcon.colcon_core.environment:checking '/home/robosight/workspace/arm_ws/install/simple_controller/bin'
[4.217s] Level 1:colcon.colcon_core.environment:checking '/home/robosight/workspace/arm_ws/install/simple_controller/lib/pkgconfig/simple_controller.pc'
[4.217s] Level 1:colcon.colcon_core.environment:checking '/home/robosight/workspace/arm_ws/install/simple_controller/lib/python3.10/site-packages'
[4.218s] Level 1:colcon.colcon_core.shell:create_environment_hook('simple_controller', 'pythonpath')
[4.219s] INFO:colcon.colcon_core.shell:Creating environment descriptor '/home/robosight/workspace/arm_ws/install/simple_controller/share/simple_controller/hook/pythonpath.dsv'
[4.220s] INFO:colcon.colcon_core.shell:Creating environment hook '/home/robosight/workspace/arm_ws/install/simple_controller/share/simple_controller/hook/pythonpath.sh'
[4.220s] Level 1:colcon.colcon_core.environment:checking '/home/robosight/workspace/arm_ws/install/simple_controller/bin'
[4.220s] Level 1:colcon.colcon_core.environment:create_environment_scripts_only(simple_controller)
[4.222s] INFO:colcon.colcon_core.shell:Creating package descriptor '/home/robosight/workspace/arm_ws/install/simple_controller/share/simple_controller/package.dsv'
[4.222s] INFO:colcon.colcon_core.shell:Creating package script '/home/robosight/workspace/arm_ws/install/simple_controller/share/simple_controller/package.sh'
[4.223s] Level 1:colcon.colcon_core.environment:create_file_with_runtime_dependencies(/home/robosight/workspace/arm_ws/install/simple_controller/share/colcon-core/packages/simple_controller)
[4.223s] DEBUG:colcon.colcon_core.executor.sequential:run_until_complete 'simple_controller' finished with '0'
[4.223s] DEBUG:colcon.colcon_core.executor.sequential:run_until_complete 'simple_robot_driver'
[4.224s] INFO:colcon.colcon_ros.task.ament_python.build:Building ROS package in '/home/robosight/workspace/arm_ws/src/simple_robot_driver' with build type 'ament_python'
[4.224s] Level 1:colcon.colcon_core.shell:create_environment_hook('simple_robot_driver', 'ament_prefix_path')
[4.225s] INFO:colcon.colcon_core.shell:Creating environment descriptor '/home/robosight/workspace/arm_ws/install/simple_robot_driver/share/simple_robot_driver/hook/ament_prefix_path.dsv'
[4.225s] INFO:colcon.colcon_core.shell:Creating environment hook '/home/robosight/workspace/arm_ws/install/simple_robot_driver/share/simple_robot_driver/hook/ament_prefix_path.sh'
[4.227s] DEBUG:colcon.colcon_core.shell:Skip shell extension 'dsv' for command environment
[4.493s] INFO:colcon.colcon_core.task.python.build:Building Python package in '/home/robosight/workspace/arm_ws/src/simple_robot_driver'
[4.494s] DEBUG:colcon.colcon_core.shell:Skip shell extension 'dsv' for command environment
[4.818s] DEBUG:colcon.colcon_core.event_handler.log_command:Invoking command in '/home/robosight/workspace/arm_ws/src/simple_robot_driver': CMAKE_PREFIX_PATH=/home/robosight/workspace/arm_ws/install/control_interfaces:/home/robosight/workspace/arm_ws/install/kuka_resources:/home/robosight/workspace/arm_ws/install/kuka_kr6_support PYTHONPATH=/home/robosight/workspace/arm_ws/install/simple_robot_driver/lib/python3.10/site-packages:${PYTHONPATH} /usr/bin/python3 setup.py egg_info --egg-base ../../build/simple_robot_driver build --build-base /home/robosight/workspace/arm_ws/build/simple_robot_driver/build install --prefix /home/robosight/workspace/arm_ws/install/simple_robot_driver --record /home/robosight/workspace/arm_ws/build/simple_robot_driver/install.log --single-version-externally-managed
[5.144s] Level 1:colcon.colcon_core.environment:checking '/home/robosight/workspace/arm_ws/install/simple_robot_driver' for CMake module files
[5.144s] DEBUG:colcon.colcon_core.event_handler.log_command:Invoked command in '/home/robosight/workspace/arm_ws/src/simple_robot_driver' returned '0': CMAKE_PREFIX_PATH=/home/robosight/workspace/arm_ws/install/control_interfaces:/home/robosight/workspace/arm_ws/install/kuka_resources:/home/robosight/workspace/arm_ws/install/kuka_kr6_support PYTHONPATH=/home/robosight/workspace/arm_ws/install/simple_robot_driver/lib/python3.10/site-packages:${PYTHONPATH} /usr/bin/python3 setup.py egg_info --egg-base ../../build/simple_robot_driver build --build-base /home/robosight/workspace/arm_ws/build/simple_robot_driver/build install --prefix /home/robosight/workspace/arm_ws/install/simple_robot_driver --record /home/robosight/workspace/arm_ws/build/simple_robot_driver/install.log --single-version-externally-managed
[5.145s] Level 1:colcon.colcon_core.environment:checking '/home/robosight/workspace/arm_ws/install/simple_robot_driver' for CMake config files
[5.145s] Level 1:colcon.colcon_core.environment:checking '/home/robosight/workspace/arm_ws/install/simple_robot_driver/lib'
[5.146s] Level 1:colcon.colcon_core.environment:checking '/home/robosight/workspace/arm_ws/install/simple_robot_driver/bin'
[5.146s] Level 1:colcon.colcon_core.environment:checking '/home/robosight/workspace/arm_ws/install/simple_robot_driver/lib/pkgconfig/simple_robot_driver.pc'
[5.146s] Level 1:colcon.colcon_core.environment:checking '/home/robosight/workspace/arm_ws/install/simple_robot_driver/lib/python3.10/site-packages'
[5.146s] Level 1:colcon.colcon_core.shell:create_environment_hook('simple_robot_driver', 'pythonpath')
[5.147s] INFO:colcon.colcon_core.shell:Creating environment descriptor '/home/robosight/workspace/arm_ws/install/simple_robot_driver/share/simple_robot_driver/hook/pythonpath.dsv'
[5.147s] INFO:colcon.colcon_core.shell:Creating environment hook '/home/robosight/workspace/arm_ws/install/simple_robot_driver/share/simple_robot_driver/hook/pythonpath.sh'
[5.148s] Level 1:colcon.colcon_core.environment:checking '/home/robosight/workspace/arm_ws/install/simple_robot_driver/bin'
[5.148s] Level 1:colcon.colcon_core.environment:create_environment_scripts_only(simple_robot_driver)
[5.149s] INFO:colcon.colcon_core.shell:Creating package descriptor '/home/robosight/workspace/arm_ws/install/simple_robot_driver/share/simple_robot_driver/package.dsv'
[5.149s] INFO:colcon.colcon_core.shell:Creating package script '/home/robosight/workspace/arm_ws/install/simple_robot_driver/share/simple_robot_driver/package.sh'
[5.149s] Level 1:colcon.colcon_core.environment:create_file_with_runtime_dependencies(/home/robosight/workspace/arm_ws/install/simple_robot_driver/share/colcon-core/packages/simple_robot_driver)
[5.150s] DEBUG:colcon.colcon_core.executor.sequential:run_until_complete 'simple_robot_driver' finished with '0'
[5.150s] DEBUG:colcon.colcon_core.executor.sequential:closing loop
[5.150s] DEBUG:colcon.colcon_core.executor.sequential:loop closed
[5.150s] DEBUG:colcon.colcon_core.event_reactor:joining thread
[5.150s] DEBUG:colcon.colcon_core.event_reactor:joined thread
[5.151s] INFO:colcon.colcon_core.shell:Creating prefix script '/home/robosight/workspace/arm_ws/install/local_setup.sh'
[5.151s] INFO:colcon.colcon_core.shell:Creating prefix util module '/home/robosight/workspace/arm_ws/install/_local_setup_util_sh.py'
[5.153s] INFO:colcon.colcon_core.shell:Creating prefix chain script '/home/robosight/workspace/arm_ws/install/setup.sh'
